#
# There is insufficient memory for the Java Runtime Environment to continue.
# Native memory allocation (mmap) failed to map 262144 bytes for committing reserved memory.
# Possible reasons:
#   The system is out of physical RAM or swap space
#   In 32 bit mode, the process size limit was hit
# Possible solutions:
#   Reduce memory load on the system
#   Increase physical memory or swap space
#   Check if swap backing store is full
#   Use 64 bit Java on a 64 bit OS
#   Decrease Java heap size (-Xmx/-Xms)
#   Decrease number of Java threads
#   Decrease Java thread stack sizes (-Xss)
#   Set larger code cache with -XX:ReservedCodeCacheSize=
# This output file may be truncated or incomplete.
#
#  Out of Memory Error (os_linux.cpp:2627), pid=5029, tid=0x00007ff011cfc700
#
# JRE version: OpenJDK Runtime Environment (8.0_112-b15) (build 1.8.0_112-b15)
# Java VM: OpenJDK 64-Bit Server VM (25.112-b15 mixed mode linux-amd64 compressed oops)
# Core dump written. Default location: /home/bhagat/AndroidStudioProjects/Finalyear/app/core or core.5029
#

---------------  T H R E A D  ---------------

Current thread (0x00007ff028139000):  JavaThread "pool-2-thread-4" [_thread_in_vm, id=5122, stack(0x00007ff011bfc000,0x00007ff011cfd000)]

Stack: [0x00007ff011bfc000,0x00007ff011cfd000],  sp=0x00007ff011cfaab0,  free space=1018k
Native frames: (J=compiled Java code, j=interpreted, Vv=VM code, C=native code)
V  [libjvm.so+0xa2cb3b]
V  [libjvm.so+0x4b2057]
V  [libjvm.so+0x885d40]
V  [libjvm.so+0x880a7f]
V  [libjvm.so+0xa29834]
V  [libjvm.so+0x807e57]
V  [libjvm.so+0x80805a]
V  [libjvm.so+0x808e16]
V  [libjvm.so+0x808f93]
V  [libjvm.so+0x80a68b]
V  [libjvm.so+0x80a7f7]
V  [libjvm.so+0x82cfa9]
V  [libjvm.so+0x812d35]
V  [libjvm.so+0x2ac0a9]
V  [libjvm.so+0x94e525]
V  [libjvm.so+0x639a25]
V  [libjvm.so+0x63a096]
j  com.android.dx.ssa.SCCP.simulateStmt(Lcom/android/dx/ssa/SsaInsn;)V+0
j  com.android.dx.ssa.SCCP.run()V+205
j  com.android.dx.ssa.SCCP.process(Lcom/android/dx/ssa/SsaMethod;)V+8
j  com.android.dx.ssa.Optimizer.runSsaFormSteps(Lcom/android/dx/ssa/SsaMethod;Ljava/util/EnumSet;)V+27
j  com.android.dx.ssa.Optimizer.optimize(Lcom/android/dx/rop/code/RopMethod;IZZLcom/android/dx/rop/code/TranslationAdvice;Ljava/util/EnumSet;)Lcom/android/dx/rop/code/RopMethod;+24
j  com.android.dx.ssa.Optimizer.optimize(Lcom/android/dx/rop/code/RopMethod;IZZLcom/android/dx/rop/code/TranslationAdvice;)Lcom/android/dx/rop/code/RopMethod;+11
j  com.android.dx.dex.cf.CfTranslator.processMethods(Lcom/android/dx/cf/direct/DirectClassFile;Lcom/android/dx/dex/cf/CfOptions;Lcom/android/dx/dex/DexOptions;Lcom/android/dx/dex/file/ClassDefItem;Lcom/android/dx/dex/file/DexFile;)V+265
j  com.android.dx.dex.cf.CfTranslator.translate0(Lcom/android/dx/cf/direct/DirectClassFile;[BLcom/android/dx/dex/cf/CfOptions;Lcom/android/dx/dex/DexOptions;Lcom/android/dx/dex/file/DexFile;)Lcom/android/dx/dex/file/ClassDefItem;+120
j  com.android.dx.dex.cf.CfTranslator.translate(Lcom/android/dx/cf/direct/DirectClassFile;[BLcom/android/dx/dex/cf/CfOptions;Lcom/android/dx/dex/DexOptions;Lcom/android/dx/dex/file/DexFile;)Lcom/android/dx/dex/file/ClassDefItem;+6
j  com.android.dx.command.dexer.Main.translateClass([BLcom/android/dx/cf/direct/DirectClassFile;)Lcom/android/dx/dex/file/ClassDefItem;+17
j  com.android.dx.command.dexer.Main.access$2700([BLcom/android/dx/cf/direct/DirectClassFile;)Lcom/android/dx/dex/file/ClassDefItem;+2
j  com.android.dx.command.dexer.Main$ClassTranslatorTask.call()Lcom/android/dx/dex/file/ClassDefItem;+8
j  com.android.dx.command.dexer.Main$ClassTranslatorTask.call()Ljava/lang/Object;+1
j  java.util.concurrent.FutureTask.run()V+42
j  java.util.concurrent.ThreadPoolExecutor.runWorker(Ljava/util/concurrent/ThreadPoolExecutor$Worker;)V+95
j  java.util.concurrent.ThreadPoolExecutor$Worker.run()V+5
j  java.lang.Thread.run()V+11
v  ~StubRoutines::call_stub
V  [libjvm.so+0x644fe3]
V  [libjvm.so+0x642737]
V  [libjvm.so+0x642d07]
V  [libjvm.so+0x67f125]
V  [libjvm.so+0x9d341f]
V  [libjvm.so+0x9d37f5]
V  [libjvm.so+0x883612]
C  [libpthread.so.0+0x7454]  start_thread+0xc4

Java frames: (J=compiled Java code, j=interpreted, Vv=VM code)
j  com.android.dx.ssa.SCCP.simulateStmt(Lcom/android/dx/ssa/SsaInsn;)V+0
j  com.android.dx.ssa.SCCP.run()V+205
j  com.android.dx.ssa.SCCP.process(Lcom/android/dx/ssa/SsaMethod;)V+8
j  com.android.dx.ssa.Optimizer.runSsaFormSteps(Lcom/android/dx/ssa/SsaMethod;Ljava/util/EnumSet;)V+27
j  com.android.dx.ssa.Optimizer.optimize(Lcom/android/dx/rop/code/RopMethod;IZZLcom/android/dx/rop/code/TranslationAdvice;Ljava/util/EnumSet;)Lcom/android/dx/rop/code/RopMethod;+24
j  com.android.dx.ssa.Optimizer.optimize(Lcom/android/dx/rop/code/RopMethod;IZZLcom/android/dx/rop/code/TranslationAdvice;)Lcom/android/dx/rop/code/RopMethod;+11
j  com.android.dx.dex.cf.CfTranslator.processMethods(Lcom/android/dx/cf/direct/DirectClassFile;Lcom/android/dx/dex/cf/CfOptions;Lcom/android/dx/dex/DexOptions;Lcom/android/dx/dex/file/ClassDefItem;Lcom/android/dx/dex/file/DexFile;)V+265
j  com.android.dx.dex.cf.CfTranslator.translate0(Lcom/android/dx/cf/direct/DirectClassFile;[BLcom/android/dx/dex/cf/CfOptions;Lcom/android/dx/dex/DexOptions;Lcom/android/dx/dex/file/DexFile;)Lcom/android/dx/dex/file/ClassDefItem;+120
j  com.android.dx.dex.cf.CfTranslator.translate(Lcom/android/dx/cf/direct/DirectClassFile;[BLcom/android/dx/dex/cf/CfOptions;Lcom/android/dx/dex/DexOptions;Lcom/android/dx/dex/file/DexFile;)Lcom/android/dx/dex/file/ClassDefItem;+6
j  com.android.dx.command.dexer.Main.translateClass([BLcom/android/dx/cf/direct/DirectClassFile;)Lcom/android/dx/dex/file/ClassDefItem;+17
j  com.android.dx.command.dexer.Main.access$2700([BLcom/android/dx/cf/direct/DirectClassFile;)Lcom/android/dx/dex/file/ClassDefItem;+2
j  com.android.dx.command.dexer.Main$ClassTranslatorTask.call()Lcom/android/dx/dex/file/ClassDefItem;+8
j  com.android.dx.command.dexer.Main$ClassTranslatorTask.call()Ljava/lang/Object;+1
j  java.util.concurrent.FutureTask.run()V+42
j  java.util.concurrent.ThreadPoolExecutor.runWorker(Ljava/util/concurrent/ThreadPoolExecutor$Worker;)V+95
j  java.util.concurrent.ThreadPoolExecutor$Worker.run()V+5
j  java.lang.Thread.run()V+11
v  ~StubRoutines::call_stub

---------------  P R O C E S S  ---------------

Java Threads: ( => current thread )
=>0x00007ff028139000 JavaThread "pool-2-thread-4" [_thread_in_vm, id=5122, stack(0x00007ff011bfc000,0x00007ff011cfd000)]
  0x00007ff028137800 JavaThread "pool-2-thread-3" [_thread_blocked, id=5120, stack(0x00007ff011cfd000,0x00007ff011dfe000)]
  0x00007ff028135800 JavaThread "pool-2-thread-2" [_thread_blocked, id=5115, stack(0x00007ff011dfe000,0x00007ff011eff000)]
  0x00007ff02812e800 JavaThread "pool-3-thread-1" [_thread_blocked, id=5114, stack(0x00007ff011eff000,0x00007ff012000000)]
  0x00007ff02812d800 JavaThread "pool-2-thread-1" [_thread_in_vm, id=5113, stack(0x00007ff01805a000,0x00007ff01815b000)]
  0x00007ff0280bf800 JavaThread "Service Thread" daemon [_thread_blocked, id=5096, stack(0x00007ff01825c000,0x00007ff01835d000)]
  0x00007ff0280bc800 JavaThread "C1 CompilerThread2" daemon [_thread_blocked, id=5095, stack(0x00007ff01835d000,0x00007ff01845e000)]
  0x00007ff0280ba800 JavaThread "C2 CompilerThread1" daemon [_thread_blocked, id=5094, stack(0x00007ff01845e000,0x00007ff01855f000)]
  0x00007ff0280b8000 JavaThread "C2 CompilerThread0" daemon [_thread_blocked, id=5089, stack(0x00007ff01855f000,0x00007ff018660000)]
  0x00007ff0280b6800 JavaThread "Signal Dispatcher" daemon [_thread_blocked, id=5086, stack(0x00007ff018660000,0x00007ff018761000)]
  0x00007ff028083800 JavaThread "Finalizer" daemon [_thread_blocked, id=5077, stack(0x00007ff0188f9000,0x00007ff0189fa000)]
  0x00007ff02807f000 JavaThread "Reference Handler" daemon [_thread_blocked, id=5074, stack(0x00007ff0189fa000,0x00007ff018afb000)]
  0x00007ff02800a000 JavaThread "main" [_thread_blocked, id=5047, stack(0x00007ff0312c8000,0x00007ff0313c9000)]

Other Threads:
  0x00007ff028077800 VMThread [stack: 0x00007ff018afb000,0x00007ff018bfc000] [id=5069]
  0x00007ff0280c2000 WatcherThread [stack: 0x00007ff01815b000,0x00007ff01825c000] [id=5102]

VM state:synchronizing (normal execution)

VM Mutex/Monitor currently owned by a thread:  ([mutex/lock_event])
[0x00007ff0280065a0] Threads_lock - owner thread: 0x00007ff028077800
[0x00007ff028007020] MethodData_lock - owner thread: 0x00007ff028139000

Heap:
 PSYoungGen      total 18432K, used 12014K [0x00000000eab00000, 0x00000000ebf80000, 0x0000000100000000)
  eden space 15872K, 75% used [0x00000000eab00000,0x00000000eb6bbab0,0x00000000eba80000)
  from space 2560K, 0% used [0x00000000ebd00000,0x00000000ebd00000,0x00000000ebf80000)
  to   space 2560K, 0% used [0x00000000eba80000,0x00000000eba80000,0x00000000ebd00000)
 ParOldGen       total 42496K, used 0K [0x00000000c0000000, 0x00000000c2980000, 0x00000000eab00000)
  object space 42496K, 0% used [0x00000000c0000000,0x00000000c0000000,0x00000000c2980000)
 Metaspace       used 5338K, capacity 6448K, committed 6528K, reserved 1056768K
  class space    used 571K, capacity 616K, committed 640K, reserved 1048576K

Card table byte_map: [0x00007ff02dd90000,0x00007ff02df91000] byte_map_base: 0x00007ff02d790000

Marking Bits: (ParMarkBitMap*) 0x00007ff0305dc260
 Begin Bits: [0x00007ff012000000, 0x00007ff013000000)
 End Bits:   [0x00007ff013000000, 0x00007ff014000000)

Polling page: 0x00007ff0313fb000

CodeCache: size=245760Kb used=2234Kb max_used=2246Kb free=243525Kb
 bounds [0x00007ff019000000, 0x00007ff019270000, 0x00007ff028000000]
 total_blobs=720 nmethods=459 adapters=176
 compilation: enabled

Compilation events (10 events):
Event: 11.066 Thread 0x00007ff0280bc800  466       3       com.android.dx.util.Bits::get (25 bytes)
Event: 11.066 Thread 0x00007ff0280bc800 nmethod 466 0x00007ff0192040d0 code [0x00007ff019204240, 0x00007ff019204410]
Event: 11.066 Thread 0x00007ff0280bc800  464       3       com.android.dx.rop.code.Insn::<init> (69 bytes)
Event: 11.066 Thread 0x00007ff0280bc800 nmethod 464 0x00007ff019203850 code [0x00007ff019203a00, 0x00007ff019203ee8]
Event: 11.066 Thread 0x00007ff0280bc800  451       3       com.android.dx.cf.code.ByteOps::opInfo (6 bytes)
Event: 11.066 Thread 0x00007ff0280bc800 nmethod 451 0x00007ff019203490 code [0x00007ff019203600, 0x00007ff019203750]
Event: 11.066 Thread 0x00007ff0280bc800  456       3       java.lang.Long::bitCount (61 bytes)
Event: 11.067 Thread 0x00007ff0280bc800 nmethod 456 0x00007ff019203110 code [0x00007ff019203260, 0x00007ff019203410]
Event: 11.067 Thread 0x00007ff0280bc800  455       3       java.util.BitSet::ensureCapacity (39 bytes)
Event: 11.168 Thread 0x00007ff0280ba800 nmethod 467 0x00007ff019206690 code [0x00007ff0192067e0, 0x00007ff019206878]

GC Heap History (0 events):
No events

Deoptimization events (0 events):
No events

Internal exceptions (2 events):
Event: 1.636 Thread 0x00007ff02800a000 Exception <a 'java/lang/NoSuchMethodError': Method sun.misc.Unsafe.defineClass(Ljava/lang/String;[BII)Ljava/lang/Class; name or signature does not match> (0x00000000eab07c78) thrown at [/build/java8-openjdk/src/jdk8u-jdk8u112-b15/hotspot/src/share/vm/prim
Event: 1.636 Thread 0x00007ff02800a000 Exception <a 'java/lang/NoSuchMethodError': Method sun.misc.Unsafe.prefetchRead(Ljava/lang/Object;J)V name or signature does not match> (0x00000000eab07f60) thrown at [/build/java8-openjdk/src/jdk8u-jdk8u112-b15/hotspot/src/share/vm/prims/jni.cpp, line 40

Events (10 events):
Event: 9.837 loading class com/android/dx/dex/file/CodeItem
Event: 9.837 loading class com/android/dx/dex/file/CodeItem done
Event: 10.420 loading class java/io/PrintWriter
Event: 10.675 loading class java/io/PrintWriter done
Event: 10.675 loading class com/android/dx/dex/file/DebugInfoItem
Event: 10.675 loading class com/android/dx/dex/file/DebugInfoItem done
Event: 11.007 loading class com/android/dx/cf/code/SwitchList
Event: 11.007 loading class com/android/dx/cf/code/SwitchList done
Event: 11.047 loading class com/android/dx/cf/code/BytecodeArray$ConstantParserVisitor
Event: 11.047 loading class com/android/dx/cf/code/BytecodeArray$ConstantParserVisitor done


Dynamic libraries:
00400000-00401000 r-xp 00000000 08:05 134554                             /usr/lib/jvm/java-8-openjdk/jre/bin/java
00600000-00601000 r--p 00000000 08:05 134554                             /usr/lib/jvm/java-8-openjdk/jre/bin/java
00601000-00602000 rw-p 00001000 08:05 134554                             /usr/lib/jvm/java-8-openjdk/jre/bin/java
02483000-024a4000 rw-p 00000000 00:00 0                                  [heap]
c0000000-c2980000 rw-p 00000000 00:00 0 
c2980000-eab00000 ---p 00000000 00:00 0 
eab00000-ebf80000 rw-p 00000000 00:00 0 
ebf80000-100000000 ---p 00000000 00:00 0 
100000000-1000a0000 rw-p 00000000 00:00 0 
1000a0000-140000000 ---p 00000000 00:00 0 
7fefc4000000-7fefc4035000 rw-p 00000000 00:00 0 
7fefc4035000-7fefc8000000 ---p 00000000 00:00 0 
7fefcc000000-7fefcc021000 rw-p 00000000 00:00 0 
7fefcc021000-7fefd0000000 ---p 00000000 00:00 0 
7fefd0000000-7fefd0059000 rw-p 00000000 00:00 0 
7fefd0059000-7fefd4000000 ---p 00000000 00:00 0 
7fefd4000000-7fefd4036000 rw-p 00000000 00:00 0 
7fefd4036000-7fefd8000000 ---p 00000000 00:00 0 
7fefd8000000-7fefd8021000 rw-p 00000000 00:00 0 
7fefd8021000-7fefdc000000 ---p 00000000 00:00 0 
7fefdc000000-7fefdc021000 rw-p 00000000 00:00 0 
7fefdc021000-7fefe0000000 ---p 00000000 00:00 0 
7fefe0000000-7fefe0021000 rw-p 00000000 00:00 0 
7fefe0021000-7fefe4000000 ---p 00000000 00:00 0 
7fefe4000000-7fefe4095000 rw-p 00000000 00:00 0 
7fefe4095000-7fefe8000000 ---p 00000000 00:00 0 
7fefe8000000-7fefe83df000 rw-p 00000000 00:00 0 
7fefe83df000-7fefec000000 ---p 00000000 00:00 0 
7fefec000000-7fefec021000 rw-p 00000000 00:00 0 
7fefec021000-7feff0000000 ---p 00000000 00:00 0 
7feff0000000-7feff00f7000 rw-p 00000000 00:00 0 
7feff00f7000-7feff4000000 ---p 00000000 00:00 0 
7feff4000000-7feff4021000 rw-p 00000000 00:00 0 
7feff4021000-7feff8000000 ---p 00000000 00:00 0 
7feff8000000-7feff8021000 rw-p 00000000 00:00 0 
7feff8021000-7feffc000000 ---p 00000000 00:00 0 
7feffc000000-7feffc021000 rw-p 00000000 00:00 0 
7feffc021000-7ff000000000 ---p 00000000 00:00 0 
7ff000000000-7ff000021000 rw-p 00000000 00:00 0 
7ff000021000-7ff004000000 ---p 00000000 00:00 0 
7ff004000000-7ff004021000 rw-p 00000000 00:00 0 
7ff004021000-7ff008000000 ---p 00000000 00:00 0 
7ff00c000000-7ff00c021000 rw-p 00000000 00:00 0 
7ff00c021000-7ff010000000 ---p 00000000 00:00 0 
7ff011bfc000-7ff011bff000 ---p 00000000 00:00 0 
7ff011bff000-7ff011cfd000 rw-p 00000000 00:00 0 
7ff011cfd000-7ff011d00000 ---p 00000000 00:00 0 
7ff011d00000-7ff011dfe000 rw-p 00000000 00:00 0 
7ff011dfe000-7ff011e01000 ---p 00000000 00:00 0 
7ff011e01000-7ff011eff000 rw-p 00000000 00:00 0 
7ff011eff000-7ff011f02000 ---p 00000000 00:00 0 
7ff011f02000-7ff014000000 rw-p 00000000 00:00 0 
7ff014000000-7ff014021000 rw-p 00000000 00:00 0 
7ff014021000-7ff018000000 ---p 00000000 00:00 0 
7ff01805a000-7ff01805d000 ---p 00000000 00:00 0 
7ff01805d000-7ff01815b000 rw-p 00000000 00:00 0 
7ff01815b000-7ff01815c000 ---p 00000000 00:00 0 
7ff01815c000-7ff01825c000 rw-p 00000000 00:00 0 
7ff01825c000-7ff01825f000 ---p 00000000 00:00 0 
7ff01825f000-7ff01835d000 rw-p 00000000 00:00 0 
7ff01835d000-7ff018360000 ---p 00000000 00:00 0 
7ff018360000-7ff01845e000 rw-p 00000000 00:00 0 
7ff01845e000-7ff018461000 ---p 00000000 00:00 0 
7ff018461000-7ff01855f000 rw-p 00000000 00:00 0 
7ff01855f000-7ff018562000 ---p 00000000 00:00 0 
7ff018562000-7ff018660000 rw-p 00000000 00:00 0 
7ff018660000-7ff018663000 ---p 00000000 00:00 0 
7ff018663000-7ff018761000 rw-p 00000000 00:00 0 
7ff018761000-7ff0188f9000 r--p 00000000 08:05 1093560                    /usr/lib/locale/locale-archive
7ff0188f9000-7ff0188fc000 ---p 00000000 00:00 0 
7ff0188fc000-7ff0189fa000 rw-p 00000000 00:00 0 
7ff0189fa000-7ff0189fd000 ---p 00000000 00:00 0 
7ff0189fd000-7ff018afb000 rw-p 00000000 00:00 0 
7ff018afb000-7ff018afc000 ---p 00000000 00:00 0 
7ff018afc000-7ff019000000 rw-p 00000000 00:00 0 
7ff019000000-7ff019270000 rwxp 00000000 00:00 0 
7ff019270000-7ff028000000 ---p 00000000 00:00 0 
7ff028000000-7ff028153000 rw-p 00000000 00:00 0 
7ff028153000-7ff02c000000 ---p 00000000 00:00 0 
7ff02c037000-7ff02cbf2000 rw-p 00000000 00:00 0 
7ff02cbf2000-7ff02cdc0000 r--s 03bf3000 08:05 135770                     /usr/lib/jvm/java-8-openjdk/jre/lib/rt.jar
7ff02cdc0000-7ff02d3f6000 rw-p 00000000 00:00 0 
7ff02d436000-7ff02d636000 ---p 00000000 00:00 0 
7ff02d636000-7ff02d836000 rw-p 00000000 00:00 0 
7ff02d836000-7ff02d837000 ---p 00000000 00:00 0 
7ff02d837000-7ff02d937000 rw-p 00000000 00:00 0 
7ff02d937000-7ff02d938000 ---p 00000000 00:00 0 
7ff02d938000-7ff02da38000 rw-p 00000000 00:00 0 
7ff02da38000-7ff02da39000 ---p 00000000 00:00 0 
7ff02da39000-7ff02db39000 rw-p 00000000 00:00 0 
7ff02db39000-7ff02db3a000 ---p 00000000 00:00 0 
7ff02db3a000-7ff02dc4f000 rw-p 00000000 00:00 0 
7ff02dc4f000-7ff02dd90000 ---p 00000000 00:00 0 
7ff02dd90000-7ff02dda5000 rw-p 00000000 00:00 0 
7ff02dda5000-7ff02dee5000 ---p 00000000 00:00 0 
7ff02dee5000-7ff02def0000 rw-p 00000000 00:00 0 
7ff02def0000-7ff02df90000 ---p 00000000 00:00 0 
7ff02df90000-7ff02df9b000 rw-p 00000000 00:00 0 
7ff02df9b000-7ff02e351000 ---p 00000000 00:00 0 
7ff02e351000-7ff02e359000 r-xp 00000000 08:05 267048                     /usr/lib/jvm/java-8-openjdk/jre/lib/amd64/libzip.so
7ff02e359000-7ff02e558000 ---p 00008000 08:05 267048                     /usr/lib/jvm/java-8-openjdk/jre/lib/amd64/libzip.so
7ff02e558000-7ff02e559000 r--p 00007000 08:05 267048                     /usr/lib/jvm/java-8-openjdk/jre/lib/amd64/libzip.so
7ff02e559000-7ff02e55a000 rw-p 00008000 08:05 267048                     /usr/lib/jvm/java-8-openjdk/jre/lib/amd64/libzip.so
7ff02e55a000-7ff02e564000 r-xp 00000000 08:05 1049815                    /usr/lib/libnss_files-2.24.so
7ff02e564000-7ff02e764000 ---p 0000a000 08:05 1049815                    /usr/lib/libnss_files-2.24.so
7ff02e764000-7ff02e765000 r--p 0000a000 08:05 1049815                    /usr/lib/libnss_files-2.24.so
7ff02e765000-7ff02e766000 rw-p 0000b000 08:05 1049815                    /usr/lib/libnss_files-2.24.so
7ff02e766000-7ff02e76c000 rw-p 00000000 00:00 0 
7ff02e76c000-7ff02e777000 r-xp 00000000 08:05 1049817                    /usr/lib/libnss_nis-2.24.so
7ff02e777000-7ff02e976000 ---p 0000b000 08:05 1049817                    /usr/lib/libnss_nis-2.24.so
7ff02e976000-7ff02e977000 r--p 0000a000 08:05 1049817                    /usr/lib/libnss_nis-2.24.so
7ff02e977000-7ff02e978000 rw-p 0000b000 08:05 1049817                    /usr/lib/libnss_nis-2.24.so
7ff02e978000-7ff02e98c000 r-xp 00000000 08:05 1049821                    /usr/lib/libnsl-2.24.so
7ff02e98c000-7ff02eb8c000 ---p 00014000 08:05 1049821                    /usr/lib/libnsl-2.24.so
7ff02eb8c000-7ff02eb8d000 r--p 00014000 08:05 1049821                    /usr/lib/libnsl-2.24.so
7ff02eb8d000-7ff02eb8e000 rw-p 00015000 08:05 1049821                    /usr/lib/libnsl-2.24.so
7ff02eb8e000-7ff02eb90000 rw-p 00000000 00:00 0 
7ff02eb90000-7ff02eb97000 r-xp 00000000 08:05 1049811                    /usr/lib/libnss_compat-2.24.so
7ff02eb97000-7ff02ed96000 ---p 00007000 08:05 1049811                    /usr/lib/libnss_compat-2.24.so
7ff02ed96000-7ff02ed97000 r--p 00006000 08:05 1049811                    /usr/lib/libnss_compat-2.24.so
7ff02ed97000-7ff02ed98000 rw-p 00007000 08:05 1049811                    /usr/lib/libnss_compat-2.24.so
7ff02ed98000-7ff02edc5000 r-xp 00000000 08:05 267016                     /usr/lib/jvm/java-8-openjdk/jre/lib/amd64/libjava.so
7ff02edc5000-7ff02efc4000 ---p 0002d000 08:05 267016                     /usr/lib/jvm/java-8-openjdk/jre/lib/amd64/libjava.so
7ff02efc4000-7ff02efc5000 r--p 0002c000 08:05 267016                     /usr/lib/jvm/java-8-openjdk/jre/lib/amd64/libjava.so
7ff02efc5000-7ff02efc7000 rw-p 0002d000 08:05 267016                     /usr/lib/jvm/java-8-openjdk/jre/lib/amd64/libjava.so
7ff02efc7000-7ff02efd4000 r-xp 00000000 08:05 267017                     /usr/lib/jvm/java-8-openjdk/jre/lib/amd64/libverify.so
7ff02efd4000-7ff02f1d3000 ---p 0000d000 08:05 267017                     /usr/lib/jvm/java-8-openjdk/jre/lib/amd64/libverify.so
7ff02f1d3000-7ff02f1d5000 r--p 0000c000 08:05 267017                     /usr/lib/jvm/java-8-openjdk/jre/lib/amd64/libverify.so
7ff02f1d5000-7ff02f1d6000 rw-p 0000e000 08:05 267017                     /usr/lib/jvm/java-8-openjdk/jre/lib/amd64/libverify.so
7ff02f1d6000-7ff02f1dd000 r-xp 00000000 08:05 1049823                    /usr/lib/librt-2.24.so
7ff02f1dd000-7ff02f3dc000 ---p 00007000 08:05 1049823                    /usr/lib/librt-2.24.so
7ff02f3dc000-7ff02f3dd000 r--p 00006000 08:05 1049823                    /usr/lib/librt-2.24.so
7ff02f3dd000-7ff02f3de000 rw-p 00007000 08:05 1049823                    /usr/lib/librt-2.24.so
7ff02f3de000-7ff02f4e1000 r-xp 00000000 08:05 1049820                    /usr/lib/libm-2.24.so
7ff02f4e1000-7ff02f6e0000 ---p 00103000 08:05 1049820                    /usr/lib/libm-2.24.so
7ff02f6e0000-7ff02f6e1000 r--p 00102000 08:05 1049820                    /usr/lib/libm-2.24.so
7ff02f6e1000-7ff02f6e2000 rw-p 00103000 08:05 1049820                    /usr/lib/libm-2.24.so
7ff02f6e2000-7ff03030d000 r-xp 00000000 08:05 271197                     /usr/lib/jvm/java-8-openjdk/jre/lib/amd64/server/libjvm.so
7ff03030d000-7ff03050c000 ---p 00c2b000 08:05 271197                     /usr/lib/jvm/java-8-openjdk/jre/lib/amd64/server/libjvm.so
7ff03050c000-7ff0305a0000 r--p 00c2a000 08:05 271197                     /usr/lib/jvm/java-8-openjdk/jre/lib/amd64/server/libjvm.so
7ff0305a0000-7ff0305c9000 rw-p 00cbe000 08:05 271197                     /usr/lib/jvm/java-8-openjdk/jre/lib/amd64/server/libjvm.so
7ff0305c9000-7ff0305f9000 rw-p 00000000 00:00 0 
7ff0305f9000-7ff03078e000 r-xp 00000000 08:05 1049753                    /usr/lib/libc-2.24.so
7ff03078e000-7ff03098d000 ---p 00195000 08:05 1049753                    /usr/lib/libc-2.24.so
7ff03098d000-7ff030991000 r--p 00194000 08:05 1049753                    /usr/lib/libc-2.24.so
7ff030991000-7ff030993000 rw-p 00198000 08:05 1049753                    /usr/lib/libc-2.24.so
7ff030993000-7ff030997000 rw-p 00000000 00:00 0 
7ff030997000-7ff030999000 r-xp 00000000 08:05 1049819                    /usr/lib/libdl-2.24.so
7ff030999000-7ff030b99000 ---p 00002000 08:05 1049819                    /usr/lib/libdl-2.24.so
7ff030b99000-7ff030b9a000 r--p 00002000 08:05 1049819                    /usr/lib/libdl-2.24.so
7ff030b9a000-7ff030b9b000 rw-p 00003000 08:05 1049819                    /usr/lib/libdl-2.24.so
7ff030b9b000-7ff030ba8000 r-xp 00000000 08:05 271195                     /usr/lib/jvm/java-8-openjdk/jre/lib/amd64/jli/libjli.so
7ff030ba8000-7ff030da7000 ---p 0000d000 08:05 271195                     /usr/lib/jvm/java-8-openjdk/jre/lib/amd64/jli/libjli.so
7ff030da7000-7ff030da8000 r--p 0000c000 08:05 271195                     /usr/lib/jvm/java-8-openjdk/jre/lib/amd64/jli/libjli.so
7ff030da8000-7ff030da9000 rw-p 0000d000 08:05 271195                     /usr/lib/jvm/java-8-openjdk/jre/lib/amd64/jli/libjli.so
7ff030da9000-7ff030dbe000 r-xp 00000000 08:05 1057421                    /usr/lib/libz.so.1.2.8
7ff030dbe000-7ff030fbd000 ---p 00015000 08:05 1057421                    /usr/lib/libz.so.1.2.8
7ff030fbd000-7ff030fbe000 r--p 00014000 08:05 1057421                    /usr/lib/libz.so.1.2.8
7ff030fbe000-7ff030fbf000 rw-p 00015000 08:05 1057421                    /usr/lib/libz.so.1.2.8
7ff030fbf000-7ff030fd7000 r-xp 00000000 08:05 1049731                    /usr/lib/libpthread-2.24.so
7ff030fd7000-7ff0311d6000 ---p 00018000 08:05 1049731                    /usr/lib/libpthread-2.24.so
7ff0311d6000-7ff0311d7000 r--p 00017000 08:05 1049731                    /usr/lib/libpthread-2.24.so
7ff0311d7000-7ff0311d8000 rw-p 00018000 08:05 1049731                    /usr/lib/libpthread-2.24.so
7ff0311d8000-7ff0311dc000 rw-p 00000000 00:00 0 
7ff0311dc000-7ff0311ff000 r-xp 00000000 08:05 1049752                    /usr/lib/ld-2.24.so
7ff031203000-7ff0312c8000 rw-p 00000000 00:00 0 
7ff0312c8000-7ff0312cb000 ---p 00000000 00:00 0 
7ff0312cb000-7ff0313cb000 rw-p 00000000 00:00 0 
7ff0313cd000-7ff0313d0000 r--s 0001e000 08:05 1310454                    /home/bhagat/AndroidStudioProjects/Finalyear/app/build/intermediates/exploded-aar/com.android.support/support-fragment/24.2.1/jars/classes.jar
7ff0313d0000-7ff0313de000 r--s 000e0000 08:05 808968                     /home/bhagat/Android/Sdk/build-tools/24.0.0-preview/lib/dx.jar
7ff0313de000-7ff0313f2000 rw-p 00000000 00:00 0 
7ff0313f2000-7ff0313fa000 rw-s 00000000 00:21 189498                     /tmp/hsperfdata_bhagat/5029
7ff0313fa000-7ff0313fb000 rw-p 00000000 00:00 0 
7ff0313fb000-7ff0313fc000 ---p 00000000 00:00 0 
7ff0313fc000-7ff0313fe000 rw-p 00000000 00:00 0 
7ff0313fe000-7ff0313ff000 r--p 00022000 08:05 1049752                    /usr/lib/ld-2.24.so
7ff0313ff000-7ff031400000 rw-p 00023000 08:05 1049752                    /usr/lib/ld-2.24.so
7ff031400000-7ff031401000 rw-p 00000000 00:00 0 
7ffda99cf000-7ffda99f0000 rw-p 00000000 00:00 0                          [stack]
7ffda99fb000-7ffda99fd000 r--p 00000000 00:00 0                          [vvar]
7ffda99fd000-7ffda99ff000 r-xp 00000000 00:00 0                          [vdso]
ffffffffff600000-ffffffffff601000 r-xp 00000000 00:00 0                  [vsyscall]

VM Arguments:
jvm_args: -Djava.awt.headless=true -Xmx1024M -Dfile.encoding=UTF-8 -Duser.country=US -Duser.language=en -Duser.variant 
java_command: com.android.dx.command.Main --dex --force-jumbo --num-threads=4 --multi-dex --output /home/bhagat/AndroidStudioProjects/Finalyear/app/build/intermediates/transforms/dex/debug/folders/1000/10/com.android.support-support-fragment-24.2.1_7313e7aa6e1abbdc4a4d9c331084751a373d1a17 /home/bhagat/AndroidStudioProjects/Finalyear/app/build/intermediates/exploded-aar/com.android.support/support-fragment/24.2.1/jars/classes.jar
java_class_path (initial): /home/bhagat/Android/Sdk/build-tools/24.0.0-preview/lib/dx.jar
Launcher Type: SUN_STANDARD

Environment Variables:
PATH=/usr/local/sbin:/usr/local/bin:/usr/bin:/opt/android-sdk/platform-tools:/opt/android-sdk/tools:/usr/lib/jvm/default/bin:/usr/bin/site_perl:/usr/bin/vendor_perl:/usr/bin/core_perl
USERNAME=bhagat
LD_LIBRARY_PATH=/opt/android-studio/bin:
SHELL=/bin/zsh
DISPLAY=:0.0

Signal Handlers:
SIGSEGV: [libjvm.so+0xa2d580], sa_mask[0]=11111111011111111101111111111110, sa_flags=SA_RESTART|SA_SIGINFO
SIGBUS: [libjvm.so+0xa2d580], sa_mask[0]=11111111011111111101111111111110, sa_flags=SA_RESTART|SA_SIGINFO
SIGFPE: [libjvm.so+0x881ab0], sa_mask[0]=11111111011111111101111111111110, sa_flags=SA_RESTART|SA_SIGINFO
SIGPIPE: [libjvm.so+0x881ab0], sa_mask[0]=11111111011111111101111111111110, sa_flags=SA_RESTART|SA_SIGINFO
SIGXFSZ: [libjvm.so+0x881ab0], sa_mask[0]=11111111011111111101111111111110, sa_flags=SA_RESTART|SA_SIGINFO
SIGILL: [libjvm.so+0x881ab0], sa_mask[0]=11111111011111111101111111111110, sa_flags=SA_RESTART|SA_SIGINFO
SIGUSR1: SIG_DFL, sa_mask[0]=00000000000000000000000000000000, sa_flags=none
SIGUSR2: [libjvm.so+0x881980], sa_mask[0]=00100000000000000000000000000000, sa_flags=SA_RESTART|SA_SIGINFO
SIGHUP: [libjvm.so+0x881df0], sa_mask[0]=11111111011111111101111111111110, sa_flags=SA_RESTART|SA_SIGINFO
SIGINT: [libjvm.so+0x881df0], sa_mask[0]=11111111011111111101111111111110, sa_flags=SA_RESTART|SA_SIGINFO
SIGTERM: [libjvm.so+0x881df0], sa_mask[0]=11111111011111111101111111111110, sa_flags=SA_RESTART|SA_SIGINFO
SIGQUIT: [libjvm.so+0x881df0], sa_mask[0]=11111111011111111101111111111110, sa_flags=SA_RESTART|SA_SIGINFO


---------------  S Y S T E M  ---------------

OS:NAME="Arch Linux"
PRETTY_NAME="Arch Linux"
ID=arch
ID_LIKE=archlinux
ANSI_COLOR="0;36"
HOME_URL="https://www.archlinux.org/"
SUPPORT_URL="https://bbs.archlinux.org/"
BUG_REPORT_URL="https://bugs.archlinux.org/"


uname:Linux 4.7.2-1-ARCH #1 SMP PREEMPT Sat Aug 20 23:02:56 CEST 2016 x86_64
libc:glibc 2.24 NPTL 2.24 
rlimit: STACK 8192k, CORE infinity, NPROC 15461, NOFILE 4096, AS infinity
load average:28.06 12.20 10.36

/proc/meminfo:
MemTotal:        3965584 kB
MemFree:          475912 kB
MemAvailable:     419152 kB
Buffers:            5124 kB
Cached:           207760 kB
SwapCached:            0 kB
Active:          3124140 kB
Inactive:         195828 kB
Active(anon):    3109664 kB
Inactive(anon):   100836 kB
Active(file):      14476 kB
Inactive(file):    94992 kB
Unevictable:           0 kB
Mlocked:               0 kB
SwapTotal:             0 kB
SwapFree:              0 kB
Dirty:              3280 kB
Writeback:             0 kB
AnonPages:       3106372 kB
Mapped:           117236 kB
Shmem:            103232 kB
Slab:              53320 kB
SReclaimable:      22184 kB
SUnreclaim:        31136 kB
KernelStack:        8384 kB
PageTables:        29564 kB
NFS_Unstable:          0 kB
Bounce:                0 kB
WritebackTmp:          0 kB
CommitLimit:     1982792 kB
Committed_AS:    5782996 kB
VmallocTotal:   34359738367 kB
VmallocUsed:           0 kB
VmallocChunk:          0 kB
HardwareCorrupted:     0 kB
AnonHugePages:   1495040 kB
HugePages_Total:       0
HugePages_Free:        0
HugePages_Rsvd:        0
HugePages_Surp:        0
Hugepagesize:       2048 kB
DirectMap4k:      123648 kB
DirectMap2M:     3985408 kB
DirectMap1G:     1048576 kB


CPU:total 4 (2 cores per cpu, 2 threads per core) family 6 model 60 stepping 3, cmov, cx8, fxsr, mmx, sse, sse2, sse3, ssse3, sse4.1, sse4.2, popcnt, avx, avx2, aes, clmul, erms, lzcnt, ht, tsc, tscinvbit, bmi1, bmi2

/proc/cpuinfo:
processor	: 0
vendor_id	: GenuineIntel
cpu family	: 6
model		: 60
model name	: Intel(R) Core(TM) i5-4200M CPU @ 2.50GHz
stepping	: 3
microcode	: 0x12
cpu MHz		: 3022.918
cache size	: 3072 KB
physical id	: 0
siblings	: 4
core id		: 0
cpu cores	: 2
apicid		: 0
initial apicid	: 0
fpu		: yes
fpu_exception	: yes
cpuid level	: 13
wp		: yes
flags		: fpu vme de pse tsc msr pae mce cx8 apic sep mtrr pge mca cmov pat pse36 clflush dts acpi mmx fxsr sse sse2 ss ht tm pbe syscall nx pdpe1gb rdtscp lm constant_tsc arch_perfmon pebs bts rep_good nopl xtopology nonstop_tsc aperfmperf eagerfpu pni pclmulqdq dtes64 monitor ds_cpl vmx est tm2 ssse3 sdbg fma cx16 xtpr pdcm pcid sse4_1 sse4_2 movbe popcnt tsc_deadline_timer aes xsave avx f16c rdrand lahf_lm abm epb tpr_shadow vnmi flexpriority ept vpid fsgsbase tsc_adjust bmi1 avx2 smep bmi2 erms invpcid xsaveopt dtherm ida arat pln pts
bugs		:
bogomips	: 4990.28
clflush size	: 64
cache_alignment	: 64
address sizes	: 39 bits physical, 48 bits virtual
power management:

processor	: 1
vendor_id	: GenuineIntel
cpu family	: 6
model		: 60
model name	: Intel(R) Core(TM) i5-4200M CPU @ 2.50GHz
stepping	: 3
microcode	: 0x12
cpu MHz		: 2999.877
cache size	: 3072 KB
physical id	: 0
siblings	: 4
core id		: 0
cpu cores	: 2
apicid		: 1
initial apicid	: 1
fpu		: yes
fpu_exception	: yes
cpuid level	: 13
wp		: yes
flags		: fpu vme de pse tsc msr pae mce cx8 apic sep mtrr pge mca cmov pat pse36 clflush dts acpi mmx fxsr sse sse2 ss ht tm pbe syscall nx pdpe1gb rdtscp lm constant_tsc arch_perfmon pebs bts rep_good nopl xtopology nonstop_tsc aperfmperf eagerfpu pni pclmulqdq dtes64 monitor ds_cpl vmx est tm2 ssse3 sdbg fma cx16 xtpr pdcm pcid sse4_1 sse4_2 movbe popcnt tsc_deadline_timer aes xsave avx f16c rdrand lahf_lm abm epb tpr_shadow vnmi flexpriority ept vpid fsgsbase tsc_adjust bmi1 avx2 smep bmi2 erms invpcid xsaveopt dtherm ida arat pln pts
bugs		:
bogomips	: 4992.99
clflush size	: 64
cache_alignment	: 64
address sizes	: 39 bits physical, 48 bits virtual
power management:

processor	: 2
vendor_id	: GenuineIntel
cpu family	: 6
model		: 60
model name	: Intel(R) Core(TM) i5-4200M CPU @ 2.50GHz
stepping	: 3
microcode	: 0x12
cpu MHz		: 2999.877
cache size	: 3072 KB
physical id	: 0
siblings	: 4
core id		: 1
cpu cores	: 2
apicid		: 2
initial apicid	: 2
fpu		: yes
fpu_exception	: yes
cpuid level	: 13
wp		: yes
flags		: fpu vme de pse tsc msr pae mce cx8 apic sep mtrr pge mca cmov pat pse36 clflush dts acpi mmx fxsr sse sse2 ss ht tm pbe syscall nx pdpe1gb rdtscp lm constant_tsc arch_perfmon pebs bts rep_good nopl xtopology nonstop_tsc aperfmperf eagerfpu pni pclmulqdq dtes64 monitor ds_cpl vmx est tm2 ssse3 sdbg fma cx16 xtpr pdcm pcid sse4_1 sse4_2 movbe popcnt tsc_deadline_timer aes xsave avx f16c rdrand lahf_lm abm epb tpr_shadow vnmi flexpriority ept vpid fsgsbase tsc_adjust bmi1 avx2 smep bmi2 erms invpcid xsaveopt dtherm ida arat pln pts
bugs		:
bogomips	: 4991.46
clflush size	: 64
cache_alignment	: 64
address sizes	: 39 bits physical, 48 bits virtual
power management:

processor	: 3
vendor_id	: GenuineIntel
cpu family	: 6
model		: 60
model name	: Intel(R) Core(TM) i5-4200M CPU @ 2.50GHz
stepping	: 3
microcode	: 0x12
cpu MHz		: 2999.877
cache size	: 3072 KB
physical id	: 0
siblings	: 4
core id		: 1
cpu cores	: 2
apicid		: 3
initial apicid	: 3
fpu		: yes
fpu_exception	: yes
cpuid level	: 13
wp		: yes
flags		: fpu vme de pse tsc msr pae mce cx8 apic sep mtrr pge mca cmov pat pse36 clflush dts acpi mmx fxsr sse sse2 ss ht tm pbe syscall nx pdpe1gb rdtscp lm constant_tsc arch_perfmon pebs bts rep_good nopl xtopology nonstop_tsc aperfmperf eagerfpu pni pclmulqdq dtes64 monitor ds_cpl vmx est tm2 ssse3 sdbg fma cx16 xtpr pdcm pcid sse4_1 sse4_2 movbe popcnt tsc_deadline_timer aes xsave avx f16c rdrand lahf_lm abm epb tpr_shadow vnmi flexpriority ept vpid fsgsbase tsc_adjust bmi1 avx2 smep bmi2 erms invpcid xsaveopt dtherm ida arat pln pts
bugs		:
bogomips	: 4991.48
clflush size	: 64
cache_alignment	: 64
address sizes	: 39 bits physical, 48 bits virtual
power management:



Memory: 4k page, physical 3965584k(475788k free), swap 0k(0k free)

vm_info: OpenJDK 64-Bit Server VM (25.112-b15) for linux-amd64 JRE (1.8.0_112-b15), built on Oct 23 2016 10:14:19 by "builduser" with gcc 6.2.1 20160830

time: Sun Jan 22 21:56:17 2017
elapsed time: 40 seconds (0d 0h 0m 40s)

