#
# There is insufficient memory for the Java Runtime Environment to continue.
# Native memory allocation (mmap) failed to map 44040192 bytes for committing reserved memory.
# Possible reasons:
#   The system is out of physical RAM or swap space
#   In 32 bit mode, the process size limit was hit
# Possible solutions:
#   Reduce memory load on the system
#   Increase physical memory or swap space
#   Check if swap backing store is full
#   Use 64 bit Java on a 64 bit OS
#   Decrease Java heap size (-Xmx/-Xms)
#   Decrease number of Java threads
#   Decrease Java thread stack sizes (-Xss)
#   Set larger code cache with -XX:ReservedCodeCacheSize=
# This output file may be truncated or incomplete.
#
#  Out of Memory Error (os_linux.cpp:2627), pid=27334, tid=0x00007f7e2531c700
#
# JRE version: OpenJDK Runtime Environment (8.0_112-b15) (build 1.8.0_112-b15)
# Java VM: OpenJDK 64-Bit Server VM (25.112-b15 mixed mode linux-amd64 compressed oops)
# Core dump written. Default location: /home/bhagat/AndroidStudioProjects/Finalyear/app/core or core.27334
#

---------------  T H R E A D  ---------------

Current thread (0x00007f7e38077800):  VMThread [stack: 0x00007f7e2521c000,0x00007f7e2531d000] [id=27358]

Stack: [0x00007f7e2521c000,0x00007f7e2531d000],  sp=0x00007f7e2531b560,  free space=1021k
Native frames: (J=compiled Java code, j=interpreted, Vv=VM code, C=native code)
V  [libjvm.so+0xa2cb3b]
V  [libjvm.so+0x4b2057]
V  [libjvm.so+0x885d40]
V  [libjvm.so+0x880a7f]
V  [libjvm.so+0x8f84fe]
V  [libjvm.so+0x8f97ab]
V  [libjvm.so+0x8f5f6b]
V  [libjvm.so+0x8f623c]
V  [libjvm.so+0x8a90d3]
V  [libjvm.so+0xa2e5a3]
V  [libjvm.so+0xa334a7]
V  [libjvm.so+0xa30e17]
V  [libjvm.so+0xa3211e]
V  [libjvm.so+0xa32612]
V  [libjvm.so+0x883612]

VM_Operation (0x00007f7e24576de0): ParallelGCFailedAllocation, mode: safepoint, requested by thread 0x00007f7e3813d000


---------------  P R O C E S S  ---------------

Java Threads: ( => current thread )
  0x00007f7e3813f000 JavaThread "pool-2-thread-4" [_thread_blocked, id=27442, stack(0x00007f7e24377000,0x00007f7e24478000)]
  0x00007f7e3813d000 JavaThread "pool-2-thread-3" [_thread_blocked, id=27440, stack(0x00007f7e24478000,0x00007f7e24579000)]
  0x00007f7e3813b800 JavaThread "pool-2-thread-2" [_thread_blocked, id=27436, stack(0x00007f7e24579000,0x00007f7e2467a000)]
  0x00007f7e3813a000 JavaThread "pool-3-thread-1" [_thread_blocked, id=27433, stack(0x00007f7e2467a000,0x00007f7e2477b000)]
  0x00007f7e38138000 JavaThread "pool-2-thread-1" [_thread_blocked, id=27432, stack(0x00007f7e2477b000,0x00007f7e2487c000)]
  0x00007f7e380bf800 JavaThread "Service Thread" daemon [_thread_blocked, id=27398, stack(0x00007f7e2497d000,0x00007f7e24a7e000)]
  0x00007f7e380bc800 JavaThread "C1 CompilerThread2" daemon [_thread_blocked, id=27392, stack(0x00007f7e24a7e000,0x00007f7e24b7f000)]
  0x00007f7e380ba800 JavaThread "C2 CompilerThread1" daemon [_thread_blocked, id=27390, stack(0x00007f7e24b7f000,0x00007f7e24c80000)]
  0x00007f7e380b8000 JavaThread "C2 CompilerThread0" daemon [_thread_blocked, id=27388, stack(0x00007f7e24c80000,0x00007f7e24d81000)]
  0x00007f7e380b6800 JavaThread "Signal Dispatcher" daemon [_thread_blocked, id=27387, stack(0x00007f7e24d81000,0x00007f7e24e82000)]
  0x00007f7e38083800 JavaThread "Finalizer" daemon [_thread_blocked, id=27361, stack(0x00007f7e2501a000,0x00007f7e2511b000)]
  0x00007f7e3807f000 JavaThread "Reference Handler" daemon [_thread_blocked, id=27359, stack(0x00007f7e2511b000,0x00007f7e2521c000)]
  0x00007f7e3800a000 JavaThread "main" [_thread_blocked, id=27339, stack(0x00007f7e3f9d1000,0x00007f7e3fad2000)]

Other Threads:
=>0x00007f7e38077800 VMThread [stack: 0x00007f7e2521c000,0x00007f7e2531d000] [id=27358]
  0x00007f7e380c2000 WatcherThread [stack: 0x00007f7e2487c000,0x00007f7e2497d000] [id=27400]

VM state:at safepoint (normal execution)

VM Mutex/Monitor currently owned by a thread:  ([mutex/lock_event])
[0x00007f7e380065a0] Threads_lock - owner thread: 0x00007f7e38077800
[0x00007f7e38006aa0] Heap_lock - owner thread: 0x00007f7e3813d000

Heap:
 PSYoungGen      total 34304K, used 2532K [0x00000000eab00000, 0x00000000ecf00000, 0x0000000100000000)
  eden space 31744K, 0% used [0x00000000eab00000,0x00000000eab00000,0x00000000eca00000)
  from space 2560K, 98% used [0x00000000eca00000,0x00000000ecc79060,0x00000000ecc80000)
  to   space 2560K, 0% used [0x00000000ecc80000,0x00000000ecc80000,0x00000000ecf00000)
 ParOldGen       total 42496K, used 12376K [0x00000000c0000000, 0x00000000c2980000, 0x00000000eab00000)
  object space 42496K, 29% used [0x00000000c0000000,0x00000000c0c160c8,0x00000000c2980000)
 Metaspace       used 5905K, capacity 6960K, committed 7040K, reserved 1056768K
  class space    used 578K, capacity 616K, committed 640K, reserved 1048576K

Card table byte_map: [0x00007f7e3c499000,0x00007f7e3c69a000] byte_map_base: 0x00007f7e3be99000

Marking Bits: (ParMarkBitMap*) 0x00007f7e3ece5260
 Begin Bits: [0x00007f7e26eff000, 0x00007f7e27eff000)
 End Bits:   [0x00007f7e27eff000, 0x00007f7e28eff000)

Polling page: 0x00007f7e3fb04000

CodeCache: size=245760Kb used=4679Kb max_used=4679Kb free=241081Kb
 bounds [0x00007f7e29000000, 0x00007f7e294a0000, 0x00007f7e38000000]
 total_blobs=1481 nmethods=1220 adapters=176
 compilation: enabled

Compilation events (10 events):
Event: 13.493 Thread 0x00007f7e380bc800 nmethod 1266 0x00007f7e2948c750 code [0x00007f7e2948c920, 0x00007f7e2948ce78]
Event: 13.493 Thread 0x00007f7e380bc800 1293       2       com.android.dx.cf.iface.StdAttributeList::findNext (85 bytes)
Event: 13.494 Thread 0x00007f7e380bc800 nmethod 1293 0x00007f7e2948d4d0 code [0x00007f7e2948d680, 0x00007f7e2948daa8]
Event: 13.494 Thread 0x00007f7e380bc800 1335       2       com.android.dx.cf.code.LineNumberList::set (15 bytes)
Event: 13.494 Thread 0x00007f7e380bc800 nmethod 1335 0x00007f7e2948de10 code [0x00007f7e2948dfe0, 0x00007f7e2948e4d8]
Event: 13.494 Thread 0x00007f7e380bc800 1336       2       com.android.dx.cf.code.LineNumberList$Item::<init> (43 bytes)
Event: 13.494 Thread 0x00007f7e380bc800 nmethod 1336 0x00007f7e2948ea50 code [0x00007f7e2948ebe0, 0x00007f7e2948ee98]
Event: 13.494 Thread 0x00007f7e380bc800 1309   !   3       com.android.dx.cf.direct.AttributeFactory::parse (248 bytes)
Event: 13.498 Thread 0x00007f7e380bc800 nmethod 1309 0x00007f7e2948efd0 code [0x00007f7e2948f5c0, 0x00007f7e294933e8]
Event: 13.498 Thread 0x00007f7e380bc800 1310       3       com.android.dx.cf.direct.StdAttributeFactory::parse0 (532 bytes)

GC Heap History (9 events):
Event: 10.304 GC heap before
{Heap before GC invocations=1 (full 0):
 PSYoungGen      total 18432K, used 15872K [0x00000000eab00000, 0x00000000ebf80000, 0x0000000100000000)
  eden space 15872K, 100% used [0x00000000eab00000,0x00000000eba80000,0x00000000eba80000)
  from space 2560K, 0% used [0x00000000ebd00000,0x00000000ebd00000,0x00000000ebf80000)
  to   space 2560K, 0% used [0x00000000eba80000,0x00000000eba80000,0x00000000ebd00000)
 ParOldGen       total 42496K, used 0K [0x00000000c0000000, 0x00000000c2980000, 0x00000000eab00000)
  object space 42496K, 0% used [0x00000000c0000000,0x00000000c0000000,0x00000000c2980000)
 Metaspace       used 5342K, capacity 6448K, committed 6528K, reserved 1056768K
  class space    used 574K, capacity 616K, committed 640K, reserved 1048576K
Event: 10.340 GC heap after
Heap after GC invocations=1 (full 0):
 PSYoungGen      total 18432K, used 2544K [0x00000000eab00000, 0x00000000ebf80000, 0x0000000100000000)
  eden space 15872K, 0% used [0x00000000eab00000,0x00000000eab00000,0x00000000eba80000)
  from space 2560K, 99% used [0x00000000eba80000,0x00000000ebcfc068,0x00000000ebd00000)
  to   space 2560K, 0% used [0x00000000ebd00000,0x00000000ebd00000,0x00000000ebf80000)
 ParOldGen       total 42496K, used 666K [0x00000000c0000000, 0x00000000c2980000, 0x00000000eab00000)
  object space 42496K, 1% used [0x00000000c0000000,0x00000000c00a6bb0,0x00000000c2980000)
 Metaspace       used 5342K, capacity 6448K, committed 6528K, reserved 1056768K
  class space    used 574K, capacity 616K, committed 640K, reserved 1048576K
}
Event: 11.124 GC heap before
{Heap before GC invocations=2 (full 0):
 PSYoungGen      total 18432K, used 18416K [0x00000000eab00000, 0x00000000ebf80000, 0x0000000100000000)
  eden space 15872K, 100% used [0x00000000eab00000,0x00000000eba80000,0x00000000eba80000)
  from space 2560K, 99% used [0x00000000eba80000,0x00000000ebcfc068,0x00000000ebd00000)
  to   space 2560K, 0% used [0x00000000ebd00000,0x00000000ebd00000,0x00000000ebf80000)
 ParOldGen       total 42496K, used 666K [0x00000000c0000000, 0x00000000c2980000, 0x00000000eab00000)
  object space 42496K, 1% used [0x00000000c0000000,0x00000000c00a6bb0,0x00000000c2980000)
 Metaspace       used 5754K, capacity 6832K, committed 7040K, reserved 1056768K
  class space    used 578K, capacity 616K, committed 640K, reserved 1048576K
Event: 11.243 GC heap after
Heap after GC invocations=2 (full 0):
 PSYoungGen      total 18432K, used 2528K [0x00000000eab00000, 0x00000000ecf00000, 0x0000000100000000)
  eden space 15872K, 0% used [0x00000000eab00000,0x00000000eab00000,0x00000000eba80000)
  from space 2560K, 98% used [0x00000000ebd00000,0x00000000ebf78038,0x00000000ebf80000)
  to   space 2560K, 0% used [0x00000000eba80000,0x00000000eba80000,0x00000000ebd00000)
 ParOldGen       total 42496K, used 2165K [0x00000000c0000000, 0x00000000c2980000, 0x00000000eab00000)
  object space 42496K, 5% used [0x00000000c0000000,0x00000000c021d4f8,0x00000000c2980000)
 Metaspace       used 5754K, capacity 6832K, committed 7040K, reserved 1056768K
  class space    used 578K, capacity 616K, committed 640K, reserved 1048576K
}
Event: 11.529 GC heap before
{Heap before GC invocations=3 (full 0):
 PSYoungGen      total 18432K, used 18400K [0x00000000eab00000, 0x00000000ecf00000, 0x0000000100000000)
  eden space 15872K, 100% used [0x00000000eab00000,0x00000000eba80000,0x00000000eba80000)
  from space 2560K, 98% used [0x00000000ebd00000,0x00000000ebf78038,0x00000000ebf80000)
  to   space 2560K, 0% used [0x00000000eba80000,0x00000000eba80000,0x00000000ebd00000)
 ParOldGen       total 42496K, used 2165K [0x00000000c0000000, 0x00000000c2980000, 0x00000000eab00000)
  object space 42496K, 5% used [0x00000000c0000000,0x00000000c021d4f8,0x00000000c2980000)
 Metaspace       used 5780K, capacity 6832K, committed 7040K, reserved 1056768K
  class space    used 578K, capacity 616K, committed 640K, reserved 1048576K
Event: 11.548 GC heap after
Heap after GC invocations=3 (full 0):
 PSYoungGen      total 18432K, used 2533K [0x00000000eab00000, 0x00000000ecf00000, 0x0000000100000000)
  eden space 15872K, 0% used [0x00000000eab00000,0x00000000eab00000,0x00000000eba80000)
  from space 2560K, 98% used [0x00000000eba80000,0x00000000ebcf9760,0x00000000ebd00000)
  to   space 2560K, 0% used [0x00000000ecc80000,0x00000000ecc80000,0x00000000ecf00000)
 ParOldGen       total 42496K, used 5149K [0x00000000c0000000, 0x00000000c2980000, 0x00000000eab00000)
  object space 42496K, 12% used [0x00000000c0000000,0x00000000c0507628,0x00000000c2980000)
 Metaspace       used 5780K, capacity 6832K, committed 7040K, reserved 1056768K
  class space    used 578K, capacity 616K, committed 640K, reserved 1048576K
}
Event: 11.754 GC heap before
{Heap before GC invocations=4 (full 0):
 PSYoungGen      total 18432K, used 18405K [0x00000000eab00000, 0x00000000ecf00000, 0x0000000100000000)
  eden space 15872K, 100% used [0x00000000eab00000,0x00000000eba80000,0x00000000eba80000)
  from space 2560K, 98% used [0x00000000eba80000,0x00000000ebcf9760,0x00000000ebd00000)
  to   space 2560K, 0% used [0x00000000ecc80000,0x00000000ecc80000,0x00000000ecf00000)
 ParOldGen       total 42496K, used 5149K [0x00000000c0000000, 0x00000000c2980000, 0x00000000eab00000)
  object space 42496K, 12% used [0x00000000c0000000,0x00000000c0507628,0x00000000c2980000)
 Metaspace       used 5802K, capacity 6832K, committed 7040K, reserved 1056768K
  class space    used 578K, capacity 616K, committed 640K, reserved 1048576K
Event: 11.771 GC heap after
Heap after GC invocations=4 (full 0):
 PSYoungGen      total 34304K, used 2549K [0x00000000eab00000, 0x00000000ecf00000, 0x0000000100000000)
  eden space 31744K, 0% used [0x00000000eab00000,0x00000000eab00000,0x00000000eca00000)
  from space 2560K, 99% used [0x00000000ecc80000,0x00000000ecefd770,0x00000000ecf00000)
  to   space 2560K, 0% used [0x00000000eca00000,0x00000000eca00000,0x00000000ecc80000)
 ParOldGen       total 42496K, used 7615K [0x00000000c0000000, 0x00000000c2980000, 0x00000000eab00000)
  object space 42496K, 17% used [0x00000000c0000000,0x00000000c076fc50,0x00000000c2980000)
 Metaspace       used 5802K, capacity 6832K, committed 7040K, reserved 1056768K
  class space    used 578K, capacity 616K, committed 640K, reserved 1048576K
}
Event: 13.520 GC heap before
{Heap before GC invocations=5 (full 0):
 PSYoungGen      total 34304K, used 34293K [0x00000000eab00000, 0x00000000ecf00000, 0x0000000100000000)
  eden space 31744K, 100% used [0x00000000eab00000,0x00000000eca00000,0x00000000eca00000)
  from space 2560K, 99% used [0x00000000ecc80000,0x00000000ecefd770,0x00000000ecf00000)
  to   space 2560K, 0% used [0x00000000eca00000,0x00000000eca00000,0x00000000ecc80000)
 ParOldGen       total 42496K, used 7615K [0x00000000c0000000, 0x00000000c2980000, 0x00000000eab00000)
  object space 42496K, 17% used [0x00000000c0000000,0x00000000c076fc50,0x00000000c2980000)
 Metaspace       used 5905K, capacity 6960K, committed 7040K, reserved 1056768K
  class space    used 578K, capacity 616K, committed 640K, reserved 1048576K

Deoptimization events (10 events):
Event: 10.966 Thread 0x00007f7e38138000 Uncommon trap: reason=unstable_if action=reinterpret pc=0x00007f7e2924b5e4 method=com.android.dx.rop.code.RegisterSpec.equals(ILcom/android/dx/rop/type/TypeBearer;Lcom/android/dx/rop/code/LocalItem;)Z @ 42
Event: 11.102 Thread 0x00007f7e38138000 Uncommon trap: reason=unstable_if action=reinterpret pc=0x00007f7e291f6b64 method=java.util.HashMap.getNode(ILjava/lang/Object;)Ljava/util/HashMap$Node; @ 62
Event: 11.103 Thread 0x00007f7e38138000 Uncommon trap: reason=bimorphic action=maybe_recompile pc=0x00007f7e2921dd98 method=java.util.HashMap.getNode(ILjava/lang/Object;)Ljava/util/HashMap$Node; @ 126
Event: 11.392 Thread 0x00007f7e3813f000 Uncommon trap: reason=unstable_if action=reinterpret pc=0x00007f7e292924a4 method=com.android.dx.rop.code.LocalItem.hashCode()I @ 25
Event: 11.393 Thread 0x00007f7e3813f000 Uncommon trap: reason=unstable_if action=reinterpret pc=0x00007f7e292df7b8 method=com.android.dx.rop.code.LocalItem.hashCode()I @ 25
Event: 11.485 Thread 0x00007f7e3800a000 Uncommon trap: reason=unstable_if action=reinterpret pc=0x00007f7e2921aae8 method=java.lang.String.<init>([CII)V @ 18
Event: 11.747 Thread 0x00007f7e3813d000 Uncommon trap: reason=bimorphic action=maybe_recompile pc=0x00007f7e2921dd98 method=java.util.HashMap.getNode(ILjava/lang/Object;)Ljava/util/HashMap$Node; @ 126
Event: 11.752 Thread 0x00007f7e38138000 Uncommon trap: reason=unstable_if action=reinterpret pc=0x00007f7e291f479c method=com.android.dx.rop.cst.Constant.compareTo(Lcom/android/dx/rop/cst/Constant;)I @ 12
Event: 11.952 Thread 0x00007f7e3813f000 Uncommon trap: reason=bimorphic action=maybe_recompile pc=0x00007f7e2921dd98 method=java.util.HashMap.getNode(ILjava/lang/Object;)Ljava/util/HashMap$Node; @ 126
Event: 12.474 Thread 0x00007f7e3800a000 Uncommon trap: reason=unstable_if action=reinterpret pc=0x00007f7e29201428 method=java.lang.String.<init>([CII)V @ 18

Internal exceptions (2 events):
Event: 3.461 Thread 0x00007f7e3800a000 Exception <a 'java/lang/NoSuchMethodError': Method sun.misc.Unsafe.defineClass(Ljava/lang/String;[BII)Ljava/lang/Class; name or signature does not match> (0x00000000eab07c78) thrown at [/build/java8-openjdk/src/jdk8u-jdk8u112-b15/hotspot/src/share/vm/prim
Event: 3.461 Thread 0x00007f7e3800a000 Exception <a 'java/lang/NoSuchMethodError': Method sun.misc.Unsafe.prefetchRead(Ljava/lang/Object;J)V name or signature does not match> (0x00000000eab07f60) thrown at [/build/java8-openjdk/src/jdk8u-jdk8u112-b15/hotspot/src/share/vm/prims/jni.cpp, line 40

Events (10 events):
Event: 12.101 Thread 0x00007f7e3813f000 DEOPT PACKING pc=0x00007f7e293a426c sp=0x00007f7e24476160
Event: 12.101 Thread 0x00007f7e3813f000 DEOPT UNPACKING pc=0x00007f7e29047373 sp=0x00007f7e24475e60 mode 0
Event: 12.358 Thread 0x00007f7e3800a000 Uncommon trap: trap_request=0xffffff65 fr.pc=0x00007f7e29201428
Event: 13.152 Thread 0x00007f7e3800a000 DEOPT PACKING pc=0x00007f7e29201428 sp=0x00007f7e3facf9b0
Event: 13.152 Thread 0x00007f7e3800a000 DEOPT UNPACKING pc=0x00007f7e29004f69 sp=0x00007f7e3facf978 mode 2
Event: 13.411 Thread 0x00007f7e38138000 DEOPT PACKING pc=0x00007f7e293d9f06 sp=0x00007f7e24879e70
Event: 13.411 Thread 0x00007f7e38138000 DEOPT UNPACKING pc=0x00007f7e29047373 sp=0x00007f7e24879cd0 mode 0
Event: 13.431 Thread 0x00007f7e3813d000 DEOPT PACKING pc=0x00007f7e29296687 sp=0x00007f7e24576e10
Event: 13.431 Thread 0x00007f7e3813d000 DEOPT UNPACKING pc=0x00007f7e29047373 sp=0x00007f7e24576b78 mode 0
Event: 13.511 Executing VM operation: ParallelGCFailedAllocation


Dynamic libraries:
00400000-00401000 r-xp 00000000 08:05 134554                             /usr/lib/jvm/java-8-openjdk/jre/bin/java
00600000-00601000 r--p 00000000 08:05 134554                             /usr/lib/jvm/java-8-openjdk/jre/bin/java
00601000-00602000 rw-p 00001000 08:05 134554                             /usr/lib/jvm/java-8-openjdk/jre/bin/java
00606000-00627000 rw-p 00000000 00:00 0                                  [heap]
c0000000-c2980000 rw-p 00000000 00:00 0 
c2980000-eab00000 ---p 00000000 00:00 0 
eab00000-ecf00000 rw-p 00000000 00:00 0 
ef900000-100000000 ---p 00000000 00:00 0 
100000000-1000a0000 rw-p 00000000 00:00 0 
1000a0000-140000000 ---p 00000000 00:00 0 
7f7dd8000000-7f7dd802a000 rw-p 00000000 00:00 0 
7f7dd802a000-7f7ddc000000 ---p 00000000 00:00 0 
7f7de0000000-7f7de0021000 rw-p 00000000 00:00 0 
7f7de0021000-7f7de4000000 ---p 00000000 00:00 0 
7f7de4000000-7f7de4021000 rw-p 00000000 00:00 0 
7f7de4021000-7f7de8000000 ---p 00000000 00:00 0 
7f7de8000000-7f7de8038000 rw-p 00000000 00:00 0 
7f7de8038000-7f7dec000000 ---p 00000000 00:00 0 
7f7dec000000-7f7dec021000 rw-p 00000000 00:00 0 
7f7dec021000-7f7df0000000 ---p 00000000 00:00 0 
7f7df0000000-7f7df0021000 rw-p 00000000 00:00 0 
7f7df0021000-7f7df4000000 ---p 00000000 00:00 0 
7f7df4000000-7f7df4021000 rw-p 00000000 00:00 0 
7f7df4021000-7f7df8000000 ---p 00000000 00:00 0 
7f7df8000000-7f7df84b5000 rw-p 00000000 00:00 0 
7f7df84b5000-7f7dfc000000 ---p 00000000 00:00 0 
7f7dfc000000-7f7dfc654000 rw-p 00000000 00:00 0 
7f7dfc654000-7f7e00000000 ---p 00000000 00:00 0 
7f7e00000000-7f7e00021000 rw-p 00000000 00:00 0 
7f7e00021000-7f7e04000000 ---p 00000000 00:00 0 
7f7e04000000-7f7e04578000 rw-p 00000000 00:00 0 
7f7e04578000-7f7e08000000 ---p 00000000 00:00 0 
7f7e08000000-7f7e08021000 rw-p 00000000 00:00 0 
7f7e08021000-7f7e0c000000 ---p 00000000 00:00 0 
7f7e0c000000-7f7e0c021000 rw-p 00000000 00:00 0 
7f7e0c021000-7f7e10000000 ---p 00000000 00:00 0 
7f7e10000000-7f7e10021000 rw-p 00000000 00:00 0 
7f7e10021000-7f7e14000000 ---p 00000000 00:00 0 
7f7e14000000-7f7e14021000 rw-p 00000000 00:00 0 
7f7e14021000-7f7e18000000 ---p 00000000 00:00 0 
7f7e18000000-7f7e18021000 rw-p 00000000 00:00 0 
7f7e18021000-7f7e1c000000 ---p 00000000 00:00 0 
7f7e1c000000-7f7e1c021000 rw-p 00000000 00:00 0 
7f7e1c021000-7f7e20000000 ---p 00000000 00:00 0 
7f7e20000000-7f7e20021000 rw-p 00000000 00:00 0 
7f7e20021000-7f7e24000000 ---p 00000000 00:00 0 
7f7e24377000-7f7e2437a000 ---p 00000000 00:00 0 
7f7e2437a000-7f7e24478000 rw-p 00000000 00:00 0 
7f7e24478000-7f7e2447b000 ---p 00000000 00:00 0 
7f7e2447b000-7f7e24579000 rw-p 00000000 00:00 0 
7f7e24579000-7f7e2457c000 ---p 00000000 00:00 0 
7f7e2457c000-7f7e2467a000 rw-p 00000000 00:00 0 
7f7e2467a000-7f7e2467d000 ---p 00000000 00:00 0 
7f7e2467d000-7f7e2477b000 rw-p 00000000 00:00 0 
7f7e2477b000-7f7e2477e000 ---p 00000000 00:00 0 
7f7e2477e000-7f7e2487c000 rw-p 00000000 00:00 0 
7f7e2487c000-7f7e2487d000 ---p 00000000 00:00 0 
7f7e2487d000-7f7e2497d000 rw-p 00000000 00:00 0 
7f7e2497d000-7f7e24980000 ---p 00000000 00:00 0 
7f7e24980000-7f7e24a7e000 rw-p 00000000 00:00 0 
7f7e24a7e000-7f7e24a81000 ---p 00000000 00:00 0 
7f7e24a81000-7f7e24b7f000 rw-p 00000000 00:00 0 
7f7e24b7f000-7f7e24b82000 ---p 00000000 00:00 0 
7f7e24b82000-7f7e24c80000 rw-p 00000000 00:00 0 
7f7e24c80000-7f7e24c83000 ---p 00000000 00:00 0 
7f7e24c83000-7f7e24d81000 rw-p 00000000 00:00 0 
7f7e24d81000-7f7e24d84000 ---p 00000000 00:00 0 
7f7e24d84000-7f7e24e82000 rw-p 00000000 00:00 0 
7f7e24e82000-7f7e2501a000 r--p 00000000 08:05 1093560                    /usr/lib/locale/locale-archive
7f7e2501a000-7f7e2501d000 ---p 00000000 00:00 0 
7f7e2501d000-7f7e2511b000 rw-p 00000000 00:00 0 
7f7e2511b000-7f7e2511e000 ---p 00000000 00:00 0 
7f7e2511e000-7f7e2521c000 rw-p 00000000 00:00 0 
7f7e2521c000-7f7e2521d000 ---p 00000000 00:00 0 
7f7e2521d000-7f7e262bb000 rw-p 00000000 00:00 0 
7f7e262bb000-7f7e26489000 r--s 03bf3000 08:05 135770                     /usr/lib/jvm/java-8-openjdk/jre/lib/rt.jar
7f7e26489000-7f7e26b3f000 rw-p 00000000 00:00 0 
7f7e26b3f000-7f7e26cff000 ---p 00000000 00:00 0 
7f7e26cff000-7f7e28eff000 rw-p 00000000 00:00 0 
7f7e28eff000-7f7e28f00000 ---p 00000000 00:00 0 
7f7e28f00000-7f7e29000000 rw-p 00000000 00:00 0 
7f7e29000000-7f7e294a0000 rwxp 00000000 00:00 0 
7f7e294a0000-7f7e38000000 ---p 00000000 00:00 0 
7f7e38000000-7f7e38169000 rw-p 00000000 00:00 0 
7f7e38169000-7f7e3c000000 ---p 00000000 00:00 0 
7f7e3c014000-7f7e3c01f000 r--s 00097000 08:05 1205393                    /home/bhagat/AndroidStudioProjects/Finalyear/app/build/intermediates/exploded-aar/com.android.support/appcompat-v7/24.2.1/jars/classes.jar
7f7e3c01f000-7f7e3c040000 rw-p 00000000 00:00 0 
7f7e3c040000-7f7e3c041000 ---p 00000000 00:00 0 
7f7e3c041000-7f7e3c141000 rw-p 00000000 00:00 0 
7f7e3c141000-7f7e3c142000 ---p 00000000 00:00 0 
7f7e3c142000-7f7e3c242000 rw-p 00000000 00:00 0 
7f7e3c242000-7f7e3c243000 ---p 00000000 00:00 0 
7f7e3c243000-7f7e3c358000 rw-p 00000000 00:00 0 
7f7e3c358000-7f7e3c499000 ---p 00000000 00:00 0 
7f7e3c499000-7f7e3c4ae000 rw-p 00000000 00:00 0 
7f7e3c4ae000-7f7e3c5ee000 ---p 00000000 00:00 0 
7f7e3c5ee000-7f7e3c601000 rw-p 00000000 00:00 0 
7f7e3c601000-7f7e3c699000 ---p 00000000 00:00 0 
7f7e3c699000-7f7e3c6ad000 rw-p 00000000 00:00 0 
7f7e3c6ad000-7f7e3ca5a000 ---p 00000000 00:00 0 
7f7e3ca5a000-7f7e3ca62000 r-xp 00000000 08:05 267048                     /usr/lib/jvm/java-8-openjdk/jre/lib/amd64/libzip.so
7f7e3ca62000-7f7e3cc61000 ---p 00008000 08:05 267048                     /usr/lib/jvm/java-8-openjdk/jre/lib/amd64/libzip.so
7f7e3cc61000-7f7e3cc62000 r--p 00007000 08:05 267048                     /usr/lib/jvm/java-8-openjdk/jre/lib/amd64/libzip.so
7f7e3cc62000-7f7e3cc63000 rw-p 00008000 08:05 267048                     /usr/lib/jvm/java-8-openjdk/jre/lib/amd64/libzip.so
7f7e3cc63000-7f7e3cc6d000 r-xp 00000000 08:05 1049815                    /usr/lib/libnss_files-2.24.so
7f7e3cc6d000-7f7e3ce6d000 ---p 0000a000 08:05 1049815                    /usr/lib/libnss_files-2.24.so
7f7e3ce6d000-7f7e3ce6e000 r--p 0000a000 08:05 1049815                    /usr/lib/libnss_files-2.24.so
7f7e3ce6e000-7f7e3ce6f000 rw-p 0000b000 08:05 1049815                    /usr/lib/libnss_files-2.24.so
7f7e3ce6f000-7f7e3ce75000 rw-p 00000000 00:00 0 
7f7e3ce75000-7f7e3ce80000 r-xp 00000000 08:05 1049817                    /usr/lib/libnss_nis-2.24.so
7f7e3ce80000-7f7e3d07f000 ---p 0000b000 08:05 1049817                    /usr/lib/libnss_nis-2.24.so
7f7e3d07f000-7f7e3d080000 r--p 0000a000 08:05 1049817                    /usr/lib/libnss_nis-2.24.so
7f7e3d080000-7f7e3d081000 rw-p 0000b000 08:05 1049817                    /usr/lib/libnss_nis-2.24.so
7f7e3d081000-7f7e3d095000 r-xp 00000000 08:05 1049821                    /usr/lib/libnsl-2.24.so
7f7e3d095000-7f7e3d295000 ---p 00014000 08:05 1049821                    /usr/lib/libnsl-2.24.so
7f7e3d295000-7f7e3d296000 r--p 00014000 08:05 1049821                    /usr/lib/libnsl-2.24.so
7f7e3d296000-7f7e3d297000 rw-p 00015000 08:05 1049821                    /usr/lib/libnsl-2.24.so
7f7e3d297000-7f7e3d299000 rw-p 00000000 00:00 0 
7f7e3d299000-7f7e3d2a0000 r-xp 00000000 08:05 1049811                    /usr/lib/libnss_compat-2.24.so
7f7e3d2a0000-7f7e3d49f000 ---p 00007000 08:05 1049811                    /usr/lib/libnss_compat-2.24.so
7f7e3d49f000-7f7e3d4a0000 r--p 00006000 08:05 1049811                    /usr/lib/libnss_compat-2.24.so
7f7e3d4a0000-7f7e3d4a1000 rw-p 00007000 08:05 1049811                    /usr/lib/libnss_compat-2.24.so
7f7e3d4a1000-7f7e3d4ce000 r-xp 00000000 08:05 267016                     /usr/lib/jvm/java-8-openjdk/jre/lib/amd64/libjava.so
7f7e3d4ce000-7f7e3d6cd000 ---p 0002d000 08:05 267016                     /usr/lib/jvm/java-8-openjdk/jre/lib/amd64/libjava.so
7f7e3d6cd000-7f7e3d6ce000 r--p 0002c000 08:05 267016                     /usr/lib/jvm/java-8-openjdk/jre/lib/amd64/libjava.so
7f7e3d6ce000-7f7e3d6d0000 rw-p 0002d000 08:05 267016                     /usr/lib/jvm/java-8-openjdk/jre/lib/amd64/libjava.so
7f7e3d6d0000-7f7e3d6dd000 r-xp 00000000 08:05 267017                     /usr/lib/jvm/java-8-openjdk/jre/lib/amd64/libverify.so
7f7e3d6dd000-7f7e3d8dc000 ---p 0000d000 08:05 267017                     /usr/lib/jvm/java-8-openjdk/jre/lib/amd64/libverify.so
7f7e3d8dc000-7f7e3d8de000 r--p 0000c000 08:05 267017                     /usr/lib/jvm/java-8-openjdk/jre/lib/amd64/libverify.so
7f7e3d8de000-7f7e3d8df000 rw-p 0000e000 08:05 267017                     /usr/lib/jvm/java-8-openjdk/jre/lib/amd64/libverify.so
7f7e3d8df000-7f7e3d8e6000 r-xp 00000000 08:05 1049823                    /usr/lib/librt-2.24.so
7f7e3d8e6000-7f7e3dae5000 ---p 00007000 08:05 1049823                    /usr/lib/librt-2.24.so
7f7e3dae5000-7f7e3dae6000 r--p 00006000 08:05 1049823                    /usr/lib/librt-2.24.so
7f7e3dae6000-7f7e3dae7000 rw-p 00007000 08:05 1049823                    /usr/lib/librt-2.24.so
7f7e3dae7000-7f7e3dbea000 r-xp 00000000 08:05 1049820                    /usr/lib/libm-2.24.so
7f7e3dbea000-7f7e3dde9000 ---p 00103000 08:05 1049820                    /usr/lib/libm-2.24.so
7f7e3dde9000-7f7e3ddea000 r--p 00102000 08:05 1049820                    /usr/lib/libm-2.24.so
7f7e3ddea000-7f7e3ddeb000 rw-p 00103000 08:05 1049820                    /usr/lib/libm-2.24.so
7f7e3ddeb000-7f7e3ea16000 r-xp 00000000 08:05 271197                     /usr/lib/jvm/java-8-openjdk/jre/lib/amd64/server/libjvm.so
7f7e3ea16000-7f7e3ec15000 ---p 00c2b000 08:05 271197                     /usr/lib/jvm/java-8-openjdk/jre/lib/amd64/server/libjvm.so
7f7e3ec15000-7f7e3eca9000 r--p 00c2a000 08:05 271197                     /usr/lib/jvm/java-8-openjdk/jre/lib/amd64/server/libjvm.so
7f7e3eca9000-7f7e3ecd2000 rw-p 00cbe000 08:05 271197                     /usr/lib/jvm/java-8-openjdk/jre/lib/amd64/server/libjvm.so
7f7e3ecd2000-7f7e3ed02000 rw-p 00000000 00:00 0 
7f7e3ed02000-7f7e3ee97000 r-xp 00000000 08:05 1049753                    /usr/lib/libc-2.24.so
7f7e3ee97000-7f7e3f096000 ---p 00195000 08:05 1049753                    /usr/lib/libc-2.24.so
7f7e3f096000-7f7e3f09a000 r--p 00194000 08:05 1049753                    /usr/lib/libc-2.24.so
7f7e3f09a000-7f7e3f09c000 rw-p 00198000 08:05 1049753                    /usr/lib/libc-2.24.so
7f7e3f09c000-7f7e3f0a0000 rw-p 00000000 00:00 0 
7f7e3f0a0000-7f7e3f0a2000 r-xp 00000000 08:05 1049819                    /usr/lib/libdl-2.24.so
7f7e3f0a2000-7f7e3f2a2000 ---p 00002000 08:05 1049819                    /usr/lib/libdl-2.24.so
7f7e3f2a2000-7f7e3f2a3000 r--p 00002000 08:05 1049819                    /usr/lib/libdl-2.24.so
7f7e3f2a3000-7f7e3f2a4000 rw-p 00003000 08:05 1049819                    /usr/lib/libdl-2.24.so
7f7e3f2a4000-7f7e3f2b1000 r-xp 00000000 08:05 271195                     /usr/lib/jvm/java-8-openjdk/jre/lib/amd64/jli/libjli.so
7f7e3f2b1000-7f7e3f4b0000 ---p 0000d000 08:05 271195                     /usr/lib/jvm/java-8-openjdk/jre/lib/amd64/jli/libjli.so
7f7e3f4b0000-7f7e3f4b1000 r--p 0000c000 08:05 271195                     /usr/lib/jvm/java-8-openjdk/jre/lib/amd64/jli/libjli.so
7f7e3f4b1000-7f7e3f4b2000 rw-p 0000d000 08:05 271195                     /usr/lib/jvm/java-8-openjdk/jre/lib/amd64/jli/libjli.so
7f7e3f4b2000-7f7e3f4c7000 r-xp 00000000 08:05 1057421                    /usr/lib/libz.so.1.2.8
7f7e3f4c7000-7f7e3f6c6000 ---p 00015000 08:05 1057421                    /usr/lib/libz.so.1.2.8
7f7e3f6c6000-7f7e3f6c7000 r--p 00014000 08:05 1057421                    /usr/lib/libz.so.1.2.8
7f7e3f6c7000-7f7e3f6c8000 rw-p 00015000 08:05 1057421                    /usr/lib/libz.so.1.2.8
7f7e3f6c8000-7f7e3f6e0000 r-xp 00000000 08:05 1049731                    /usr/lib/libpthread-2.24.so
7f7e3f6e0000-7f7e3f8df000 ---p 00018000 08:05 1049731                    /usr/lib/libpthread-2.24.so
7f7e3f8df000-7f7e3f8e0000 r--p 00017000 08:05 1049731                    /usr/lib/libpthread-2.24.so
7f7e3f8e0000-7f7e3f8e1000 rw-p 00018000 08:05 1049731                    /usr/lib/libpthread-2.24.so
7f7e3f8e1000-7f7e3f8e5000 rw-p 00000000 00:00 0 
7f7e3f8e5000-7f7e3f908000 r-xp 00000000 08:05 1049752                    /usr/lib/ld-2.24.so
7f7e3f90c000-7f7e3f9d1000 rw-p 00000000 00:00 0 
7f7e3f9d1000-7f7e3f9d4000 ---p 00000000 00:00 0 
7f7e3f9d4000-7f7e3fad4000 rw-p 00000000 00:00 0 
7f7e3fad9000-7f7e3fae7000 r--s 000e0000 08:05 808968                     /home/bhagat/Android/Sdk/build-tools/24.0.0-preview/lib/dx.jar
7f7e3fae7000-7f7e3fafb000 rw-p 00000000 00:00 0 
7f7e3fafb000-7f7e3fb03000 rw-s 00000000 00:22 368988                     /tmp/hsperfdata_bhagat/27334
7f7e3fb03000-7f7e3fb04000 rw-p 00000000 00:00 0 
7f7e3fb04000-7f7e3fb05000 ---p 00000000 00:00 0 
7f7e3fb05000-7f7e3fb07000 rw-p 00000000 00:00 0 
7f7e3fb07000-7f7e3fb08000 r--p 00022000 08:05 1049752                    /usr/lib/ld-2.24.so
7f7e3fb08000-7f7e3fb09000 rw-p 00023000 08:05 1049752                    /usr/lib/ld-2.24.so
7f7e3fb09000-7f7e3fb0a000 rw-p 00000000 00:00 0 
7fff366bd000-7fff366de000 rw-p 00000000 00:00 0                          [stack]
7fff3674d000-7fff3674f000 r--p 00000000 00:00 0                          [vvar]
7fff3674f000-7fff36751000 r-xp 00000000 00:00 0                          [vdso]
ffffffffff600000-ffffffffff601000 r-xp 00000000 00:00 0                  [vsyscall]

VM Arguments:
jvm_args: -Djava.awt.headless=true -Xmx1024M -Dfile.encoding=UTF-8 -Duser.country=US -Duser.language=en -Duser.variant 
java_command: com.android.dx.command.Main --dex --force-jumbo --num-threads=4 --multi-dex --output /home/bhagat/AndroidStudioProjects/Finalyear/app/build/intermediates/transforms/dex/debug/folders/1000/10/com.android.support-appcompat-v7-24.2.1_ee9631b22b9a778b57b56a08ab444f60936dd609 /home/bhagat/AndroidStudioProjects/Finalyear/app/build/intermediates/exploded-aar/com.android.support/appcompat-v7/24.2.1/jars/classes.jar
java_class_path (initial): /home/bhagat/Android/Sdk/build-tools/24.0.0-preview/lib/dx.jar
Launcher Type: SUN_STANDARD

Environment Variables:
PATH=/usr/local/sbin:/usr/local/bin:/usr/bin:/opt/android-sdk/platform-tools:/opt/android-sdk/tools:/usr/lib/jvm/default/bin:/usr/bin/site_perl:/usr/bin/vendor_perl:/usr/bin/core_perl
USERNAME=bhagat
LD_LIBRARY_PATH=/opt/android-studio/bin:
SHELL=/bin/bash
DISPLAY=:0.0

Signal Handlers:
SIGSEGV: [libjvm.so+0xa2d580], sa_mask[0]=11111111011111111101111111111110, sa_flags=SA_RESTART|SA_SIGINFO
SIGBUS: [libjvm.so+0xa2d580], sa_mask[0]=11111111011111111101111111111110, sa_flags=SA_RESTART|SA_SIGINFO
SIGFPE: [libjvm.so+0x881ab0], sa_mask[0]=11111111011111111101111111111110, sa_flags=SA_RESTART|SA_SIGINFO
SIGPIPE: [libjvm.so+0x881ab0], sa_mask[0]=11111111011111111101111111111110, sa_flags=SA_RESTART|SA_SIGINFO
SIGXFSZ: [libjvm.so+0x881ab0], sa_mask[0]=11111111011111111101111111111110, sa_flags=SA_RESTART|SA_SIGINFO
SIGILL: [libjvm.so+0x881ab0], sa_mask[0]=11111111011111111101111111111110, sa_flags=SA_RESTART|SA_SIGINFO
SIGUSR1: SIG_DFL, sa_mask[0]=00000000000000000000000000000000, sa_flags=none
SIGUSR2: [libjvm.so+0x881980], sa_mask[0]=00100000000000000000000000000000, sa_flags=SA_RESTART|SA_SIGINFO
SIGHUP: [libjvm.so+0x881df0], sa_mask[0]=11111111011111111101111111111110, sa_flags=SA_RESTART|SA_SIGINFO
SIGINT: [libjvm.so+0x881df0], sa_mask[0]=11111111011111111101111111111110, sa_flags=SA_RESTART|SA_SIGINFO
SIGTERM: [libjvm.so+0x881df0], sa_mask[0]=11111111011111111101111111111110, sa_flags=SA_RESTART|SA_SIGINFO
SIGQUIT: [libjvm.so+0x881df0], sa_mask[0]=11111111011111111101111111111110, sa_flags=SA_RESTART|SA_SIGINFO


---------------  S Y S T E M  ---------------

OS:NAME="Arch Linux"
PRETTY_NAME="Arch Linux"
ID=arch
ID_LIKE=archlinux
ANSI_COLOR="0;36"
HOME_URL="https://www.archlinux.org/"
SUPPORT_URL="https://bbs.archlinux.org/"
BUG_REPORT_URL="https://bugs.archlinux.org/"


uname:Linux 4.7.2-1-ARCH #1 SMP PREEMPT Sat Aug 20 23:02:56 CEST 2016 x86_64
libc:glibc 2.24 NPTL 2.24 
rlimit: STACK 8192k, CORE infinity, NPROC 15461, NOFILE 4096, AS infinity
load average:20.13 8.91 4.23

/proc/meminfo:
MemTotal:        3965584 kB
MemFree:          106340 kB
MemAvailable:      42828 kB
Buffers:            1336 kB
Cached:           192368 kB
SwapCached:            0 kB
Active:          3498416 kB
Inactive:         173812 kB
Active(anon):    3486908 kB
Inactive(anon):    96800 kB
Active(file):      11508 kB
Inactive(file):    77012 kB
Unevictable:           0 kB
Mlocked:               0 kB
SwapTotal:             0 kB
SwapFree:              0 kB
Dirty:             11604 kB
Writeback:           120 kB
AnonPages:       3478648 kB
Mapped:            98792 kB
Shmem:            105068 kB
Slab:              64428 kB
SReclaimable:      29628 kB
SUnreclaim:        34800 kB
KernelStack:        9168 kB
PageTables:        33024 kB
NFS_Unstable:          0 kB
Bounce:                0 kB
WritebackTmp:          0 kB
CommitLimit:     1982792 kB
Committed_AS:    6417892 kB
VmallocTotal:   34359738367 kB
VmallocUsed:           0 kB
VmallocChunk:          0 kB
HardwareCorrupted:     0 kB
AnonHugePages:    534528 kB
HugePages_Total:       0
HugePages_Free:        0
HugePages_Rsvd:        0
HugePages_Surp:        0
Hugepagesize:       2048 kB
DirectMap4k:      226048 kB
DirectMap2M:     3883008 kB
DirectMap1G:     1048576 kB


CPU:total 4 (2 cores per cpu, 2 threads per core) family 6 model 60 stepping 3, cmov, cx8, fxsr, mmx, sse, sse2, sse3, ssse3, sse4.1, sse4.2, popcnt, avx, avx2, aes, clmul, erms, lzcnt, ht, tsc, tscinvbit, bmi1, bmi2

/proc/cpuinfo:
processor	: 0
vendor_id	: GenuineIntel
cpu family	: 6
model		: 60
model name	: Intel(R) Core(TM) i5-4200M CPU @ 2.50GHz
stepping	: 3
microcode	: 0x12
cpu MHz		: 2167.816
cache size	: 3072 KB
physical id	: 0
siblings	: 4
core id		: 0
cpu cores	: 2
apicid		: 0
initial apicid	: 0
fpu		: yes
fpu_exception	: yes
cpuid level	: 13
wp		: yes
flags		: fpu vme de pse tsc msr pae mce cx8 apic sep mtrr pge mca cmov pat pse36 clflush dts acpi mmx fxsr sse sse2 ss ht tm pbe syscall nx pdpe1gb rdtscp lm constant_tsc arch_perfmon pebs bts rep_good nopl xtopology nonstop_tsc aperfmperf eagerfpu pni pclmulqdq dtes64 monitor ds_cpl vmx est tm2 ssse3 sdbg fma cx16 xtpr pdcm pcid sse4_1 sse4_2 movbe popcnt tsc_deadline_timer aes xsave avx f16c rdrand lahf_lm abm epb tpr_shadow vnmi flexpriority ept vpid fsgsbase tsc_adjust bmi1 avx2 smep bmi2 erms invpcid xsaveopt dtherm ida arat pln pts
bugs		:
bogomips	: 4990.86
clflush size	: 64
cache_alignment	: 64
address sizes	: 39 bits physical, 48 bits virtual
power management:

processor	: 1
vendor_id	: GenuineIntel
cpu family	: 6
model		: 60
model name	: Intel(R) Core(TM) i5-4200M CPU @ 2.50GHz
stepping	: 3
microcode	: 0x12
cpu MHz		: 2388.305
cache size	: 3072 KB
physical id	: 0
siblings	: 4
core id		: 0
cpu cores	: 2
apicid		: 1
initial apicid	: 1
fpu		: yes
fpu_exception	: yes
cpuid level	: 13
wp		: yes
flags		: fpu vme de pse tsc msr pae mce cx8 apic sep mtrr pge mca cmov pat pse36 clflush dts acpi mmx fxsr sse sse2 ss ht tm pbe syscall nx pdpe1gb rdtscp lm constant_tsc arch_perfmon pebs bts rep_good nopl xtopology nonstop_tsc aperfmperf eagerfpu pni pclmulqdq dtes64 monitor ds_cpl vmx est tm2 ssse3 sdbg fma cx16 xtpr pdcm pcid sse4_1 sse4_2 movbe popcnt tsc_deadline_timer aes xsave avx f16c rdrand lahf_lm abm epb tpr_shadow vnmi flexpriority ept vpid fsgsbase tsc_adjust bmi1 avx2 smep bmi2 erms invpcid xsaveopt dtherm ida arat pln pts
bugs		:
bogomips	: 4992.52
clflush size	: 64
cache_alignment	: 64
address sizes	: 39 bits physical, 48 bits virtual
power management:

processor	: 2
vendor_id	: GenuineIntel
cpu family	: 6
model		: 60
model name	: Intel(R) Core(TM) i5-4200M CPU @ 2.50GHz
stepping	: 3
microcode	: 0x12
cpu MHz		: 2274.475
cache size	: 3072 KB
physical id	: 0
siblings	: 4
core id		: 1
cpu cores	: 2
apicid		: 2
initial apicid	: 2
fpu		: yes
fpu_exception	: yes
cpuid level	: 13
wp		: yes
flags		: fpu vme de pse tsc msr pae mce cx8 apic sep mtrr pge mca cmov pat pse36 clflush dts acpi mmx fxsr sse sse2 ss ht tm pbe syscall nx pdpe1gb rdtscp lm constant_tsc arch_perfmon pebs bts rep_good nopl xtopology nonstop_tsc aperfmperf eagerfpu pni pclmulqdq dtes64 monitor ds_cpl vmx est tm2 ssse3 sdbg fma cx16 xtpr pdcm pcid sse4_1 sse4_2 movbe popcnt tsc_deadline_timer aes xsave avx f16c rdrand lahf_lm abm epb tpr_shadow vnmi flexpriority ept vpid fsgsbase tsc_adjust bmi1 avx2 smep bmi2 erms invpcid xsaveopt dtherm ida arat pln pts
bugs		:
bogomips	: 4992.96
clflush size	: 64
cache_alignment	: 64
address sizes	: 39 bits physical, 48 bits virtual
power management:

processor	: 3
vendor_id	: GenuineIntel
cpu family	: 6
model		: 60
model name	: Intel(R) Core(TM) i5-4200M CPU @ 2.50GHz
stepping	: 3
microcode	: 0x12
cpu MHz		: 2411.499
cache size	: 3072 KB
physical id	: 0
siblings	: 4
core id		: 1
cpu cores	: 2
apicid		: 3
initial apicid	: 3
fpu		: yes
fpu_exception	: yes
cpuid level	: 13
wp		: yes
flags		: fpu vme de pse tsc msr pae mce cx8 apic sep mtrr pge mca cmov pat pse36 clflush dts acpi mmx fxsr sse sse2 ss ht tm pbe syscall nx pdpe1gb rdtscp lm constant_tsc arch_perfmon pebs bts rep_good nopl xtopology nonstop_tsc aperfmperf eagerfpu pni pclmulqdq dtes64 monitor ds_cpl vmx est tm2 ssse3 sdbg fma cx16 xtpr pdcm pcid sse4_1 sse4_2 movbe popcnt tsc_deadline_timer aes xsave avx f16c rdrand lahf_lm abm epb tpr_shadow vnmi flexpriority ept vpid fsgsbase tsc_adjust bmi1 avx2 smep bmi2 erms invpcid xsaveopt dtherm ida arat pln pts
bugs		:
bogomips	: 4992.96
clflush size	: 64
cache_alignment	: 64
address sizes	: 39 bits physical, 48 bits virtual
power management:



Memory: 4k page, physical 3965584k(106340k free), swap 0k(0k free)

vm_info: OpenJDK 64-Bit Server VM (25.112-b15) for linux-amd64 JRE (1.8.0_112-b15), built on Oct 23 2016 10:14:19 by "builduser" with gcc 6.2.1 20160830

time: Fri Jan 20 00:27:16 2017
elapsed time: 33 seconds (0d 0h 0m 33s)

