#
# There is insufficient memory for the Java Runtime Environment to continue.
# Native memory allocation (mmap) failed to map 36175872 bytes for committing reserved memory.
# Possible reasons:
#   The system is out of physical RAM or swap space
#   In 32 bit mode, the process size limit was hit
# Possible solutions:
#   Reduce memory load on the system
#   Increase physical memory or swap space
#   Check if swap backing store is full
#   Use 64 bit Java on a 64 bit OS
#   Decrease Java heap size (-Xmx/-Xms)
#   Decrease number of Java threads
#   Decrease Java thread stack sizes (-Xss)
#   Set larger code cache with -XX:ReservedCodeCacheSize=
# This output file may be truncated or incomplete.
#
#  Out of Memory Error (os_linux.cpp:2627), pid=23249, tid=0x00007fef54722700
#
# JRE version: OpenJDK Runtime Environment (8.0_112-b15) (build 1.8.0_112-b15)
# Java VM: OpenJDK 64-Bit Server VM (25.112-b15 mixed mode linux-amd64 compressed oops)
# Core dump written. Default location: /home/bhagat/AndroidStudioProjects/Finalyear/app/core or core.23249
#

---------------  T H R E A D  ---------------

Current thread (0x00007fef6c077800):  VMThread [stack: 0x00007fef54622000,0x00007fef54723000] [id=23258]

Stack: [0x00007fef54622000,0x00007fef54723000],  sp=0x00007fef54721560,  free space=1021k
Native frames: (J=compiled Java code, j=interpreted, Vv=VM code, C=native code)
V  [libjvm.so+0xa2cb3b]
V  [libjvm.so+0x4b2057]
V  [libjvm.so+0x885d40]
V  [libjvm.so+0x880a7f]
V  [libjvm.so+0x8f84fe]
V  [libjvm.so+0x8f97ab]
V  [libjvm.so+0x8f5f6b]
V  [libjvm.so+0x8f623c]
V  [libjvm.so+0x8a90d3]
V  [libjvm.so+0xa2e5a3]
V  [libjvm.so+0xa334a7]
V  [libjvm.so+0xa30e17]
V  [libjvm.so+0xa3211e]
V  [libjvm.so+0xa32612]
V  [libjvm.so+0x883612]

VM_Operation (0x00007fef4f7f6040): ParallelGCFailedAllocation, mode: safepoint, requested by thread 0x00007fef6c137800


---------------  P R O C E S S  ---------------

Java Threads: ( => current thread )
  0x00007fef6c137800 JavaThread "pool-2-thread-4" [_thread_blocked, id=23275, stack(0x00007fef4f6f7000,0x00007fef4f7f8000)]
  0x00007fef6c124000 JavaThread "pool-3-thread-1" [_thread_blocked, id=23271, stack(0x00007fef4f9fa000,0x00007fef4fafb000)]
  0x00007fef6c122800 JavaThread "pool-2-thread-1" [_thread_blocked, id=23270, stack(0x00007fef4fafb000,0x00007fef4fbfc000)]
  0x00007fef6c0bf000 JavaThread "Service Thread" daemon [_thread_blocked, id=23266, stack(0x00007fef4fcfd000,0x00007fef4fdfe000)]
  0x00007fef6c0bc000 JavaThread "C1 CompilerThread2" daemon [_thread_blocked, id=23264, stack(0x00007fef4fdfe000,0x00007fef4feff000)]
  0x00007fef6c0ba800 JavaThread "C2 CompilerThread1" daemon [_thread_blocked, id=23263, stack(0x00007fef4feff000,0x00007fef50000000)]
  0x00007fef6c0b7800 JavaThread "C2 CompilerThread0" daemon [_thread_blocked, id=23262, stack(0x00007fef54086000,0x00007fef54187000)]
  0x00007fef6c0b6800 JavaThread "Signal Dispatcher" daemon [_thread_blocked, id=23261, stack(0x00007fef54187000,0x00007fef54288000)]
  0x00007fef6c083800 JavaThread "Finalizer" daemon [_thread_blocked, id=23260, stack(0x00007fef54420000,0x00007fef54521000)]
  0x00007fef6c07f000 JavaThread "Reference Handler" daemon [_thread_blocked, id=23259, stack(0x00007fef54521000,0x00007fef54622000)]
  0x00007fef6c00a000 JavaThread "main" [_thread_blocked, id=23251, stack(0x00007fef72e4d000,0x00007fef72f4e000)]

Other Threads:
=>0x00007fef6c077800 VMThread [stack: 0x00007fef54622000,0x00007fef54723000] [id=23258]
  0x00007fef6c0c1800 WatcherThread [stack: 0x00007fef4fbfc000,0x00007fef4fcfd000] [id=23267]

VM state:at safepoint (normal execution)

VM Mutex/Monitor currently owned by a thread:  ([mutex/lock_event])
[0x00007fef6c0064e0] Threads_lock - owner thread: 0x00007fef6c077800
[0x00007fef6c0069e0] Heap_lock - owner thread: 0x00007fef6c137800

Heap:
 PSYoungGen      total 123392K, used 41444K [0x00000000eab00000, 0x00000000f6980000, 0x0000000100000000)
  eden space 81920K, 0% used [0x00000000eab00000,0x00000000eab00000,0x00000000efb00000)
  from space 41472K, 99% used [0x00000000f4100000,0x00000000f6979010,0x00000000f6980000)
  to   space 30208K, 0% used [0x00000000efb00000,0x00000000efb00000,0x00000000f1880000)
 ParOldGen       total 110592K, used 76686K [0x00000000c0000000, 0x00000000c6c00000, 0x00000000eab00000)
  object space 110592K, 69% used [0x00000000c0000000,0x00000000c4ae39e0,0x00000000c6c00000)
 Metaspace       used 5908K, capacity 7024K, committed 7296K, reserved 1056768K
  class space    used 578K, capacity 616K, committed 640K, reserved 1048576K

Card table byte_map: [0x00007fef5c836000,0x00007fef5ca37000] byte_map_base: 0x00007fef5c236000

Marking Bits: (ParMarkBitMap*) 0x00007fef72161260
 Begin Bits: [0x00007fef56000000, 0x00007fef57000000)
 End Bits:   [0x00007fef57000000, 0x00007fef58000000)

Polling page: 0x00007fef72f80000

CodeCache: size=245760Kb used=6441Kb max_used=6441Kb free=239318Kb
 bounds [0x00007fef5cdf7000, 0x00007fef5d457000, 0x00007fef6bdf7000]
 total_blobs=1767 nmethods=1506 adapters=175
 compilation: enabled

Compilation events (10 events):
Event: 9.455 Thread 0x00007fef6c0bc000 1783       3       com.android.dx.ssa.SsaMethod::makeExitBlock (134 bytes)
Event: 9.456 Thread 0x00007fef6c0bc000 nmethod 1783 0x00007fef5d43d150 code [0x00007fef5d43d3c0, 0x00007fef5d43e248]
Event: 9.482 Thread 0x00007fef6c0bc000 1785       3       com.android.dx.ssa.SCCP::<init> (142 bytes)
Event: 9.484 Thread 0x00007fef6c0bc000 nmethod 1785 0x00007fef5d43b4d0 code [0x00007fef5d43b740, 0x00007fef5d43c868]
Event: 9.984 Thread 0x00007fef6c0bc000 1791       2       com.android.dx.ssa.PhiInsn::updateSourcesToDefinitions (68 bytes)
Event: 9.985 Thread 0x00007fef6c0bc000 nmethod 1791 0x00007fef5d43ab90 code [0x00007fef5d43ad40, 0x00007fef5d43b118]
Event: 9.985 Thread 0x00007fef6c0bc000 1792 %     3       com.android.dx.ssa.PhiInsn::getSources @ 48 (95 bytes)
Event: 9.986 Thread 0x00007fef6c0bc000 nmethod 1792% 0x00007fef5d4436d0 code [0x00007fef5d443960, 0x00007fef5d4449f8]
Event: 9.986 Thread 0x00007fef6c0bc000 1793       3       com.android.dx.ssa.PhiInsn::getSources (95 bytes)
Event: 9.987 Thread 0x00007fef6c0bc000 nmethod 1793 0x00007fef5d4456d0 code [0x00007fef5d445940, 0x00007fef5d446958]

GC Heap History (10 events):
Event: 4.578 GC heap after
Heap after GC invocations=5 (full 1):
 PSYoungGen      total 66048K, used 0K [0x00000000eab00000, 0x00000000eee00000, 0x0000000100000000)
  eden space 63488K, 0% used [0x00000000eab00000,0x00000000eab00000,0x00000000ee900000)
  from space 2560K, 0% used [0x00000000eeb80000,0x00000000eeb80000,0x00000000eee00000)
  to   space 2560K, 0% used [0x00000000ee900000,0x00000000ee900000,0x00000000eeb80000)
 ParOldGen       total 66048K, used 25135K [0x00000000c0000000, 0x00000000c4080000, 0x00000000eab00000)
  object space 66048K, 38% used [0x00000000c0000000,0x00000000c188be68,0x00000000c4080000)
 Metaspace       used 5724K, capacity 6832K, committed 7040K, reserved 1056768K
  class space    used 576K, capacity 616K, committed 640K, reserved 1048576K
}
Event: 5.624 GC heap before
{Heap before GC invocations=6 (full 1):
 PSYoungGen      total 66048K, used 63488K [0x00000000eab00000, 0x00000000eee00000, 0x0000000100000000)
  eden space 63488K, 100% used [0x00000000eab00000,0x00000000ee900000,0x00000000ee900000)
  from space 2560K, 0% used [0x00000000eeb80000,0x00000000eeb80000,0x00000000eee00000)
  to   space 2560K, 0% used [0x00000000ee900000,0x00000000ee900000,0x00000000eeb80000)
 ParOldGen       total 66048K, used 25135K [0x00000000c0000000, 0x00000000c4080000, 0x00000000eab00000)
  object space 66048K, 38% used [0x00000000c0000000,0x00000000c188be68,0x00000000c4080000)
 Metaspace       used 5831K, capacity 6960K, committed 7040K, reserved 1056768K
  class space    used 576K, capacity 616K, committed 640K, reserved 1048576K
Event: 5.701 GC heap after
Heap after GC invocations=6 (full 1):
 PSYoungGen      total 66048K, used 2533K [0x00000000eab00000, 0x00000000f3780000, 0x0000000100000000)
  eden space 63488K, 0% used [0x00000000eab00000,0x00000000eab00000,0x00000000ee900000)
  from space 2560K, 98% used [0x00000000ee900000,0x00000000eeb794b8,0x00000000eeb80000)
  to   space 26112K, 0% used [0x00000000f1e00000,0x00000000f1e00000,0x00000000f3780000)
 ParOldGen       total 66048K, used 45563K [0x00000000c0000000, 0x00000000c4080000, 0x00000000eab00000)
  object space 66048K, 68% used [0x00000000c0000000,0x00000000c2c7ed88,0x00000000c4080000)
 Metaspace       used 5831K, capacity 6960K, committed 7040K, reserved 1056768K
  class space    used 576K, capacity 616K, committed 640K, reserved 1048576K
}
Event: 5.701 GC heap before
{Heap before GC invocations=7 (full 2):
 PSYoungGen      total 66048K, used 2533K [0x00000000eab00000, 0x00000000f3780000, 0x0000000100000000)
  eden space 63488K, 0% used [0x00000000eab00000,0x00000000eab00000,0x00000000ee900000)
  from space 2560K, 98% used [0x00000000ee900000,0x00000000eeb794b8,0x00000000eeb80000)
  to   space 26112K, 0% used [0x00000000f1e00000,0x00000000f1e00000,0x00000000f3780000)
 ParOldGen       total 66048K, used 45563K [0x00000000c0000000, 0x00000000c4080000, 0x00000000eab00000)
  object space 66048K, 68% used [0x00000000c0000000,0x00000000c2c7ed88,0x00000000c4080000)
 Metaspace       used 5831K, capacity 6960K, committed 7040K, reserved 1056768K
  class space    used 576K, capacity 616K, committed 640K, reserved 1048576K
Event: 6.057 GC heap after
Heap after GC invocations=7 (full 2):
 PSYoungGen      total 66048K, used 0K [0x00000000eab00000, 0x00000000f3780000, 0x0000000100000000)
  eden space 63488K, 0% used [0x00000000eab00000,0x00000000eab00000,0x00000000ee900000)
  from space 2560K, 0% used [0x00000000ee900000,0x00000000ee900000,0x00000000eeb80000)
  to   space 26112K, 0% used [0x00000000f1e00000,0x00000000f1e00000,0x00000000f3780000)
 ParOldGen       total 110592K, used 45526K [0x00000000c0000000, 0x00000000c6c00000, 0x00000000eab00000)
  object space 110592K, 41% used [0x00000000c0000000,0x00000000c2c75b28,0x00000000c6c00000)
 Metaspace       used 5831K, capacity 6960K, committed 7040K, reserved 1056768K
  class space    used 576K, capacity 616K, committed 640K, reserved 1048576K
}
Event: 6.722 GC heap before
{Heap before GC invocations=8 (full 2):
 PSYoungGen      total 66048K, used 63488K [0x00000000eab00000, 0x00000000f3780000, 0x0000000100000000)
  eden space 63488K, 100% used [0x00000000eab00000,0x00000000ee900000,0x00000000ee900000)
  from space 2560K, 0% used [0x00000000ee900000,0x00000000ee900000,0x00000000eeb80000)
  to   space 26112K, 0% used [0x00000000f1e00000,0x00000000f1e00000,0x00000000f3780000)
 ParOldGen       total 110592K, used 45526K [0x00000000c0000000, 0x00000000c6c00000, 0x00000000eab00000)
  object space 110592K, 41% used [0x00000000c0000000,0x00000000c2c75b28,0x00000000c6c00000)
 Metaspace       used 5863K, capacity 6960K, committed 7040K, reserved 1056768K
  class space    used 576K, capacity 616K, committed 640K, reserved 1048576K
Event: 6.767 GC heap after
Heap after GC invocations=8 (full 2):
 PSYoungGen      total 106496K, used 23518K [0x00000000eab00000, 0x00000000f3600000, 0x0000000100000000)
  eden space 81920K, 0% used [0x00000000eab00000,0x00000000eab00000,0x00000000efb00000)
  from space 24576K, 95% used [0x00000000f1e00000,0x00000000f34f79e8,0x00000000f3600000)
  to   space 30208K, 0% used [0x00000000efb00000,0x00000000efb00000,0x00000000f1880000)
 ParOldGen       total 110592K, used 45534K [0x00000000c0000000, 0x00000000c6c00000, 0x00000000eab00000)
  object space 110592K, 41% used [0x00000000c0000000,0x00000000c2c77b28,0x00000000c6c00000)
 Metaspace       used 5863K, capacity 6960K, committed 7040K, reserved 1056768K
  class space    used 576K, capacity 616K, committed 640K, reserved 1048576K
}
Event: 7.720 GC heap before
{Heap before GC invocations=9 (full 2):
 PSYoungGen      total 106496K, used 105438K [0x00000000eab00000, 0x00000000f3600000, 0x0000000100000000)
  eden space 81920K, 100% used [0x00000000eab00000,0x00000000efb00000,0x00000000efb00000)
  from space 24576K, 95% used [0x00000000f1e00000,0x00000000f34f79e8,0x00000000f3600000)
  to   space 30208K, 0% used [0x00000000efb00000,0x00000000efb00000,0x00000000f1880000)
 ParOldGen       total 110592K, used 45534K [0x00000000c0000000, 0x00000000c6c00000, 0x00000000eab00000)
  object space 110592K, 41% used [0x00000000c0000000,0x00000000c2c77b28,0x00000000c6c00000)
 Metaspace       used 5903K, capacity 7024K, committed 7296K, reserved 1056768K
  class space    used 578K, capacity 616K, committed 640K, reserved 1048576K
Event: 7.933 GC heap after
Heap after GC invocations=9 (full 2):
 PSYoungGen      total 112128K, used 30197K [0x00000000eab00000, 0x00000000f6980000, 0x0000000100000000)
  eden space 81920K, 0% used [0x00000000eab00000,0x00000000eab00000,0x00000000efb00000)
  from space 30208K, 99% used [0x00000000efb00000,0x00000000f187d5c8,0x00000000f1880000)
  to   space 41472K, 0% used [0x00000000f4100000,0x00000000f4100000,0x00000000f6980000)
 ParOldGen       total 110592K, used 56074K [0x00000000c0000000, 0x00000000c6c00000, 0x00000000eab00000)
  object space 110592K, 50% used [0x00000000c0000000,0x00000000c36c2ac8,0x00000000c6c00000)
 Metaspace       used 5903K, capacity 7024K, committed 7296K, reserved 1056768K
  class space    used 578K, capacity 616K, committed 640K, reserved 1048576K
}
Event: 10.077 GC heap before
{Heap before GC invocations=10 (full 2):
 PSYoungGen      total 112128K, used 112117K [0x00000000eab00000, 0x00000000f6980000, 0x0000000100000000)
  eden space 81920K, 100% used [0x00000000eab00000,0x00000000efb00000,0x00000000efb00000)
  from space 30208K, 99% used [0x00000000efb00000,0x00000000f187d5c8,0x00000000f1880000)
  to   space 41472K, 0% used [0x00000000f4100000,0x00000000f4100000,0x00000000f6980000)
 ParOldGen       total 110592K, used 56074K [0x00000000c0000000, 0x00000000c6c00000, 0x00000000eab00000)
  object space 110592K, 50% used [0x00000000c0000000,0x00000000c36c2ac8,0x00000000c6c00000)
 Metaspace       used 5908K, capacity 7024K, committed 7296K, reserved 1056768K
  class space    used 578K, capacity 616K, committed 640K, reserved 1048576K

Deoptimization events (10 events):
Event: 1.536 Thread 0x00007fef6c136000 Uncommon trap: reason=unstable_if action=reinterpret pc=0x00007fef5cfbbdfc method=java.util.HashMap.getNode(ILjava/lang/Object;)Ljava/util/HashMap$Node; @ 62
Event: 1.775 Thread 0x00007fef6c00a000 Uncommon trap: reason=unstable_if action=reinterpret pc=0x00007fef5cfdf6cc method=java.util.BitSet.ensureCapacity(I)V @ 6
Event: 2.080 Thread 0x00007fef6c00a000 Uncommon trap: reason=unstable_if action=reinterpret pc=0x00007fef5cf79868 method=java.lang.String.<init>([CII)V @ 18
Event: 2.171 Thread 0x00007fef6c137800 Uncommon trap: reason=unloaded action=reinterpret pc=0x00007fef5d066818 method=com.android.dx.ssa.SsaRenamer$BlockRenamer.visitMoveInsn(Lcom/android/dx/ssa/NormalSsaInsn;)V @ 208
Event: 2.259 Thread 0x00007fef6c00a000 Uncommon trap: reason=unloaded action=reinterpret pc=0x00007fef5d07896c method=com.android.dx.ssa.SsaRenamer$BlockRenamer.visitMoveInsn(Lcom/android/dx/ssa/NormalSsaInsn;)V @ 208
Event: 2.398 Thread 0x00007fef6c132000 Uncommon trap: reason=unstable_if action=reinterpret pc=0x00007fef5d0614a4 method=com.android.dx.rop.code.RegisterSpec.equals(ILcom/android/dx/rop/type/TypeBearer;Lcom/android/dx/rop/code/LocalItem;)Z @ 16
Event: 2.796 Thread 0x00007fef6c00a000 Uncommon trap: reason=unstable_if action=reinterpret pc=0x00007fef5cfdbf7c method=java.util.BitSet.ensureCapacity(I)V @ 6
Event: 6.850 Thread 0x00007fef6c00a000 Uncommon trap: reason=unloaded action=reinterpret pc=0x00007fef5cfcfd50 method=com.android.dx.cf.cst.ConstantPoolParser.parse0(ILjava/util/BitSet;)Lcom/android/dx/rop/cst/Constant; @ 176
Event: 6.893 Thread 0x00007fef6c122800 Uncommon trap: reason=unstable_if action=reinterpret pc=0x00007fef5d347c80 method=com.android.dx.rop.code.InsnList.contentEquals(Lcom/android/dx/rop/code/InsnList;)Z @ 25
Event: 7.124 Thread 0x00007fef6c137800 Uncommon trap: reason=unstable_if action=reinterpret pc=0x00007fef5cf7d61c method=com.android.dx.rop.cst.Constant.compareTo(Lcom/android/dx/rop/cst/Constant;)I @ 12

Internal exceptions (2 events):
Event: 0.181 Thread 0x00007fef6c00a000 Exception <a 'java/lang/NoSuchMethodError': Method sun.misc.Unsafe.defineClass(Ljava/lang/String;[BII)Ljava/lang/Class; name or signature does not match> (0x00000000eab07c78) thrown at [/build/java8-openjdk/src/jdk8u-jdk8u112-b15/hotspot/src/share/vm/prim
Event: 0.181 Thread 0x00007fef6c00a000 Exception <a 'java/lang/NoSuchMethodError': Method sun.misc.Unsafe.prefetchRead(Ljava/lang/Object;J)V name or signature does not match> (0x00000000eab07f60) thrown at [/build/java8-openjdk/src/jdk8u-jdk8u112-b15/hotspot/src/share/vm/prims/jni.cpp, line 40

Events (10 events):
Event: 9.975 Thread 0x00007fef6c137800 DEOPT UNPACKING pc=0x00007fef5ce3e373 sp=0x00007fef4f7f5ed0 mode 0
Event: 9.983 Thread 0x00007fef6c122800 DEOPT PACKING pc=0x00007fef5d207aa5 sp=0x00007fef4fbf9fb0
Event: 9.983 Thread 0x00007fef6c122800 DEOPT UNPACKING pc=0x00007fef5ce3e373 sp=0x00007fef4fbf9db0 mode 0
Event: 9.987 Thread 0x00007fef6c137800 DEOPT PACKING pc=0x00007fef5d091d98 sp=0x00007fef4f7f5ff0
Event: 9.987 Thread 0x00007fef6c137800 DEOPT UNPACKING pc=0x00007fef5ce3e373 sp=0x00007fef4f7f5dd0 mode 0
Event: 10.025 Thread 0x00007fef6c122800 DEOPT PACKING pc=0x00007fef5d207aa5 sp=0x00007fef4fbfa0d0
Event: 10.025 Thread 0x00007fef6c122800 DEOPT UNPACKING pc=0x00007fef5ce3e373 sp=0x00007fef4fbf9ed0 mode 0
Event: 10.053 Thread 0x00007fef6c122800 DEOPT PACKING pc=0x00007fef5d2399b1 sp=0x00007fef4fbfa020
Event: 10.053 Thread 0x00007fef6c122800 DEOPT UNPACKING pc=0x00007fef5ce3e373 sp=0x00007fef4fbf9dd8 mode 0
Event: 10.067 Executing VM operation: ParallelGCFailedAllocation


Dynamic libraries:
00400000-00401000 r-xp 00000000 08:05 134554                             /usr/lib/jvm/java-8-openjdk/jre/bin/java
00600000-00601000 r--p 00000000 08:05 134554                             /usr/lib/jvm/java-8-openjdk/jre/bin/java
00601000-00602000 rw-p 00001000 08:05 134554                             /usr/lib/jvm/java-8-openjdk/jre/bin/java
00a9d000-00abe000 rw-p 00000000 00:00 0                                  [heap]
c0000000-c6c00000 rw-p 00000000 00:00 0 
c6c00000-eab00000 ---p 00000000 00:00 0 
eab00000-f6980000 rw-p 00000000 00:00 0 
f8c00000-100000000 ---p 00000000 00:00 0 
100000000-1000a0000 rw-p 00000000 00:00 0 
1000a0000-140000000 ---p 00000000 00:00 0 
7fef08000000-7fef08027000 rw-p 00000000 00:00 0 
7fef08027000-7fef0c000000 ---p 00000000 00:00 0 
7fef10000000-7fef10047000 rw-p 00000000 00:00 0 
7fef10047000-7fef14000000 ---p 00000000 00:00 0 
7fef14000000-7fef14021000 rw-p 00000000 00:00 0 
7fef14021000-7fef18000000 ---p 00000000 00:00 0 
7fef18000000-7fef18021000 rw-p 00000000 00:00 0 
7fef18021000-7fef1c000000 ---p 00000000 00:00 0 
7fef1c000000-7fef1c021000 rw-p 00000000 00:00 0 
7fef1c021000-7fef20000000 ---p 00000000 00:00 0 
7fef20000000-7fef20021000 rw-p 00000000 00:00 0 
7fef20021000-7fef24000000 ---p 00000000 00:00 0 
7fef24000000-7fef24021000 rw-p 00000000 00:00 0 
7fef24021000-7fef28000000 ---p 00000000 00:00 0 
7fef28000000-7fef2888e000 rw-p 00000000 00:00 0 
7fef2888e000-7fef2c000000 ---p 00000000 00:00 0 
7fef2c000000-7fef2c9a3000 rw-p 00000000 00:00 0 
7fef2c9a3000-7fef30000000 ---p 00000000 00:00 0 
7fef30000000-7fef30021000 rw-p 00000000 00:00 0 
7fef30021000-7fef34000000 ---p 00000000 00:00 0 
7fef34000000-7fef34b78000 rw-p 00000000 00:00 0 
7fef34b78000-7fef38000000 ---p 00000000 00:00 0 
7fef38000000-7fef38021000 rw-p 00000000 00:00 0 
7fef38021000-7fef3c000000 ---p 00000000 00:00 0 
7fef3c000000-7fef3c021000 rw-p 00000000 00:00 0 
7fef3c021000-7fef40000000 ---p 00000000 00:00 0 
7fef40000000-7fef40021000 rw-p 00000000 00:00 0 
7fef40021000-7fef44000000 ---p 00000000 00:00 0 
7fef44000000-7fef44032000 rw-p 00000000 00:00 0 
7fef44032000-7fef48000000 ---p 00000000 00:00 0 
7fef48000000-7fef48021000 rw-p 00000000 00:00 0 
7fef48021000-7fef4c000000 ---p 00000000 00:00 0 
7fef4f6f7000-7fef4f6fa000 ---p 00000000 00:00 0 
7fef4f6fa000-7fef4f7f8000 rw-p 00000000 00:00 0 
7fef4f7f8000-7fef4f7fb000 ---p 00000000 00:00 0 
7fef4f7fb000-7fef4f8f9000 rw-p 00000000 00:00 0 
7fef4f8f9000-7fef4f8fc000 ---p 00000000 00:00 0 
7fef4f8fc000-7fef4f9fa000 rw-p 00000000 00:00 0 
7fef4f9fa000-7fef4f9fd000 ---p 00000000 00:00 0 
7fef4f9fd000-7fef4fafb000 rw-p 00000000 00:00 0 
7fef4fafb000-7fef4fafe000 ---p 00000000 00:00 0 
7fef4fafe000-7fef4fbfc000 rw-p 00000000 00:00 0 
7fef4fbfc000-7fef4fbfd000 ---p 00000000 00:00 0 
7fef4fbfd000-7fef4fcfd000 rw-p 00000000 00:00 0 
7fef4fcfd000-7fef4fd00000 ---p 00000000 00:00 0 
7fef4fd00000-7fef4fdfe000 rw-p 00000000 00:00 0 
7fef4fdfe000-7fef4fe01000 ---p 00000000 00:00 0 
7fef4fe01000-7fef4feff000 rw-p 00000000 00:00 0 
7fef4feff000-7fef4ff02000 ---p 00000000 00:00 0 
7fef4ff02000-7fef50000000 rw-p 00000000 00:00 0 
7fef50000000-7fef50021000 rw-p 00000000 00:00 0 
7fef50021000-7fef54000000 ---p 00000000 00:00 0 
7fef54086000-7fef54089000 ---p 00000000 00:00 0 
7fef54089000-7fef54187000 rw-p 00000000 00:00 0 
7fef54187000-7fef5418a000 ---p 00000000 00:00 0 
7fef5418a000-7fef54288000 rw-p 00000000 00:00 0 
7fef54288000-7fef54420000 r--p 00000000 08:05 1093560                    /usr/lib/locale/locale-archive
7fef54420000-7fef54423000 ---p 00000000 00:00 0 
7fef54423000-7fef54521000 rw-p 00000000 00:00 0 
7fef54521000-7fef54524000 ---p 00000000 00:00 0 
7fef54524000-7fef54622000 rw-p 00000000 00:00 0 
7fef54622000-7fef54623000 ---p 00000000 00:00 0 
7fef54623000-7fef55632000 rw-p 00000000 00:00 0 
7fef55632000-7fef55800000 r--s 03bf3000 08:05 135770                     /usr/lib/jvm/java-8-openjdk/jre/lib/rt.jar
7fef55800000-7fef55e80000 rw-p 00000000 00:00 0 
7fef55e80000-7fef56000000 ---p 00000000 00:00 0 
7fef56000000-7fef58000000 rw-p 00000000 00:00 0 
7fef58000000-7fef58021000 rw-p 00000000 00:00 0 
7fef58021000-7fef5c000000 ---p 00000000 00:00 0 
7fef5c079000-7fef5c2dc000 rw-p 00000000 00:00 0 
7fef5c2dc000-7fef5c2dd000 ---p 00000000 00:00 0 
7fef5c2dd000-7fef5c3dd000 rw-p 00000000 00:00 0 
7fef5c3dd000-7fef5c3de000 ---p 00000000 00:00 0 
7fef5c3de000-7fef5c4de000 rw-p 00000000 00:00 0 
7fef5c4de000-7fef5c4df000 ---p 00000000 00:00 0 
7fef5c4df000-7fef5c5df000 rw-p 00000000 00:00 0 
7fef5c5df000-7fef5c5e0000 ---p 00000000 00:00 0 
7fef5c5e0000-7fef5c716000 rw-p 00000000 00:00 0 
7fef5c716000-7fef5c836000 ---p 00000000 00:00 0 
7fef5c836000-7fef5c86c000 rw-p 00000000 00:00 0 
7fef5c86c000-7fef5c98b000 ---p 00000000 00:00 0 
7fef5c98b000-7fef5c9eb000 rw-p 00000000 00:00 0 
7fef5c9eb000-7fef5ca36000 ---p 00000000 00:00 0 
7fef5ca36000-7fef5ca51000 rw-p 00000000 00:00 0 
7fef5ca51000-7fef5cdf7000 ---p 00000000 00:00 0 
7fef5cdf7000-7fef5d457000 rwxp 00000000 00:00 0 
7fef5d457000-7fef6bdf7000 ---p 00000000 00:00 0 
7fef6bdf7000-7fef6bdff000 r-xp 00000000 08:05 267048                     /usr/lib/jvm/java-8-openjdk/jre/lib/amd64/libzip.so
7fef6bdff000-7fef6bffe000 ---p 00008000 08:05 267048                     /usr/lib/jvm/java-8-openjdk/jre/lib/amd64/libzip.so
7fef6bffe000-7fef6bfff000 r--p 00007000 08:05 267048                     /usr/lib/jvm/java-8-openjdk/jre/lib/amd64/libzip.so
7fef6bfff000-7fef6c000000 rw-p 00008000 08:05 267048                     /usr/lib/jvm/java-8-openjdk/jre/lib/amd64/libzip.so
7fef6c000000-7fef6c181000 rw-p 00000000 00:00 0 
7fef6c181000-7fef70000000 ---p 00000000 00:00 0 
7fef7001c000-7fef700df000 rw-p 00000000 00:00 0 
7fef700df000-7fef700e9000 r-xp 00000000 08:05 1049815                    /usr/lib/libnss_files-2.24.so
7fef700e9000-7fef702e9000 ---p 0000a000 08:05 1049815                    /usr/lib/libnss_files-2.24.so
7fef702e9000-7fef702ea000 r--p 0000a000 08:05 1049815                    /usr/lib/libnss_files-2.24.so
7fef702ea000-7fef702eb000 rw-p 0000b000 08:05 1049815                    /usr/lib/libnss_files-2.24.so
7fef702eb000-7fef702f1000 rw-p 00000000 00:00 0 
7fef702f1000-7fef702fc000 r-xp 00000000 08:05 1049817                    /usr/lib/libnss_nis-2.24.so
7fef702fc000-7fef704fb000 ---p 0000b000 08:05 1049817                    /usr/lib/libnss_nis-2.24.so
7fef704fb000-7fef704fc000 r--p 0000a000 08:05 1049817                    /usr/lib/libnss_nis-2.24.so
7fef704fc000-7fef704fd000 rw-p 0000b000 08:05 1049817                    /usr/lib/libnss_nis-2.24.so
7fef704fd000-7fef70511000 r-xp 00000000 08:05 1049821                    /usr/lib/libnsl-2.24.so
7fef70511000-7fef70711000 ---p 00014000 08:05 1049821                    /usr/lib/libnsl-2.24.so
7fef70711000-7fef70712000 r--p 00014000 08:05 1049821                    /usr/lib/libnsl-2.24.so
7fef70712000-7fef70713000 rw-p 00015000 08:05 1049821                    /usr/lib/libnsl-2.24.so
7fef70713000-7fef70715000 rw-p 00000000 00:00 0 
7fef70715000-7fef7071c000 r-xp 00000000 08:05 1049811                    /usr/lib/libnss_compat-2.24.so
7fef7071c000-7fef7091b000 ---p 00007000 08:05 1049811                    /usr/lib/libnss_compat-2.24.so
7fef7091b000-7fef7091c000 r--p 00006000 08:05 1049811                    /usr/lib/libnss_compat-2.24.so
7fef7091c000-7fef7091d000 rw-p 00007000 08:05 1049811                    /usr/lib/libnss_compat-2.24.so
7fef7091d000-7fef7094a000 r-xp 00000000 08:05 267016                     /usr/lib/jvm/java-8-openjdk/jre/lib/amd64/libjava.so
7fef7094a000-7fef70b49000 ---p 0002d000 08:05 267016                     /usr/lib/jvm/java-8-openjdk/jre/lib/amd64/libjava.so
7fef70b49000-7fef70b4a000 r--p 0002c000 08:05 267016                     /usr/lib/jvm/java-8-openjdk/jre/lib/amd64/libjava.so
7fef70b4a000-7fef70b4c000 rw-p 0002d000 08:05 267016                     /usr/lib/jvm/java-8-openjdk/jre/lib/amd64/libjava.so
7fef70b4c000-7fef70b59000 r-xp 00000000 08:05 267017                     /usr/lib/jvm/java-8-openjdk/jre/lib/amd64/libverify.so
7fef70b59000-7fef70d58000 ---p 0000d000 08:05 267017                     /usr/lib/jvm/java-8-openjdk/jre/lib/amd64/libverify.so
7fef70d58000-7fef70d5a000 r--p 0000c000 08:05 267017                     /usr/lib/jvm/java-8-openjdk/jre/lib/amd64/libverify.so
7fef70d5a000-7fef70d5b000 rw-p 0000e000 08:05 267017                     /usr/lib/jvm/java-8-openjdk/jre/lib/amd64/libverify.so
7fef70d5b000-7fef70d62000 r-xp 00000000 08:05 1049823                    /usr/lib/librt-2.24.so
7fef70d62000-7fef70f61000 ---p 00007000 08:05 1049823                    /usr/lib/librt-2.24.so
7fef70f61000-7fef70f62000 r--p 00006000 08:05 1049823                    /usr/lib/librt-2.24.so
7fef70f62000-7fef70f63000 rw-p 00007000 08:05 1049823                    /usr/lib/librt-2.24.so
7fef70f63000-7fef71066000 r-xp 00000000 08:05 1049820                    /usr/lib/libm-2.24.so
7fef71066000-7fef71265000 ---p 00103000 08:05 1049820                    /usr/lib/libm-2.24.so
7fef71265000-7fef71266000 r--p 00102000 08:05 1049820                    /usr/lib/libm-2.24.so
7fef71266000-7fef71267000 rw-p 00103000 08:05 1049820                    /usr/lib/libm-2.24.so
7fef71267000-7fef71e92000 r-xp 00000000 08:05 271197                     /usr/lib/jvm/java-8-openjdk/jre/lib/amd64/server/libjvm.so
7fef71e92000-7fef72091000 ---p 00c2b000 08:05 271197                     /usr/lib/jvm/java-8-openjdk/jre/lib/amd64/server/libjvm.so
7fef72091000-7fef72125000 r--p 00c2a000 08:05 271197                     /usr/lib/jvm/java-8-openjdk/jre/lib/amd64/server/libjvm.so
7fef72125000-7fef7214e000 rw-p 00cbe000 08:05 271197                     /usr/lib/jvm/java-8-openjdk/jre/lib/amd64/server/libjvm.so
7fef7214e000-7fef7217e000 rw-p 00000000 00:00 0 
7fef7217e000-7fef72313000 r-xp 00000000 08:05 1049753                    /usr/lib/libc-2.24.so
7fef72313000-7fef72512000 ---p 00195000 08:05 1049753                    /usr/lib/libc-2.24.so
7fef72512000-7fef72516000 r--p 00194000 08:05 1049753                    /usr/lib/libc-2.24.so
7fef72516000-7fef72518000 rw-p 00198000 08:05 1049753                    /usr/lib/libc-2.24.so
7fef72518000-7fef7251c000 rw-p 00000000 00:00 0 
7fef7251c000-7fef7251e000 r-xp 00000000 08:05 1049819                    /usr/lib/libdl-2.24.so
7fef7251e000-7fef7271e000 ---p 00002000 08:05 1049819                    /usr/lib/libdl-2.24.so
7fef7271e000-7fef7271f000 r--p 00002000 08:05 1049819                    /usr/lib/libdl-2.24.so
7fef7271f000-7fef72720000 rw-p 00003000 08:05 1049819                    /usr/lib/libdl-2.24.so
7fef72720000-7fef7272d000 r-xp 00000000 08:05 271195                     /usr/lib/jvm/java-8-openjdk/jre/lib/amd64/jli/libjli.so
7fef7272d000-7fef7292c000 ---p 0000d000 08:05 271195                     /usr/lib/jvm/java-8-openjdk/jre/lib/amd64/jli/libjli.so
7fef7292c000-7fef7292d000 r--p 0000c000 08:05 271195                     /usr/lib/jvm/java-8-openjdk/jre/lib/amd64/jli/libjli.so
7fef7292d000-7fef7292e000 rw-p 0000d000 08:05 271195                     /usr/lib/jvm/java-8-openjdk/jre/lib/amd64/jli/libjli.so
7fef7292e000-7fef72943000 r-xp 00000000 08:05 1057421                    /usr/lib/libz.so.1.2.8
7fef72943000-7fef72b42000 ---p 00015000 08:05 1057421                    /usr/lib/libz.so.1.2.8
7fef72b42000-7fef72b43000 r--p 00014000 08:05 1057421                    /usr/lib/libz.so.1.2.8
7fef72b43000-7fef72b44000 rw-p 00015000 08:05 1057421                    /usr/lib/libz.so.1.2.8
7fef72b44000-7fef72b5c000 r-xp 00000000 08:05 1049731                    /usr/lib/libpthread-2.24.so
7fef72b5c000-7fef72d5b000 ---p 00018000 08:05 1049731                    /usr/lib/libpthread-2.24.so
7fef72d5b000-7fef72d5c000 r--p 00017000 08:05 1049731                    /usr/lib/libpthread-2.24.so
7fef72d5c000-7fef72d5d000 rw-p 00018000 08:05 1049731                    /usr/lib/libpthread-2.24.so
7fef72d5d000-7fef72d61000 rw-p 00000000 00:00 0 
7fef72d61000-7fef72d84000 r-xp 00000000 08:05 1049752                    /usr/lib/ld-2.24.so
7fef72d88000-7fef72e4d000 rw-p 00000000 00:00 0 
7fef72e4d000-7fef72e50000 ---p 00000000 00:00 0 
7fef72e50000-7fef72f50000 rw-p 00000000 00:00 0 
7fef72f55000-7fef72f63000 r--s 000e0000 08:05 808968                     /home/bhagat/Android/Sdk/build-tools/24.0.0-preview/lib/dx.jar
7fef72f63000-7fef72f77000 rw-p 00000000 00:00 0 
7fef72f77000-7fef72f7f000 rw-s 00000000 00:22 577645                     /tmp/hsperfdata_bhagat/23249
7fef72f7f000-7fef72f80000 rw-p 00000000 00:00 0 
7fef72f80000-7fef72f81000 ---p 00000000 00:00 0 
7fef72f81000-7fef72f83000 rw-p 00000000 00:00 0 
7fef72f83000-7fef72f84000 r--p 00022000 08:05 1049752                    /usr/lib/ld-2.24.so
7fef72f84000-7fef72f85000 rw-p 00023000 08:05 1049752                    /usr/lib/ld-2.24.so
7fef72f85000-7fef72f86000 rw-p 00000000 00:00 0 
7ffd6d04b000-7ffd6d06c000 rw-p 00000000 00:00 0                          [stack]
7ffd6d0bb000-7ffd6d0bd000 r--p 00000000 00:00 0                          [vvar]
7ffd6d0bd000-7ffd6d0bf000 r-xp 00000000 00:00 0                          [vdso]
ffffffffff600000-ffffffffff601000 r-xp 00000000 00:00 0                  [vsyscall]

VM Arguments:
jvm_args: -Djava.awt.headless=true -Xmx1024M -Dfile.encoding=UTF-8 -Duser.country=US -Duser.language=en -Duser.variant 
java_command: com.android.dx.command.Main --dex --force-jumbo --num-threads=4 --multi-dex --output /home/bhagat/AndroidStudioProjects/Finalyear/app/build/intermediates/transforms/dex/debug/folders/1000/5/slice_7 /home/bhagat/AndroidStudioProjects/Finalyear/app/build/intermediates/transforms/instantRunSlicer/debug/folders/1/5/slice_7
java_class_path (initial): /home/bhagat/Android/Sdk/build-tools/24.0.0-preview/lib/dx.jar
Launcher Type: SUN_STANDARD

Environment Variables:
PATH=/usr/local/sbin:/usr/local/bin:/usr/bin:/opt/android-sdk/platform-tools:/opt/android-sdk/tools:/usr/lib/jvm/default/bin:/usr/bin/site_perl:/usr/bin/vendor_perl:/usr/bin/core_perl
USERNAME=bhagat
LD_LIBRARY_PATH=/opt/android-studio/bin:
SHELL=/bin/zsh
DISPLAY=:0.0

Signal Handlers:
SIGSEGV: [libjvm.so+0xa2d580], sa_mask[0]=11111111011111111101111111111110, sa_flags=SA_RESTART|SA_SIGINFO
SIGBUS: [libjvm.so+0xa2d580], sa_mask[0]=11111111011111111101111111111110, sa_flags=SA_RESTART|SA_SIGINFO
SIGFPE: [libjvm.so+0x881ab0], sa_mask[0]=11111111011111111101111111111110, sa_flags=SA_RESTART|SA_SIGINFO
SIGPIPE: [libjvm.so+0x881ab0], sa_mask[0]=11111111011111111101111111111110, sa_flags=SA_RESTART|SA_SIGINFO
SIGXFSZ: [libjvm.so+0x881ab0], sa_mask[0]=11111111011111111101111111111110, sa_flags=SA_RESTART|SA_SIGINFO
SIGILL: [libjvm.so+0x881ab0], sa_mask[0]=11111111011111111101111111111110, sa_flags=SA_RESTART|SA_SIGINFO
SIGUSR1: SIG_DFL, sa_mask[0]=00000000000000000000000000000000, sa_flags=none
SIGUSR2: [libjvm.so+0x881980], sa_mask[0]=00100000000000000000000000000000, sa_flags=SA_RESTART|SA_SIGINFO
SIGHUP: [libjvm.so+0x881df0], sa_mask[0]=11111111011111111101111111111110, sa_flags=SA_RESTART|SA_SIGINFO
SIGINT: [libjvm.so+0x881df0], sa_mask[0]=11111111011111111101111111111110, sa_flags=SA_RESTART|SA_SIGINFO
SIGTERM: [libjvm.so+0x881df0], sa_mask[0]=11111111011111111101111111111110, sa_flags=SA_RESTART|SA_SIGINFO
SIGQUIT: [libjvm.so+0x881df0], sa_mask[0]=11111111011111111101111111111110, sa_flags=SA_RESTART|SA_SIGINFO


---------------  S Y S T E M  ---------------

OS:NAME="Arch Linux"
PRETTY_NAME="Arch Linux"
ID=arch
ID_LIKE=archlinux
ANSI_COLOR="0;36"
HOME_URL="https://www.archlinux.org/"
SUPPORT_URL="https://bbs.archlinux.org/"
BUG_REPORT_URL="https://bugs.archlinux.org/"


uname:Linux 4.7.2-1-ARCH #1 SMP PREEMPT Sat Aug 20 23:02:56 CEST 2016 x86_64
libc:glibc 2.24 NPTL 2.24 
rlimit: STACK 8192k, CORE infinity, NPROC 15461, NOFILE 4096, AS infinity
load average:16.25 9.19 4.33

/proc/meminfo:
MemTotal:        3965584 kB
MemFree:           89520 kB
MemAvailable:       1168 kB
Buffers:            1180 kB
Cached:           171408 kB
SwapCached:            0 kB
Active:          3548212 kB
Inactive:         144140 kB
Active(anon):    3526748 kB
Inactive(anon):   122836 kB
Active(file):      21464 kB
Inactive(file):    21304 kB
Unevictable:           0 kB
Mlocked:               0 kB
SwapTotal:             0 kB
SwapFree:              0 kB
Dirty:                24 kB
Writeback:          5380 kB
AnonPages:       3519736 kB
Mapped:            77612 kB
Shmem:            129848 kB
Slab:              60692 kB
SReclaimable:      25700 kB
SUnreclaim:        34992 kB
KernelStack:       10064 kB
PageTables:        35008 kB
NFS_Unstable:          0 kB
Bounce:                0 kB
WritebackTmp:          0 kB
CommitLimit:     1982792 kB
Committed_AS:    6343816 kB
VmallocTotal:   34359738367 kB
VmallocUsed:           0 kB
VmallocChunk:          0 kB
HardwareCorrupted:     0 kB
AnonHugePages:   1245184 kB
HugePages_Total:       0
HugePages_Free:        0
HugePages_Rsvd:        0
HugePages_Surp:        0
Hugepagesize:       2048 kB
DirectMap4k:      203520 kB
DirectMap2M:     3905536 kB
DirectMap1G:     1048576 kB


CPU:total 4 (2 cores per cpu, 2 threads per core) family 6 model 60 stepping 3, cmov, cx8, fxsr, mmx, sse, sse2, sse3, ssse3, sse4.1, sse4.2, popcnt, avx, avx2, aes, clmul, erms, lzcnt, ht, tsc, tscinvbit, bmi1, bmi2

/proc/cpuinfo:
processor	: 0
vendor_id	: GenuineIntel
cpu family	: 6
model		: 60
model name	: Intel(R) Core(TM) i5-4200M CPU @ 2.50GHz
stepping	: 3
microcode	: 0x12
cpu MHz		: 2486.724
cache size	: 3072 KB
physical id	: 0
siblings	: 4
core id		: 0
cpu cores	: 2
apicid		: 0
initial apicid	: 0
fpu		: yes
fpu_exception	: yes
cpuid level	: 13
wp		: yes
flags		: fpu vme de pse tsc msr pae mce cx8 apic sep mtrr pge mca cmov pat pse36 clflush dts acpi mmx fxsr sse sse2 ss ht tm pbe syscall nx pdpe1gb rdtscp lm constant_tsc arch_perfmon pebs bts rep_good nopl xtopology nonstop_tsc aperfmperf eagerfpu pni pclmulqdq dtes64 monitor ds_cpl vmx est tm2 ssse3 sdbg fma cx16 xtpr pdcm pcid sse4_1 sse4_2 movbe popcnt tsc_deadline_timer aes xsave avx f16c rdrand lahf_lm abm epb tpr_shadow vnmi flexpriority ept vpid fsgsbase tsc_adjust bmi1 avx2 smep bmi2 erms invpcid xsaveopt dtherm ida arat pln pts
bugs		:
bogomips	: 4990.85
clflush size	: 64
cache_alignment	: 64
address sizes	: 39 bits physical, 48 bits virtual
power management:

processor	: 1
vendor_id	: GenuineIntel
cpu family	: 6
model		: 60
model name	: Intel(R) Core(TM) i5-4200M CPU @ 2.50GHz
stepping	: 3
microcode	: 0x12
cpu MHz		: 2424.774
cache size	: 3072 KB
physical id	: 0
siblings	: 4
core id		: 0
cpu cores	: 2
apicid		: 1
initial apicid	: 1
fpu		: yes
fpu_exception	: yes
cpuid level	: 13
wp		: yes
flags		: fpu vme de pse tsc msr pae mce cx8 apic sep mtrr pge mca cmov pat pse36 clflush dts acpi mmx fxsr sse sse2 ss ht tm pbe syscall nx pdpe1gb rdtscp lm constant_tsc arch_perfmon pebs bts rep_good nopl xtopology nonstop_tsc aperfmperf eagerfpu pni pclmulqdq dtes64 monitor ds_cpl vmx est tm2 ssse3 sdbg fma cx16 xtpr pdcm pcid sse4_1 sse4_2 movbe popcnt tsc_deadline_timer aes xsave avx f16c rdrand lahf_lm abm epb tpr_shadow vnmi flexpriority ept vpid fsgsbase tsc_adjust bmi1 avx2 smep bmi2 erms invpcid xsaveopt dtherm ida arat pln pts
bugs		:
bogomips	: 4992.50
clflush size	: 64
cache_alignment	: 64
address sizes	: 39 bits physical, 48 bits virtual
power management:

processor	: 2
vendor_id	: GenuineIntel
cpu family	: 6
model		: 60
model name	: Intel(R) Core(TM) i5-4200M CPU @ 2.50GHz
stepping	: 3
microcode	: 0x12
cpu MHz		: 2500.000
cache size	: 3072 KB
physical id	: 0
siblings	: 4
core id		: 1
cpu cores	: 2
apicid		: 2
initial apicid	: 2
fpu		: yes
fpu_exception	: yes
cpuid level	: 13
wp		: yes
flags		: fpu vme de pse tsc msr pae mce cx8 apic sep mtrr pge mca cmov pat pse36 clflush dts acpi mmx fxsr sse sse2 ss ht tm pbe syscall nx pdpe1gb rdtscp lm constant_tsc arch_perfmon pebs bts rep_good nopl xtopology nonstop_tsc aperfmperf eagerfpu pni pclmulqdq dtes64 monitor ds_cpl vmx est tm2 ssse3 sdbg fma cx16 xtpr pdcm pcid sse4_1 sse4_2 movbe popcnt tsc_deadline_timer aes xsave avx f16c rdrand lahf_lm abm epb tpr_shadow vnmi flexpriority ept vpid fsgsbase tsc_adjust bmi1 avx2 smep bmi2 erms invpcid xsaveopt dtherm ida arat pln pts
bugs		:
bogomips	: 4992.95
clflush size	: 64
cache_alignment	: 64
address sizes	: 39 bits physical, 48 bits virtual
power management:

processor	: 3
vendor_id	: GenuineIntel
cpu family	: 6
model		: 60
model name	: Intel(R) Core(TM) i5-4200M CPU @ 2.50GHz
stepping	: 3
microcode	: 0x12
cpu MHz		: 2502.899
cache size	: 3072 KB
physical id	: 0
siblings	: 4
core id		: 1
cpu cores	: 2
apicid		: 3
initial apicid	: 3
fpu		: yes
fpu_exception	: yes
cpuid level	: 13
wp		: yes
flags		: fpu vme de pse tsc msr pae mce cx8 apic sep mtrr pge mca cmov pat pse36 clflush dts acpi mmx fxsr sse sse2 ss ht tm pbe syscall nx pdpe1gb rdtscp lm constant_tsc arch_perfmon pebs bts rep_good nopl xtopology nonstop_tsc aperfmperf eagerfpu pni pclmulqdq dtes64 monitor ds_cpl vmx est tm2 ssse3 sdbg fma cx16 xtpr pdcm pcid sse4_1 sse4_2 movbe popcnt tsc_deadline_timer aes xsave avx f16c rdrand lahf_lm abm epb tpr_shadow vnmi flexpriority ept vpid fsgsbase tsc_adjust bmi1 avx2 smep bmi2 erms invpcid xsaveopt dtherm ida arat pln pts
bugs		:
bogomips	: 4992.99
clflush size	: 64
cache_alignment	: 64
address sizes	: 39 bits physical, 48 bits virtual
power management:



Memory: 4k page, physical 3965584k(89520k free), swap 0k(0k free)

vm_info: OpenJDK 64-Bit Server VM (25.112-b15) for linux-amd64 JRE (1.8.0_112-b15), built on Oct 23 2016 10:14:19 by "builduser" with gcc 6.2.1 20160830

time: Tue Jan 31 23:16:49 2017
elapsed time: 39 seconds (0d 0h 0m 39s)

