#
# There is insufficient memory for the Java Runtime Environment to continue.
# Native memory allocation (mmap) failed to map 66584576 bytes for committing reserved memory.
# Possible reasons:
#   The system is out of physical RAM or swap space
#   In 32 bit mode, the process size limit was hit
# Possible solutions:
#   Reduce memory load on the system
#   Increase physical memory or swap space
#   Check if swap backing store is full
#   Use 64 bit Java on a 64 bit OS
#   Decrease Java heap size (-Xmx/-Xms)
#   Decrease number of Java threads
#   Decrease Java thread stack sizes (-Xss)
#   Set larger code cache with -XX:ReservedCodeCacheSize=
# This output file may be truncated or incomplete.
#
#  Out of Memory Error (os_linux.cpp:2627), pid=23028, tid=0x00007f6d655f5700
#
# JRE version: OpenJDK Runtime Environment (8.0_121-b13) (build 1.8.0_121-b13)
# Java VM: OpenJDK 64-Bit Server VM (25.121-b13 mixed mode linux-amd64 compressed oops)
# Core dump written. Default location: /home/bhagat/AndroidStudioProjects/Finalyear/app/core or core.23028
#

---------------  T H R E A D  ---------------

Current thread (0x00007f6d7c077800):  VMThread [stack: 0x00007f6d654f5000,0x00007f6d655f6000] [id=23057]

Stack: [0x00007f6d654f5000,0x00007f6d655f6000],  sp=0x00007f6d655f4550,  free space=1021k
Native frames: (J=compiled Java code, j=interpreted, Vv=VM code, C=native code)
V  [libjvm.so+0xa2ce3b]
V  [libjvm.so+0x4b2387]
V  [libjvm.so+0x885fd0]
V  [libjvm.so+0x880d0f]
V  [libjvm.so+0x8f879e]
V  [libjvm.so+0x8f9a4b]
V  [libjvm.so+0x8f620b]
V  [libjvm.so+0x8f64dc]
V  [libjvm.so+0x8a9383]
V  [libjvm.so+0xa2e8a3]
V  [libjvm.so+0xa337a7]
V  [libjvm.so+0xa31117]
V  [libjvm.so+0xa3241e]
V  [libjvm.so+0xa32912]
V  [libjvm.so+0x8838a2]

VM_Operation (0x00007f6d6484fea0): ParallelGCFailedAllocation, mode: safepoint, requested by thread 0x00007f6d7c144800


---------------  P R O C E S S  ---------------

Java Threads: ( => current thread )
  0x00007f6d7c146000 JavaThread "pool-2-thread-4" [_thread_blocked, id=23126, stack(0x00007f6d64650000,0x00007f6d64751000)]
  0x00007f6d7c144800 JavaThread "pool-2-thread-3" [_thread_blocked, id=23125, stack(0x00007f6d64751000,0x00007f6d64852000)]
  0x00007f6d7c140000 JavaThread "pool-2-thread-2" [_thread_blocked, id=23124, stack(0x00007f6d64852000,0x00007f6d64953000)]
  0x00007f6d7c134800 JavaThread "pool-3-thread-1" [_thread_blocked, id=23120, stack(0x00007f6d64953000,0x00007f6d64a54000)]
  0x00007f6d7c133000 JavaThread "pool-2-thread-1" [_thread_blocked, id=23119, stack(0x00007f6d64a54000,0x00007f6d64b55000)]
  0x00007f6d7c0bf800 JavaThread "Service Thread" daemon [_thread_blocked, id=23089, stack(0x00007f6d64c56000,0x00007f6d64d57000)]
  0x00007f6d7c0bc800 JavaThread "C1 CompilerThread2" daemon [_thread_blocked, id=23083, stack(0x00007f6d64d57000,0x00007f6d64e58000)]
  0x00007f6d7c0ba800 JavaThread "C2 CompilerThread1" daemon [_thread_blocked, id=23081, stack(0x00007f6d64e58000,0x00007f6d64f59000)]
  0x00007f6d7c0b7800 JavaThread "C2 CompilerThread0" daemon [_thread_blocked, id=23080, stack(0x00007f6d64f59000,0x00007f6d6505a000)]
  0x00007f6d7c0b6800 JavaThread "Signal Dispatcher" daemon [_thread_blocked, id=23075, stack(0x00007f6d6505a000,0x00007f6d6515b000)]
  0x00007f6d7c083800 JavaThread "Finalizer" daemon [_thread_blocked, id=23068, stack(0x00007f6d652f3000,0x00007f6d653f4000)]
  0x00007f6d7c07f000 JavaThread "Reference Handler" daemon [_thread_blocked, id=23064, stack(0x00007f6d653f4000,0x00007f6d654f5000)]
  0x00007f6d7c00a000 JavaThread "main" [_thread_blocked, id=23033, stack(0x00007f6d83d1e000,0x00007f6d83e1f000)]

Other Threads:
=>0x00007f6d7c077800 VMThread [stack: 0x00007f6d654f5000,0x00007f6d655f6000] [id=23057]
  0x00007f6d7c0c2000 WatcherThread [stack: 0x00007f6d64b55000,0x00007f6d64c56000] [id=23090]

VM state:at safepoint (normal execution)

VM Mutex/Monitor currently owned by a thread:  ([mutex/lock_event])
[0x00007f6d7c006500] Threads_lock - owner thread: 0x00007f6d7c077800
[0x00007f6d7c006a00] Heap_lock - owner thread: 0x00007f6d7c144800

Heap:
 PSYoungGen      total 141824K, used 25269K [0x00000000eab00000, 0x00000000f5600000, 0x0000000100000000)
  eden space 114688K, 0% used [0x00000000eab00000,0x00000000eab00000,0x00000000f1b00000)
  from space 27136K, 93% used [0x00000000f1b00000,0x00000000f33ad628,0x00000000f3580000)
  to   space 20992K, 0% used [0x00000000f3580000,0x00000000f3580000,0x00000000f4a00000)
 ParOldGen       total 62464K, used 35377K [0x00000000c0000000, 0x00000000c3d00000, 0x00000000eab00000)
  object space 62464K, 56% used [0x00000000c0000000,0x00000000c228c6a0,0x00000000c3d00000)
 Metaspace       used 6075K, capacity 7152K, committed 7296K, reserved 1056768K
  class space    used 575K, capacity 616K, committed 640K, reserved 1048576K

Card table byte_map: [0x00007f6d807d6000,0x00007f6d809d7000] byte_map_base: 0x00007f6d801d6000

Marking Bits: (ParMarkBitMap*) 0x00007f6d83031260
 Begin Bits: [0x00007f6d66000000, 0x00007f6d67000000)
 End Bits:   [0x00007f6d67000000, 0x00007f6d68000000)

Polling page: 0x00007f6d83e58000

CodeCache: size=245760Kb used=7315Kb max_used=7315Kb free=238444Kb
 bounds [0x00007f6d6d000000, 0x00007f6d6d730000, 0x00007f6d7c000000]
 total_blobs=2040 nmethods=1779 adapters=175
 compilation: enabled

Compilation events (10 events):
Event: 27.300 Thread 0x00007f6d7c0bc800 1924       3       com.android.dx.cf.code.Ropper::labelToResultIndex (47 bytes)
Event: 27.300 Thread 0x00007f6d7c0bc800 nmethod 1924 0x00007f6d6d71e550 code [0x00007f6d6d71e720, 0x00007f6d6d71edb8]
Event: 27.300 Thread 0x00007f6d7c0bc800 1925       3       com.android.dx.cf.code.BaseMachine::popArgs (127 bytes)
Event: 27.311 Thread 0x00007f6d7c0bc800 nmethod 1925 0x00007f6d6d71ff90 code [0x00007f6d6d7202a0, 0x00007f6d6d721bc8]
Event: 27.312 Thread 0x00007f6d7c0bc800 1926       2       com.android.dx.cf.direct.StdAttributeFactory::code (613 bytes)
Event: 27.316 Thread 0x00007f6d7c0bc800 nmethod 1926 0x00007f6d6d7227d0 code [0x00007f6d6d722dc0, 0x00007f6d6d725358]
Event: 27.316 Thread 0x00007f6d7c0bc800 1922       2       java.util.Collections::unmodifiableCollection (9 bytes)
Event: 27.316 Thread 0x00007f6d7c0bc800 nmethod 1922 0x00007f6d6d71e090 code [0x00007f6d6d71e200, 0x00007f6d6d71e448]
Event: 27.316 Thread 0x00007f6d7c0bc800 1920       2       java.io.UnixFileSystem::getBooleanAttributes (49 bytes)
Event: 27.317 Thread 0x00007f6d7c0bc800 nmethod 1920 0x00007f6d6d729b50 code [0x00007f6d6d729ce0, 0x00007f6d6d729f68]

GC Heap History (10 events):
Event: 23.871 GC heap after
Heap after GC invocations=5 (full 0):
 PSYoungGen      total 34304K, used 2556K [0x00000000eab00000, 0x00000000f0000000, 0x0000000100000000)
  eden space 31744K, 0% used [0x00000000eab00000,0x00000000eab00000,0x00000000eca00000)
  from space 2560K, 99% used [0x00000000eca00000,0x00000000ecc7f028,0x00000000ecc80000)
  to   space 11776K, 0% used [0x00000000ef480000,0x00000000ef480000,0x00000000f0000000)
 ParOldGen       total 42496K, used 21607K [0x00000000c0000000, 0x00000000c2980000, 0x00000000eab00000)
  object space 42496K, 50% used [0x00000000c0000000,0x00000000c1519fe0,0x00000000c2980000)
 Metaspace       used 5751K, capacity 6896K, committed 7040K, reserved 1056768K
  class space    used 574K, capacity 616K, committed 640K, reserved 1048576K
}
Event: 24.250 GC heap before
{Heap before GC invocations=6 (full 0):
 PSYoungGen      total 34304K, used 34300K [0x00000000eab00000, 0x00000000f0000000, 0x0000000100000000)
  eden space 31744K, 100% used [0x00000000eab00000,0x00000000eca00000,0x00000000eca00000)
  from space 2560K, 99% used [0x00000000eca00000,0x00000000ecc7f028,0x00000000ecc80000)
  to   space 11776K, 0% used [0x00000000ef480000,0x00000000ef480000,0x00000000f0000000)
 ParOldGen       total 42496K, used 21607K [0x00000000c0000000, 0x00000000c2980000, 0x00000000eab00000)
  object space 42496K, 50% used [0x00000000c0000000,0x00000000c1519fe0,0x00000000c2980000)
 Metaspace       used 5819K, capacity 6960K, committed 7040K, reserved 1056768K
  class space    used 575K, capacity 616K, committed 640K, reserved 1048576K
Event: 24.300 GC heap after
Heap after GC invocations=6 (full 0):
 PSYoungGen      total 72192K, used 11758K [0x00000000eab00000, 0x00000000f0600000, 0x0000000100000000)
  eden space 60416K, 0% used [0x00000000eab00000,0x00000000eab00000,0x00000000ee600000)
  from space 11776K, 99% used [0x00000000ef480000,0x00000000efffba10,0x00000000f0000000)
  to   space 14848K, 0% used [0x00000000ee600000,0x00000000ee600000,0x00000000ef480000)
 ParOldGen       total 42496K, used 23708K [0x00000000c0000000, 0x00000000c2980000, 0x00000000eab00000)
  object space 42496K, 55% used [0x00000000c0000000,0x00000000c1727068,0x00000000c2980000)
 Metaspace       used 5819K, capacity 6960K, committed 7040K, reserved 1056768K
  class space    used 575K, capacity 616K, committed 640K, reserved 1048576K
}
Event: 24.953 GC heap before
{Heap before GC invocations=7 (full 0):
 PSYoungGen      total 72192K, used 72174K [0x00000000eab00000, 0x00000000f0600000, 0x0000000100000000)
  eden space 60416K, 100% used [0x00000000eab00000,0x00000000ee600000,0x00000000ee600000)
  from space 11776K, 99% used [0x00000000ef480000,0x00000000efffba10,0x00000000f0000000)
  to   space 14848K, 0% used [0x00000000ee600000,0x00000000ee600000,0x00000000ef480000)
 ParOldGen       total 42496K, used 23708K [0x00000000c0000000, 0x00000000c2980000, 0x00000000eab00000)
  object space 42496K, 55% used [0x00000000c0000000,0x00000000c1727068,0x00000000c2980000)
 Metaspace       used 5905K, capacity 6960K, committed 7040K, reserved 1056768K
  class space    used 575K, capacity 616K, committed 640K, reserved 1048576K
Event: 25.093 GC heap after
Heap after GC invocations=7 (full 0):
 PSYoungGen      total 75264K, used 14823K [0x00000000eab00000, 0x00000000f4a00000, 0x0000000100000000)
  eden space 60416K, 0% used [0x00000000eab00000,0x00000000eab00000,0x00000000ee600000)
  from space 14848K, 99% used [0x00000000ee600000,0x00000000ef479df0,0x00000000ef480000)
  to   space 20992K, 0% used [0x00000000f3580000,0x00000000f3580000,0x00000000f4a00000)
 ParOldGen       total 42496K, used 31102K [0x00000000c0000000, 0x00000000c2980000, 0x00000000eab00000)
  object space 42496K, 73% used [0x00000000c0000000,0x00000000c1e5f900,0x00000000c2980000)
 Metaspace       used 5905K, capacity 6960K, committed 7040K, reserved 1056768K
  class space    used 575K, capacity 616K, committed 640K, reserved 1048576K
}
Event: 25.474 GC heap before
{Heap before GC invocations=8 (full 0):
 PSYoungGen      total 75264K, used 75239K [0x00000000eab00000, 0x00000000f4a00000, 0x0000000100000000)
  eden space 60416K, 100% used [0x00000000eab00000,0x00000000ee600000,0x00000000ee600000)
  from space 14848K, 99% used [0x00000000ee600000,0x00000000ef479df0,0x00000000ef480000)
  to   space 20992K, 0% used [0x00000000f3580000,0x00000000f3580000,0x00000000f4a00000)
 ParOldGen       total 42496K, used 31102K [0x00000000c0000000, 0x00000000c2980000, 0x00000000eab00000)
  object space 42496K, 73% used [0x00000000c0000000,0x00000000c1e5f900,0x00000000c2980000)
 Metaspace       used 5965K, capacity 7024K, committed 7296K, reserved 1056768K
  class space    used 575K, capacity 616K, committed 640K, reserved 1048576K
Event: 25.537 GC heap after
Heap after GC invocations=8 (full 0):
 PSYoungGen      total 135680K, used 20980K [0x00000000eab00000, 0x00000000f5600000, 0x0000000100000000)
  eden space 114688K, 0% used [0x00000000eab00000,0x00000000eab00000,0x00000000f1b00000)
  from space 20992K, 99% used [0x00000000f3580000,0x00000000f49fd2a8,0x00000000f4a00000)
  to   space 27136K, 0% used [0x00000000f1b00000,0x00000000f1b00000,0x00000000f3580000)
 ParOldGen       total 42496K, used 36661K [0x00000000c0000000, 0x00000000c2980000, 0x00000000eab00000)
  object space 42496K, 86% used [0x00000000c0000000,0x00000000c23cd6d0,0x00000000c2980000)
 Metaspace       used 5965K, capacity 7024K, committed 7296K, reserved 1056768K
  class space    used 575K, capacity 616K, committed 640K, reserved 1048576K
}
Event: 25.537 GC heap before
{Heap before GC invocations=9 (full 1):
 PSYoungGen      total 135680K, used 20980K [0x00000000eab00000, 0x00000000f5600000, 0x0000000100000000)
  eden space 114688K, 0% used [0x00000000eab00000,0x00000000eab00000,0x00000000f1b00000)
  from space 20992K, 99% used [0x00000000f3580000,0x00000000f49fd2a8,0x00000000f4a00000)
  to   space 27136K, 0% used [0x00000000f1b00000,0x00000000f1b00000,0x00000000f3580000)
 ParOldGen       total 42496K, used 36661K [0x00000000c0000000, 0x00000000c2980000, 0x00000000eab00000)
  object space 42496K, 86% used [0x00000000c0000000,0x00000000c23cd6d0,0x00000000c2980000)
 Metaspace       used 5965K, capacity 7024K, committed 7296K, reserved 1056768K
  class space    used 575K, capacity 616K, committed 640K, reserved 1048576K
Event: 25.846 GC heap after
Heap after GC invocations=9 (full 1):
 PSYoungGen      total 135680K, used 0K [0x00000000eab00000, 0x00000000f5600000, 0x0000000100000000)
  eden space 114688K, 0% used [0x00000000eab00000,0x00000000eab00000,0x00000000f1b00000)
  from space 20992K, 0% used [0x00000000f3580000,0x00000000f3580000,0x00000000f4a00000)
  to   space 27136K, 0% used [0x00000000f1b00000,0x00000000f1b00000,0x00000000f3580000)
 ParOldGen       total 62464K, used 35369K [0x00000000c0000000, 0x00000000c3d00000, 0x00000000eab00000)
  object space 62464K, 56% used [0x00000000c0000000,0x00000000c228a6a0,0x00000000c3d00000)
 Metaspace       used 5965K, capacity 7024K, committed 7296K, reserved 1056768K
  class space    used 575K, capacity 616K, committed 640K, reserved 1048576K
}
Event: 29.430 GC heap before
{Heap before GC invocations=10 (full 1):
 PSYoungGen      total 135680K, used 114688K [0x00000000eab00000, 0x00000000f5600000, 0x0000000100000000)
  eden space 114688K, 100% used [0x00000000eab00000,0x00000000f1b00000,0x00000000f1b00000)
  from space 20992K, 0% used [0x00000000f3580000,0x00000000f3580000,0x00000000f4a00000)
  to   space 27136K, 0% used [0x00000000f1b00000,0x00000000f1b00000,0x00000000f3580000)
 ParOldGen       total 62464K, used 35369K [0x00000000c0000000, 0x00000000c3d00000, 0x00000000eab00000)
  object space 62464K, 56% used [0x00000000c0000000,0x00000000c228a6a0,0x00000000c3d00000)
 Metaspace       used 6075K, capacity 7152K, committed 7296K, reserved 1056768K
  class space    used 575K, capacity 616K, committed 640K, reserved 1048576K

Deoptimization events (10 events):
Event: 22.444 Thread 0x00007f6d7c140000 Uncommon trap: reason=unloaded action=reinterpret pc=0x00007f6d6d2b2160 method=com.android.dx.ssa.SsaRenamer$BlockRenamer.visitMoveInsn(Lcom/android/dx/ssa/NormalSsaInsn;)V @ 208
Event: 22.520 Thread 0x00007f6d7c140000 Uncommon trap: reason=bimorphic action=maybe_recompile pc=0x00007f6d6d206888 method=java.util.HashMap.getNode(ILjava/lang/Object;)Ljava/util/HashMap$Node; @ 126
Event: 22.677 Thread 0x00007f6d7c133000 Uncommon trap: reason=class_check action=maybe_recompile pc=0x00007f6d6d29dbb8 method=com.android.dx.rop.type.Type.equals(Ljava/lang/Object;)Z @ 8
Event: 22.828 Thread 0x00007f6d7c133000 Uncommon trap: reason=class_check action=maybe_recompile pc=0x00007f6d6d29dbb8 method=com.android.dx.rop.type.Type.equals(Ljava/lang/Object;)Z @ 8
Event: 23.046 Thread 0x00007f6d7c00a000 Uncommon trap: reason=class_check action=maybe_recompile pc=0x00007f6d6d29dbb8 method=com.android.dx.rop.type.Type.equals(Ljava/lang/Object;)Z @ 8
Event: 23.047 Thread 0x00007f6d7c00a000 Uncommon trap: reason=class_check action=maybe_recompile pc=0x00007f6d6d29dbb8 method=com.android.dx.rop.type.Type.equals(Ljava/lang/Object;)Z @ 8
Event: 25.366 Thread 0x00007f6d7c146000 Uncommon trap: reason=unstable_if action=reinterpret pc=0x00007f6d6d427f7c method=com.android.dx.ssa.SsaRenamer$BlockRenamer.visitMoveInsn(Lcom/android/dx/ssa/NormalSsaInsn;)V @ 104
Event: 26.218 Thread 0x00007f6d7c144800 Uncommon trap: reason=unstable_if action=reinterpret pc=0x00007f6d6d5f4af8 method=com.android.dx.ssa.LocalVariableExtractor.processBlock(I)V @ 77
Event: 27.236 Thread 0x00007f6d7c144800 Uncommon trap: reason=unstable_if action=reinterpret pc=0x00007f6d6d6e779c method=com.android.dx.dex.code.RopToDop.dopFor(Lcom/android/dx/rop/code/Insn;)Lcom/android/dx/dex/code/Dop; @ 747
Event: 27.293 Thread 0x00007f6d7c140000 Uncommon trap: reason=unstable_if action=reinterpret pc=0x00007f6d6d6be06c method=com.android.dx.cf.code.Ropper.labelToResultIndex(I)I @ 34

Internal exceptions (2 events):
Event: 6.253 Thread 0x00007f6d7c00a000 Exception <a 'java/lang/NoSuchMethodError': Method sun.misc.Unsafe.defineClass(Ljava/lang/String;[BII)Ljava/lang/Class; name or signature does not match> (0x00000000eab07ca8) thrown at [/build/java8-openjdk/src/jdk8u-jdk8u121-b13/hotspot/src/share/vm/prim
Event: 6.253 Thread 0x00007f6d7c00a000 Exception <a 'java/lang/NoSuchMethodError': Method sun.misc.Unsafe.prefetchRead(Ljava/lang/Object;J)V name or signature does not match> (0x00000000eab07f90) thrown at [/build/java8-openjdk/src/jdk8u-jdk8u121-b13/hotspot/src/share/vm/prims/jni.cpp, line 40

Events (10 events):
Event: 27.293 Thread 0x00007f6d7c140000 Uncommon trap: trap_request=0xffffff65 fr.pc=0x00007f6d6d6be06c
Event: 27.293 Thread 0x00007f6d7c140000 DEOPT PACKING pc=0x00007f6d6d6be06c sp=0x00007f6d64951090
Event: 27.293 Thread 0x00007f6d7c140000 DEOPT UNPACKING pc=0x00007f6d6d004f69 sp=0x00007f6d64951058 mode 2
Event: 27.300 Thread 0x00007f6d7c144800 DEOPT PACKING pc=0x00007f6d6d37d7d0 sp=0x00007f6d6484fed0
Event: 27.300 Thread 0x00007f6d7c144800 DEOPT UNPACKING pc=0x00007f6d6d047373 sp=0x00007f6d6484fcb8 mode 0
Event: 27.318 Thread 0x00007f6d7c144800 DEOPT PACKING pc=0x00007f6d6d468907 sp=0x00007f6d6484ffd0
Event: 27.318 Thread 0x00007f6d7c144800 DEOPT UNPACKING pc=0x00007f6d6d047373 sp=0x00007f6d6484fda0 mode 0
Event: 29.236 Thread 0x00007f6d7c00a000 DEOPT PACKING pc=0x00007f6d6d12194a sp=0x00007f6d83e1c6a0
Event: 29.236 Thread 0x00007f6d7c00a000 DEOPT UNPACKING pc=0x00007f6d6d047373 sp=0x00007f6d83e1c3f0 mode 0
Event: 29.342 Executing VM operation: ParallelGCFailedAllocation


Dynamic libraries:
00400000-00401000 r-xp 00000000 08:05 134549                             /usr/lib/jvm/java-8-openjdk/jre/bin/java
00600000-00601000 r--p 00000000 08:05 134549                             /usr/lib/jvm/java-8-openjdk/jre/bin/java
00601000-00602000 rw-p 00001000 08:05 134549                             /usr/lib/jvm/java-8-openjdk/jre/bin/java
0152b000-0154c000 rw-p 00000000 00:00 0                                  [heap]
c0000000-c3d00000 rw-p 00000000 00:00 0 
c3d00000-eab00000 ---p 00000000 00:00 0 
eab00000-f5600000 rw-p 00000000 00:00 0 
f9580000-100000000 ---p 00000000 00:00 0 
100000000-1000a0000 rw-p 00000000 00:00 0 
1000a0000-140000000 ---p 00000000 00:00 0 
7f6d18000000-7f6d1805c000 rw-p 00000000 00:00 0 
7f6d1805c000-7f6d1c000000 ---p 00000000 00:00 0 
7f6d20000000-7f6d20026000 rw-p 00000000 00:00 0 
7f6d20026000-7f6d24000000 ---p 00000000 00:00 0 
7f6d24000000-7f6d24040000 rw-p 00000000 00:00 0 
7f6d24040000-7f6d28000000 ---p 00000000 00:00 0 
7f6d28000000-7f6d28039000 rw-p 00000000 00:00 0 
7f6d28039000-7f6d2c000000 ---p 00000000 00:00 0 
7f6d2c000000-7f6d2c021000 rw-p 00000000 00:00 0 
7f6d2c021000-7f6d30000000 ---p 00000000 00:00 0 
7f6d30000000-7f6d30021000 rw-p 00000000 00:00 0 
7f6d30021000-7f6d34000000 ---p 00000000 00:00 0 
7f6d34000000-7f6d34021000 rw-p 00000000 00:00 0 
7f6d34021000-7f6d38000000 ---p 00000000 00:00 0 
7f6d38000000-7f6d387b6000 rw-p 00000000 00:00 0 
7f6d387b6000-7f6d3c000000 ---p 00000000 00:00 0 
7f6d3c000000-7f6d3c8f1000 rw-p 00000000 00:00 0 
7f6d3c8f1000-7f6d40000000 ---p 00000000 00:00 0 
7f6d40000000-7f6d40021000 rw-p 00000000 00:00 0 
7f6d40021000-7f6d44000000 ---p 00000000 00:00 0 
7f6d44000000-7f6d44ca5000 rw-p 00000000 00:00 0 
7f6d44ca5000-7f6d48000000 ---p 00000000 00:00 0 
7f6d48000000-7f6d48021000 rw-p 00000000 00:00 0 
7f6d48021000-7f6d4c000000 ---p 00000000 00:00 0 
7f6d4c000000-7f6d4c021000 rw-p 00000000 00:00 0 
7f6d4c021000-7f6d50000000 ---p 00000000 00:00 0 
7f6d50000000-7f6d50021000 rw-p 00000000 00:00 0 
7f6d50021000-7f6d54000000 ---p 00000000 00:00 0 
7f6d54000000-7f6d54021000 rw-p 00000000 00:00 0 
7f6d54021000-7f6d58000000 ---p 00000000 00:00 0 
7f6d58000000-7f6d58021000 rw-p 00000000 00:00 0 
7f6d58021000-7f6d5c000000 ---p 00000000 00:00 0 
7f6d60000000-7f6d60021000 rw-p 00000000 00:00 0 
7f6d60021000-7f6d64000000 ---p 00000000 00:00 0 
7f6d64650000-7f6d64653000 ---p 00000000 00:00 0 
7f6d64653000-7f6d64751000 rw-p 00000000 00:00 0 
7f6d64751000-7f6d64754000 ---p 00000000 00:00 0 
7f6d64754000-7f6d64852000 rw-p 00000000 00:00 0 
7f6d64852000-7f6d64855000 ---p 00000000 00:00 0 
7f6d64855000-7f6d64953000 rw-p 00000000 00:00 0 
7f6d64953000-7f6d64956000 ---p 00000000 00:00 0 
7f6d64956000-7f6d64a54000 rw-p 00000000 00:00 0 
7f6d64a54000-7f6d64a57000 ---p 00000000 00:00 0 
7f6d64a57000-7f6d64b55000 rw-p 00000000 00:00 0 
7f6d64b55000-7f6d64b56000 ---p 00000000 00:00 0 
7f6d64b56000-7f6d64c56000 rw-p 00000000 00:00 0 
7f6d64c56000-7f6d64c59000 ---p 00000000 00:00 0 
7f6d64c59000-7f6d64d57000 rw-p 00000000 00:00 0 
7f6d64d57000-7f6d64d5a000 ---p 00000000 00:00 0 
7f6d64d5a000-7f6d64e58000 rw-p 00000000 00:00 0 
7f6d64e58000-7f6d64e5b000 ---p 00000000 00:00 0 
7f6d64e5b000-7f6d64f59000 rw-p 00000000 00:00 0 
7f6d64f59000-7f6d64f5c000 ---p 00000000 00:00 0 
7f6d64f5c000-7f6d6505a000 rw-p 00000000 00:00 0 
7f6d6505a000-7f6d6505d000 ---p 00000000 00:00 0 
7f6d6505d000-7f6d6515b000 rw-p 00000000 00:00 0 
7f6d6515b000-7f6d652f3000 r--p 00000000 08:05 1147469                    /usr/lib/locale/locale-archive
7f6d652f3000-7f6d652f6000 ---p 00000000 00:00 0 
7f6d652f6000-7f6d653f4000 rw-p 00000000 00:00 0 
7f6d653f4000-7f6d653f7000 ---p 00000000 00:00 0 
7f6d653f7000-7f6d654f5000 rw-p 00000000 00:00 0 
7f6d654f5000-7f6d654f6000 ---p 00000000 00:00 0 
7f6d654f6000-7f6d68000000 rw-p 00000000 00:00 0 
7f6d68000000-7f6d68021000 rw-p 00000000 00:00 0 
7f6d68021000-7f6d6c000000 ---p 00000000 00:00 0 
7f6d6c05b000-7f6d6c631000 rw-p 00000000 00:00 0 
7f6d6c631000-7f6d6c800000 r--s 03c05000 08:05 135770                     /usr/lib/jvm/java-8-openjdk/jre/lib/rt.jar
7f6d6c800000-7f6d6ce80000 rw-p 00000000 00:00 0 
7f6d6ce80000-7f6d6d000000 ---p 00000000 00:00 0 
7f6d6d000000-7f6d6d730000 rwxp 00000000 00:00 0 
7f6d6d730000-7f6d7c000000 ---p 00000000 00:00 0 
7f6d7c000000-7f6d7c179000 rw-p 00000000 00:00 0 
7f6d7c179000-7f6d80000000 ---p 00000000 00:00 0 
7f6d80006000-7f6d8027c000 rw-p 00000000 00:00 0 
7f6d8027c000-7f6d8027d000 ---p 00000000 00:00 0 
7f6d8027d000-7f6d8037d000 rw-p 00000000 00:00 0 
7f6d8037d000-7f6d8037e000 ---p 00000000 00:00 0 
7f6d8037e000-7f6d8047e000 rw-p 00000000 00:00 0 
7f6d8047e000-7f6d8047f000 ---p 00000000 00:00 0 
7f6d8047f000-7f6d8057f000 rw-p 00000000 00:00 0 
7f6d8057f000-7f6d80580000 ---p 00000000 00:00 0 
7f6d80580000-7f6d8069f000 rw-p 00000000 00:00 0 
7f6d8069f000-7f6d807d6000 ---p 00000000 00:00 0 
7f6d807d6000-7f6d807f5000 rw-p 00000000 00:00 0 
7f6d807f5000-7f6d8092b000 ---p 00000000 00:00 0 
7f6d8092b000-7f6d80981000 rw-p 00000000 00:00 0 
7f6d80981000-7f6d809d6000 ---p 00000000 00:00 0 
7f6d809d6000-7f6d809f4000 rw-p 00000000 00:00 0 
7f6d809f4000-7f6d80d97000 ---p 00000000 00:00 0 
7f6d80d97000-7f6d80d9f000 r-xp 00000000 08:05 269204                     /usr/lib/jvm/java-8-openjdk/jre/lib/amd64/libzip.so
7f6d80d9f000-7f6d80f9e000 ---p 00008000 08:05 269204                     /usr/lib/jvm/java-8-openjdk/jre/lib/amd64/libzip.so
7f6d80f9e000-7f6d80f9f000 r--p 00007000 08:05 269204                     /usr/lib/jvm/java-8-openjdk/jre/lib/amd64/libzip.so
7f6d80f9f000-7f6d80fa0000 rw-p 00008000 08:05 269204                     /usr/lib/jvm/java-8-openjdk/jre/lib/amd64/libzip.so
7f6d80fa0000-7f6d80fab000 r-xp 00000000 08:05 1048579                    /usr/lib/libnss_files-2.25.so
7f6d80fab000-7f6d811aa000 ---p 0000b000 08:05 1048579                    /usr/lib/libnss_files-2.25.so
7f6d811aa000-7f6d811ab000 r--p 0000a000 08:05 1048579                    /usr/lib/libnss_files-2.25.so
7f6d811ab000-7f6d811ac000 rw-p 0000b000 08:05 1048579                    /usr/lib/libnss_files-2.25.so
7f6d811ac000-7f6d811b2000 rw-p 00000000 00:00 0 
7f6d811b2000-7f6d811bd000 r-xp 00000000 08:05 1048577                    /usr/lib/libnss_nis-2.25.so
7f6d811bd000-7f6d813bc000 ---p 0000b000 08:05 1048577                    /usr/lib/libnss_nis-2.25.so
7f6d813bc000-7f6d813bd000 r--p 0000a000 08:05 1048577                    /usr/lib/libnss_nis-2.25.so
7f6d813bd000-7f6d813be000 rw-p 0000b000 08:05 1048577                    /usr/lib/libnss_nis-2.25.so
7f6d813be000-7f6d813d3000 r-xp 00000000 08:05 1048573                    /usr/lib/libnsl-2.25.so
7f6d813d3000-7f6d815d2000 ---p 00015000 08:05 1048573                    /usr/lib/libnsl-2.25.so
7f6d815d2000-7f6d815d3000 r--p 00014000 08:05 1048573                    /usr/lib/libnsl-2.25.so
7f6d815d3000-7f6d815d4000 rw-p 00015000 08:05 1048573                    /usr/lib/libnsl-2.25.so
7f6d815d4000-7f6d815d6000 rw-p 00000000 00:00 0 
7f6d815d6000-7f6d815dd000 r-xp 00000000 08:05 1048620                    /usr/lib/libnss_compat-2.25.so
7f6d815dd000-7f6d817dc000 ---p 00007000 08:05 1048620                    /usr/lib/libnss_compat-2.25.so
7f6d817dc000-7f6d817dd000 r--p 00006000 08:05 1048620                    /usr/lib/libnss_compat-2.25.so
7f6d817dd000-7f6d817de000 rw-p 00007000 08:05 1048620                    /usr/lib/libnss_compat-2.25.so
7f6d817de000-7f6d8180b000 r-xp 00000000 08:05 269200                     /usr/lib/jvm/java-8-openjdk/jre/lib/amd64/libjava.so
7f6d8180b000-7f6d81a0a000 ---p 0002d000 08:05 269200                     /usr/lib/jvm/java-8-openjdk/jre/lib/amd64/libjava.so
7f6d81a0a000-7f6d81a0b000 r--p 0002c000 08:05 269200                     /usr/lib/jvm/java-8-openjdk/jre/lib/amd64/libjava.so
7f6d81a0b000-7f6d81a0d000 rw-p 0002d000 08:05 269200                     /usr/lib/jvm/java-8-openjdk/jre/lib/amd64/libjava.so
7f6d81a0d000-7f6d81a1a000 r-xp 00000000 08:05 267046                     /usr/lib/jvm/java-8-openjdk/jre/lib/amd64/libverify.so
7f6d81a1a000-7f6d81c19000 ---p 0000d000 08:05 267046                     /usr/lib/jvm/java-8-openjdk/jre/lib/amd64/libverify.so
7f6d81c19000-7f6d81c1b000 r--p 0000c000 08:05 267046                     /usr/lib/jvm/java-8-openjdk/jre/lib/amd64/libverify.so
7f6d81c1b000-7f6d81c1c000 rw-p 0000e000 08:05 267046                     /usr/lib/jvm/java-8-openjdk/jre/lib/amd64/libverify.so
7f6d81c1c000-7f6d81c23000 r-xp 00000000 08:05 1048571                    /usr/lib/librt-2.25.so
7f6d81c23000-7f6d81e22000 ---p 00007000 08:05 1048571                    /usr/lib/librt-2.25.so
7f6d81e22000-7f6d81e23000 r--p 00006000 08:05 1048571                    /usr/lib/librt-2.25.so
7f6d81e23000-7f6d81e24000 rw-p 00007000 08:05 1048571                    /usr/lib/librt-2.25.so
7f6d81e24000-7f6d81f36000 r-xp 00000000 08:05 1048574                    /usr/lib/libm-2.25.so
7f6d81f36000-7f6d82135000 ---p 00112000 08:05 1048574                    /usr/lib/libm-2.25.so
7f6d82135000-7f6d82136000 r--p 00111000 08:05 1048574                    /usr/lib/libm-2.25.so
7f6d82136000-7f6d82137000 rw-p 00112000 08:05 1048574                    /usr/lib/libm-2.25.so
7f6d82137000-7f6d82d62000 r-xp 00000000 08:05 269209                     /usr/lib/jvm/java-8-openjdk/jre/lib/amd64/server/libjvm.so
7f6d82d62000-7f6d82f61000 ---p 00c2b000 08:05 269209                     /usr/lib/jvm/java-8-openjdk/jre/lib/amd64/server/libjvm.so
7f6d82f61000-7f6d82ff5000 r--p 00c2a000 08:05 269209                     /usr/lib/jvm/java-8-openjdk/jre/lib/amd64/server/libjvm.so
7f6d82ff5000-7f6d8301e000 rw-p 00cbe000 08:05 269209                     /usr/lib/jvm/java-8-openjdk/jre/lib/amd64/server/libjvm.so
7f6d8301e000-7f6d8304e000 rw-p 00000000 00:00 0 
7f6d8304e000-7f6d831e9000 r-xp 00000000 08:05 1048697                    /usr/lib/libc-2.25.so
7f6d831e9000-7f6d833e8000 ---p 0019b000 08:05 1048697                    /usr/lib/libc-2.25.so
7f6d833e8000-7f6d833ec000 r--p 0019a000 08:05 1048697                    /usr/lib/libc-2.25.so
7f6d833ec000-7f6d833ee000 rw-p 0019e000 08:05 1048697                    /usr/lib/libc-2.25.so
7f6d833ee000-7f6d833f2000 rw-p 00000000 00:00 0 
7f6d833f2000-7f6d833f5000 r-xp 00000000 08:05 1048575                    /usr/lib/libdl-2.25.so
7f6d833f5000-7f6d835f4000 ---p 00003000 08:05 1048575                    /usr/lib/libdl-2.25.so
7f6d835f4000-7f6d835f5000 r--p 00002000 08:05 1048575                    /usr/lib/libdl-2.25.so
7f6d835f5000-7f6d835f6000 rw-p 00003000 08:05 1048575                    /usr/lib/libdl-2.25.so
7f6d835f6000-7f6d83603000 r-xp 00000000 08:05 269212                     /usr/lib/jvm/java-8-openjdk/jre/lib/amd64/jli/libjli.so
7f6d83603000-7f6d83802000 ---p 0000d000 08:05 269212                     /usr/lib/jvm/java-8-openjdk/jre/lib/amd64/jli/libjli.so
7f6d83802000-7f6d83803000 r--p 0000c000 08:05 269212                     /usr/lib/jvm/java-8-openjdk/jre/lib/amd64/jli/libjli.so
7f6d83803000-7f6d83804000 rw-p 0000d000 08:05 269212                     /usr/lib/jvm/java-8-openjdk/jre/lib/amd64/jli/libjli.so
7f6d83804000-7f6d8381a000 r-xp 00000000 08:05 1057422                    /usr/lib/libz.so.1.2.11
7f6d8381a000-7f6d83a19000 ---p 00016000 08:05 1057422                    /usr/lib/libz.so.1.2.11
7f6d83a19000-7f6d83a1a000 r--p 00015000 08:05 1057422                    /usr/lib/libz.so.1.2.11
7f6d83a1a000-7f6d83a1b000 rw-p 00016000 08:05 1057422                    /usr/lib/libz.so.1.2.11
7f6d83a1b000-7f6d83a34000 r-xp 00000000 08:05 1048716                    /usr/lib/libpthread-2.25.so
7f6d83a34000-7f6d83c33000 ---p 00019000 08:05 1048716                    /usr/lib/libpthread-2.25.so
7f6d83c33000-7f6d83c34000 r--p 00018000 08:05 1048716                    /usr/lib/libpthread-2.25.so
7f6d83c34000-7f6d83c35000 rw-p 00019000 08:05 1048716                    /usr/lib/libpthread-2.25.so
7f6d83c35000-7f6d83c39000 rw-p 00000000 00:00 0 
7f6d83c39000-7f6d83c5c000 r-xp 00000000 08:05 1048698                    /usr/lib/ld-2.25.so
7f6d83c7a000-7f6d83d1e000 rw-p 00000000 00:00 0 
7f6d83d1e000-7f6d83d21000 ---p 00000000 00:00 0 
7f6d83d21000-7f6d83e21000 rw-p 00000000 00:00 0 
7f6d83e2d000-7f6d83e3b000 r--s 000e0000 08:05 808968                     /home/bhagat/Android/Sdk/build-tools/24.0.0-preview/lib/dx.jar
7f6d83e3b000-7f6d83e4f000 rw-p 00000000 00:00 0 
7f6d83e4f000-7f6d83e57000 rw-s 00000000 00:22 696116                     /tmp/hsperfdata_bhagat/23028
7f6d83e57000-7f6d83e58000 rw-p 00000000 00:00 0 
7f6d83e58000-7f6d83e59000 ---p 00000000 00:00 0 
7f6d83e59000-7f6d83e5b000 rw-p 00000000 00:00 0 
7f6d83e5b000-7f6d83e5c000 r--p 00022000 08:05 1048698                    /usr/lib/ld-2.25.so
7f6d83e5c000-7f6d83e5d000 rw-p 00023000 08:05 1048698                    /usr/lib/ld-2.25.so
7f6d83e5d000-7f6d83e5e000 rw-p 00000000 00:00 0 
7fff2e769000-7fff2e78a000 rw-p 00000000 00:00 0                          [stack]
7fff2e79f000-7fff2e7a1000 r--p 00000000 00:00 0                          [vvar]
7fff2e7a1000-7fff2e7a3000 r-xp 00000000 00:00 0                          [vdso]
ffffffffff600000-ffffffffff601000 r-xp 00000000 00:00 0                  [vsyscall]

VM Arguments:
jvm_args: -Djava.awt.headless=true -Xmx1024M -Dfile.encoding=UTF-8 -Duser.country=US -Duser.language=en -Duser.variant 
java_command: com.android.dx.command.Main --dex --force-jumbo --num-threads=4 --multi-dex --output /home/bhagat/AndroidStudioProjects/Finalyear/app/build/intermediates/transforms/dex/debug/folders/1000/5/slice_7 /home/bhagat/AndroidStudioProjects/Finalyear/app/build/intermediates/transforms/instantRunSlicer/debug/folders/1/5/slice_7
java_class_path (initial): /home/bhagat/Android/Sdk/build-tools/24.0.0-preview/lib/dx.jar
Launcher Type: SUN_STANDARD

Environment Variables:
PATH=/usr/local/sbin:/usr/local/bin:/usr/bin:/opt/android-sdk/platform-tools:/opt/android-sdk/tools:/usr/lib/jvm/default/bin:/usr/bin/site_perl:/usr/bin/vendor_perl:/usr/bin/core_perl
USERNAME=bhagat
LD_LIBRARY_PATH=/opt/android-studio/bin:
SHELL=/bin/zsh
DISPLAY=:0.0

Signal Handlers:
SIGSEGV: [libjvm.so+0xa2d880], sa_mask[0]=11111111011111111101111111111110, sa_flags=SA_RESTART|SA_SIGINFO
SIGBUS: [libjvm.so+0xa2d880], sa_mask[0]=11111111011111111101111111111110, sa_flags=SA_RESTART|SA_SIGINFO
SIGFPE: [libjvm.so+0x881d40], sa_mask[0]=11111111011111111101111111111110, sa_flags=SA_RESTART|SA_SIGINFO
SIGPIPE: [libjvm.so+0x881d40], sa_mask[0]=11111111011111111101111111111110, sa_flags=SA_RESTART|SA_SIGINFO
SIGXFSZ: [libjvm.so+0x881d40], sa_mask[0]=11111111011111111101111111111110, sa_flags=SA_RESTART|SA_SIGINFO
SIGILL: [libjvm.so+0x881d40], sa_mask[0]=11111111011111111101111111111110, sa_flags=SA_RESTART|SA_SIGINFO
SIGUSR1: SIG_DFL, sa_mask[0]=00000000000000000000000000000000, sa_flags=none
SIGUSR2: [libjvm.so+0x881c10], sa_mask[0]=00100000000000000000000000000000, sa_flags=SA_RESTART|SA_SIGINFO
SIGHUP: [libjvm.so+0x882080], sa_mask[0]=11111111011111111101111111111110, sa_flags=SA_RESTART|SA_SIGINFO
SIGINT: [libjvm.so+0x882080], sa_mask[0]=11111111011111111101111111111110, sa_flags=SA_RESTART|SA_SIGINFO
SIGTERM: [libjvm.so+0x882080], sa_mask[0]=11111111011111111101111111111110, sa_flags=SA_RESTART|SA_SIGINFO
SIGQUIT: [libjvm.so+0x882080], sa_mask[0]=11111111011111111101111111111110, sa_flags=SA_RESTART|SA_SIGINFO


---------------  S Y S T E M  ---------------

OS:NAME="Arch Linux"
PRETTY_NAME="Arch Linux"
ID=arch
ID_LIKE=archlinux
ANSI_COLOR="0;36"
HOME_URL="https://www.archlinux.org/"
SUPPORT_URL="https://bbs.archlinux.org/"
BUG_REPORT_URL="https://bugs.archlinux.org/"


uname:Linux 4.7.2-1-ARCH #1 SMP PREEMPT Sat Aug 20 23:02:56 CEST 2016 x86_64
libc:glibc 2.25 NPTL 2.25 
rlimit: STACK 8192k, CORE infinity, NPROC 15461, NOFILE 4096, AS infinity
load average:15.74 5.54 2.59

/proc/meminfo:
MemTotal:        3965584 kB
MemFree:           88656 kB
MemAvailable:         80 kB
Buffers:            1632 kB
Cached:           218956 kB
SwapCached:            0 kB
Active:          3493940 kB
Inactive:         195024 kB
Active(anon):    3473488 kB
Inactive(anon):   175696 kB
Active(file):      20452 kB
Inactive(file):    19328 kB
Unevictable:           0 kB
Mlocked:               0 kB
SwapTotal:             0 kB
SwapFree:              0 kB
Dirty:               612 kB
Writeback:           288 kB
AnonPages:       3468580 kB
Mapped:           102024 kB
Shmem:            180612 kB
Slab:              66608 kB
SReclaimable:      28240 kB
SUnreclaim:        38368 kB
KernelStack:        9776 kB
PageTables:        34068 kB
NFS_Unstable:          0 kB
Bounce:                0 kB
WritebackTmp:          0 kB
CommitLimit:     1982792 kB
Committed_AS:    6385212 kB
VmallocTotal:   34359738367 kB
VmallocUsed:           0 kB
VmallocChunk:          0 kB
HardwareCorrupted:     0 kB
AnonHugePages:   1615872 kB
HugePages_Total:       0
HugePages_Free:        0
HugePages_Rsvd:        0
HugePages_Surp:        0
Hugepagesize:       2048 kB
DirectMap4k:      221952 kB
DirectMap2M:     3887104 kB
DirectMap1G:     1048576 kB


CPU:total 4 (2 cores per cpu, 2 threads per core) family 6 model 60 stepping 3, cmov, cx8, fxsr, mmx, sse, sse2, sse3, ssse3, sse4.1, sse4.2, popcnt, avx, avx2, aes, clmul, erms, lzcnt, ht, tsc, tscinvbit, bmi1, bmi2

/proc/cpuinfo:
processor	: 0
vendor_id	: GenuineIntel
cpu family	: 6
model		: 60
model name	: Intel(R) Core(TM) i5-4200M CPU @ 2.50GHz
stepping	: 3
microcode	: 0x12
cpu MHz		: 2999.877
cache size	: 3072 KB
physical id	: 0
siblings	: 4
core id		: 0
cpu cores	: 2
apicid		: 0
initial apicid	: 0
fpu		: yes
fpu_exception	: yes
cpuid level	: 13
wp		: yes
flags		: fpu vme de pse tsc msr pae mce cx8 apic sep mtrr pge mca cmov pat pse36 clflush dts acpi mmx fxsr sse sse2 ss ht tm pbe syscall nx pdpe1gb rdtscp lm constant_tsc arch_perfmon pebs bts rep_good nopl xtopology nonstop_tsc aperfmperf eagerfpu pni pclmulqdq dtes64 monitor ds_cpl vmx est tm2 ssse3 sdbg fma cx16 xtpr pdcm pcid sse4_1 sse4_2 movbe popcnt tsc_deadline_timer aes xsave avx f16c rdrand lahf_lm abm epb tpr_shadow vnmi flexpriority ept vpid fsgsbase tsc_adjust bmi1 avx2 smep bmi2 erms invpcid xsaveopt dtherm ida arat pln pts
bugs		:
bogomips	: 4990.71
clflush size	: 64
cache_alignment	: 64
address sizes	: 39 bits physical, 48 bits virtual
power management:

processor	: 1
vendor_id	: GenuineIntel
cpu family	: 6
model		: 60
model name	: Intel(R) Core(TM) i5-4200M CPU @ 2.50GHz
stepping	: 3
microcode	: 0x12
cpu MHz		: 2999.877
cache size	: 3072 KB
physical id	: 0
siblings	: 4
core id		: 0
cpu cores	: 2
apicid		: 1
initial apicid	: 1
fpu		: yes
fpu_exception	: yes
cpuid level	: 13
wp		: yes
flags		: fpu vme de pse tsc msr pae mce cx8 apic sep mtrr pge mca cmov pat pse36 clflush dts acpi mmx fxsr sse sse2 ss ht tm pbe syscall nx pdpe1gb rdtscp lm constant_tsc arch_perfmon pebs bts rep_good nopl xtopology nonstop_tsc aperfmperf eagerfpu pni pclmulqdq dtes64 monitor ds_cpl vmx est tm2 ssse3 sdbg fma cx16 xtpr pdcm pcid sse4_1 sse4_2 movbe popcnt tsc_deadline_timer aes xsave avx f16c rdrand lahf_lm abm epb tpr_shadow vnmi flexpriority ept vpid fsgsbase tsc_adjust bmi1 avx2 smep bmi2 erms invpcid xsaveopt dtherm ida arat pln pts
bugs		:
bogomips	: 4992.37
clflush size	: 64
cache_alignment	: 64
address sizes	: 39 bits physical, 48 bits virtual
power management:

processor	: 2
vendor_id	: GenuineIntel
cpu family	: 6
model		: 60
model name	: Intel(R) Core(TM) i5-4200M CPU @ 2.50GHz
stepping	: 3
microcode	: 0x12
cpu MHz		: 2999.877
cache size	: 3072 KB
physical id	: 0
siblings	: 4
core id		: 1
cpu cores	: 2
apicid		: 2
initial apicid	: 2
fpu		: yes
fpu_exception	: yes
cpuid level	: 13
wp		: yes
flags		: fpu vme de pse tsc msr pae mce cx8 apic sep mtrr pge mca cmov pat pse36 clflush dts acpi mmx fxsr sse sse2 ss ht tm pbe syscall nx pdpe1gb rdtscp lm constant_tsc arch_perfmon pebs bts rep_good nopl xtopology nonstop_tsc aperfmperf eagerfpu pni pclmulqdq dtes64 monitor ds_cpl vmx est tm2 ssse3 sdbg fma cx16 xtpr pdcm pcid sse4_1 sse4_2 movbe popcnt tsc_deadline_timer aes xsave avx f16c rdrand lahf_lm abm epb tpr_shadow vnmi flexpriority ept vpid fsgsbase tsc_adjust bmi1 avx2 smep bmi2 erms invpcid xsaveopt dtherm ida arat pln pts
bugs		:
bogomips	: 4991.83
clflush size	: 64
cache_alignment	: 64
address sizes	: 39 bits physical, 48 bits virtual
power management:

processor	: 3
vendor_id	: GenuineIntel
cpu family	: 6
model		: 60
model name	: Intel(R) Core(TM) i5-4200M CPU @ 2.50GHz
stepping	: 3
microcode	: 0x12
cpu MHz		: 2999.877
cache size	: 3072 KB
physical id	: 0
siblings	: 4
core id		: 1
cpu cores	: 2
apicid		: 3
initial apicid	: 3
fpu		: yes
fpu_exception	: yes
cpuid level	: 13
wp		: yes
flags		: fpu vme de pse tsc msr pae mce cx8 apic sep mtrr pge mca cmov pat pse36 clflush dts acpi mmx fxsr sse sse2 ss ht tm pbe syscall nx pdpe1gb rdtscp lm constant_tsc arch_perfmon pebs bts rep_good nopl xtopology nonstop_tsc aperfmperf eagerfpu pni pclmulqdq dtes64 monitor ds_cpl vmx est tm2 ssse3 sdbg fma cx16 xtpr pdcm pcid sse4_1 sse4_2 movbe popcnt tsc_deadline_timer aes xsave avx f16c rdrand lahf_lm abm epb tpr_shadow vnmi flexpriority ept vpid fsgsbase tsc_adjust bmi1 avx2 smep bmi2 erms invpcid xsaveopt dtherm ida arat pln pts
bugs		:
bogomips	: 4991.88
clflush size	: 64
cache_alignment	: 64
address sizes	: 39 bits physical, 48 bits virtual
power management:



Memory: 4k page, physical 3965584k(88804k free), swap 0k(0k free)

vm_info: OpenJDK 64-Bit Server VM (25.121-b13) for linux-amd64 JRE (1.8.0_121-b13), built on Jan 22 2017 09:22:31 by "builduser" with gcc 6.3.1 20170109

time: Tue Apr  4 20:28:01 2017
elapsed time: 42 seconds (0d 0h 0m 42s)

