#
# There is insufficient memory for the Java Runtime Environment to continue.
# Native memory allocation (mmap) failed to map 32505856 bytes for committing reserved memory.
# Possible reasons:
#   The system is out of physical RAM or swap space
#   In 32 bit mode, the process size limit was hit
# Possible solutions:
#   Reduce memory load on the system
#   Increase physical memory or swap space
#   Check if swap backing store is full
#   Use 64 bit Java on a 64 bit OS
#   Decrease Java heap size (-Xmx/-Xms)
#   Decrease number of Java threads
#   Decrease Java thread stack sizes (-Xss)
#   Set larger code cache with -XX:ReservedCodeCacheSize=
# This output file may be truncated or incomplete.
#
#  Out of Memory Error (os_linux.cpp:2627), pid=3565, tid=0x00007f880c521700
#
# JRE version: OpenJDK Runtime Environment (8.0_121-b13) (build 1.8.0_121-b13)
# Java VM: OpenJDK 64-Bit Server VM (25.121-b13 mixed mode linux-amd64 compressed oops)
# Core dump written. Default location: /home/bhagat/AndroidStudioProjects/Finalyear/app/core or core.3565
#

---------------  T H R E A D  ---------------

Current thread (0x00007f8824077800):  VMThread [stack: 0x00007f880c421000,0x00007f880c522000] [id=3596]

Stack: [0x00007f880c421000,0x00007f880c522000],  sp=0x00007f880c520550,  free space=1021k
Native frames: (J=compiled Java code, j=interpreted, Vv=VM code, C=native code)
V  [libjvm.so+0xa2ce3b]
V  [libjvm.so+0x4b2387]
V  [libjvm.so+0x885fd0]
V  [libjvm.so+0x880d0f]
V  [libjvm.so+0x8f879e]
V  [libjvm.so+0x8f9a4b]
V  [libjvm.so+0x8f620b]
V  [libjvm.so+0x8f64dc]
V  [libjvm.so+0x8a9383]
V  [libjvm.so+0xa2e8a3]
V  [libjvm.so+0xa337a7]
V  [libjvm.so+0xa31117]
V  [libjvm.so+0xa3241e]
V  [libjvm.so+0xa32912]
V  [libjvm.so+0x8838a2]

VM_Operation (0x00007f88077f5d30): ParallelGCFailedAllocation, mode: safepoint, requested by thread 0x00007f8824157800


---------------  P R O C E S S  ---------------

Java Threads: ( => current thread )
  0x00007f882415b000 JavaThread "pool-2-thread-4" [_thread_blocked, id=3655, stack(0x00007f88074f5000,0x00007f88075f6000)]
  0x00007f8824159800 JavaThread "pool-2-thread-3" [_thread_blocked, id=3653, stack(0x00007f88075f6000,0x00007f88076f7000)]
  0x00007f8824157800 JavaThread "pool-2-thread-2" [_thread_blocked, id=3651, stack(0x00007f88076f7000,0x00007f88077f8000)]
  0x00007f8824146800 JavaThread "pool-3-thread-1" [_thread_blocked, id=3637, stack(0x00007f88077f8000,0x00007f88078f9000)]
  0x00007f8824142000 JavaThread "pool-2-thread-1" [_thread_blocked, id=3635, stack(0x00007f88078f9000,0x00007f88079fa000)]
  0x00007f88240bf800 JavaThread "Service Thread" daemon [_thread_blocked, id=3622, stack(0x00007f8807afb000,0x00007f8807bfc000)]
  0x00007f88240bc800 JavaThread "C1 CompilerThread2" daemon [_thread_blocked, id=3614, stack(0x00007f8807bfc000,0x00007f8807cfd000)]
  0x00007f88240ba800 JavaThread "C2 CompilerThread1" daemon [_thread_blocked, id=3613, stack(0x00007f8807cfd000,0x00007f8807dfe000)]
  0x00007f88240b8000 JavaThread "C2 CompilerThread0" daemon [_thread_blocked, id=3611, stack(0x00007f8807dfe000,0x00007f8807eff000)]
  0x00007f88240b6800 JavaThread "Signal Dispatcher" daemon [_thread_blocked, id=3609, stack(0x00007f8807eff000,0x00007f8808000000)]
  0x00007f8824083800 JavaThread "Finalizer" daemon [_thread_blocked, id=3604, stack(0x00007f880c21f000,0x00007f880c320000)]
  0x00007f882407f000 JavaThread "Reference Handler" daemon [_thread_blocked, id=3603, stack(0x00007f880c320000,0x00007f880c421000)]
  0x00007f882400a000 JavaThread "main" [_thread_blocked, id=3577, stack(0x00007f882ac60000,0x00007f882ad61000)]

Other Threads:
=>0x00007f8824077800 VMThread [stack: 0x00007f880c421000,0x00007f880c522000] [id=3596]
  0x00007f88240c2000 WatcherThread [stack: 0x00007f88079fa000,0x00007f8807afb000] [id=3623]

VM state:at safepoint (normal execution)

VM Mutex/Monitor currently owned by a thread:  ([mutex/lock_event])
[0x00007f88240065c0] Threads_lock - owner thread: 0x00007f8824077800
[0x00007f8824006ac0] Heap_lock - owner thread: 0x00007f8824157800

Heap:
 PSYoungGen      total 34304K, used 2551K [0x00000000eab00000, 0x00000000ecf00000, 0x0000000100000000)
  eden space 31744K, 0% used [0x00000000eab00000,0x00000000eab00000,0x00000000eca00000)
  from space 2560K, 99% used [0x00000000eca00000,0x00000000ecc7de70,0x00000000ecc80000)
  to   space 2560K, 0% used [0x00000000ecc80000,0x00000000ecc80000,0x00000000ecf00000)
 ParOldGen       total 42496K, used 9522K [0x00000000c0000000, 0x00000000c2980000, 0x00000000eab00000)
  object space 42496K, 22% used [0x00000000c0000000,0x00000000c094c980,0x00000000c2980000)
 Metaspace       used 5738K, capacity 6832K, committed 7040K, reserved 1056768K
  class space    used 578K, capacity 616K, committed 640K, reserved 1048576K

Card table byte_map: [0x00007f8814624000,0x00007f8814825000] byte_map_base: 0x00007f8814024000

Marking Bits: (ParMarkBitMap*) 0x00007f8829f73260
 Begin Bits: [0x00007f880e000000, 0x00007f880f000000)
 End Bits:   [0x00007f880f000000, 0x00007f8810000000)

Polling page: 0x00007f882ad9a000

CodeCache: size=245760Kb used=3424Kb max_used=3424Kb free=242335Kb
 bounds [0x00007f8814be5000, 0x00007f8814f45000, 0x00007f8823be5000]
 total_blobs=1145 nmethods=884 adapters=176
 compilation: enabled

Compilation events (10 events):
Event: 4.788 Thread 0x00007f88240bc800 nmethod 1029 0x00007f8814f3c210 code [0x00007f8814f3c3c0, 0x00007f8814f3c838]
Event: 4.788 Thread 0x00007f88240bc800 1003       2       com.android.dx.cf.code.Ropper::addBlock (37 bytes)
Event: 4.789 Thread 0x00007f88240bc800 nmethod 1003 0x00007f8814f3cc50 code [0x00007f8814f3ce20, 0x00007f8814f3d398]
Event: 4.789 Thread 0x00007f88240bc800  959       2       java.util.ArrayList::<init> (61 bytes)
Event: 4.789 Thread 0x00007f88240bc800 nmethod 959 0x00007f8814f3d8d0 code [0x00007f8814f3da80, 0x00007f8814f3df58]
Event: 4.789 Thread 0x00007f88240bc800 1025       2       com.android.dx.rop.code.PlainCstInsn::<init> (30 bytes)
Event: 4.790 Thread 0x00007f88240bc800 nmethod 1025 0x00007f8814f3e1d0 code [0x00007f8814f3e360, 0x00007f8814f3e688]
Event: 4.790 Thread 0x00007f88240bc800 1004       2       com.android.dx.rop.type.StdTypeList::getType (6 bytes)
Event: 4.798 Thread 0x00007f88240bc800 nmethod 1004 0x00007f8814f3e890 code [0x00007f8814f3ea00, 0x00007f8814f3eba8]
Event: 4.798 Thread 0x00007f88240bc800 1050 %     3       com.android.dx.ssa.SCCP::simulateBranch @ 615 (666 bytes)

GC Heap History (5 events):
Event: 2.284 GC heap before
{Heap before GC invocations=1 (full 0):
 PSYoungGen      total 18432K, used 15872K [0x00000000eab00000, 0x00000000ebf80000, 0x0000000100000000)
  eden space 15872K, 100% used [0x00000000eab00000,0x00000000eba80000,0x00000000eba80000)
  from space 2560K, 0% used [0x00000000ebd00000,0x00000000ebd00000,0x00000000ebf80000)
  to   space 2560K, 0% used [0x00000000eba80000,0x00000000eba80000,0x00000000ebd00000)
 ParOldGen       total 42496K, used 0K [0x00000000c0000000, 0x00000000c2980000, 0x00000000eab00000)
  object space 42496K, 0% used [0x00000000c0000000,0x00000000c0000000,0x00000000c2980000)
 Metaspace       used 5577K, capacity 6704K, committed 6784K, reserved 1056768K
  class space    used 577K, capacity 616K, committed 640K, reserved 1048576K
Event: 2.309 GC heap after
Heap after GC invocations=1 (full 0):
 PSYoungGen      total 18432K, used 2559K [0x00000000eab00000, 0x00000000ecf00000, 0x0000000100000000)
  eden space 15872K, 0% used [0x00000000eab00000,0x00000000eab00000,0x00000000eba80000)
  from space 2560K, 99% used [0x00000000eba80000,0x00000000ebcffe50,0x00000000ebd00000)
  to   space 2560K, 0% used [0x00000000ecc80000,0x00000000ecc80000,0x00000000ecf00000)
 ParOldGen       total 42496K, used 2175K [0x00000000c0000000, 0x00000000c2980000, 0x00000000eab00000)
  object space 42496K, 5% used [0x00000000c0000000,0x00000000c021ffa0,0x00000000c2980000)
 Metaspace       used 5577K, capacity 6704K, committed 6784K, reserved 1056768K
  class space    used 577K, capacity 616K, committed 640K, reserved 1048576K
}
Event: 3.100 GC heap before
{Heap before GC invocations=2 (full 0):
 PSYoungGen      total 18432K, used 18431K [0x00000000eab00000, 0x00000000ecf00000, 0x0000000100000000)
  eden space 15872K, 100% used [0x00000000eab00000,0x00000000eba80000,0x00000000eba80000)
  from space 2560K, 99% used [0x00000000eba80000,0x00000000ebcffe50,0x00000000ebd00000)
  to   space 2560K, 0% used [0x00000000ecc80000,0x00000000ecc80000,0x00000000ecf00000)
 ParOldGen       total 42496K, used 2175K [0x00000000c0000000, 0x00000000c2980000, 0x00000000eab00000)
  object space 42496K, 5% used [0x00000000c0000000,0x00000000c021ffa0,0x00000000c2980000)
 Metaspace       used 5664K, capacity 6768K, committed 7040K, reserved 1056768K
  class space    used 577K, capacity 616K, committed 640K, reserved 1048576K
Event: 3.131 GC heap after
Heap after GC invocations=2 (full 0):
 PSYoungGen      total 34304K, used 2535K [0x00000000eab00000, 0x00000000ecf00000, 0x0000000100000000)
  eden space 31744K, 0% used [0x00000000eab00000,0x00000000eab00000,0x00000000eca00000)
  from space 2560K, 99% used [0x00000000ecc80000,0x00000000ecef9e60,0x00000000ecf00000)
  to   space 2560K, 0% used [0x00000000eca00000,0x00000000eca00000,0x00000000ecc80000)
 ParOldGen       total 42496K, used 4947K [0x00000000c0000000, 0x00000000c2980000, 0x00000000eab00000)
  object space 42496K, 11% used [0x00000000c0000000,0x00000000c04d4c88,0x00000000c2980000)
 Metaspace       used 5664K, capacity 6768K, committed 7040K, reserved 1056768K
  class space    used 577K, capacity 616K, committed 640K, reserved 1048576K
}
Event: 4.803 GC heap before
{Heap before GC invocations=3 (full 0):
 PSYoungGen      total 34304K, used 34279K [0x00000000eab00000, 0x00000000ecf00000, 0x0000000100000000)
  eden space 31744K, 100% used [0x00000000eab00000,0x00000000eca00000,0x00000000eca00000)
  from space 2560K, 99% used [0x00000000ecc80000,0x00000000ecef9e60,0x00000000ecf00000)
  to   space 2560K, 0% used [0x00000000eca00000,0x00000000eca00000,0x00000000ecc80000)
 ParOldGen       total 42496K, used 4947K [0x00000000c0000000, 0x00000000c2980000, 0x00000000eab00000)
  object space 42496K, 11% used [0x00000000c0000000,0x00000000c04d4c88,0x00000000c2980000)
 Metaspace       used 5738K, capacity 6832K, committed 7040K, reserved 1056768K
  class space    used 578K, capacity 616K, committed 640K, reserved 1048576K

Deoptimization events (9 events):
Event: 2.108 Thread 0x00007f8824142000 Uncommon trap: reason=unstable_if action=reinterpret pc=0x00007f8814da2b64 method=java.util.HashMap.getNode(ILjava/lang/Object;)Ljava/util/HashMap$Node; @ 129
Event: 2.146 Thread 0x00007f882415b000 Uncommon trap: reason=unstable_if action=reinterpret pc=0x00007f8814de3738 method=java.util.BitSet.ensureCapacity(I)V @ 6
Event: 2.753 Thread 0x00007f882400a000 Uncommon trap: reason=unloaded action=reinterpret pc=0x00007f8814e14244 method=com.android.dx.cf.cst.ConstantPoolParser.parse0(ILjava/util/BitSet;)Lcom/android/dx/rop/cst/Constant; @ 176
Event: 3.136 Thread 0x00007f8824159800 Uncommon trap: reason=class_check action=maybe_recompile pc=0x00007f8814e98710 method=com.android.dx.ssa.NormalSsaInsn.accept(Lcom/android/dx/ssa/SsaInsn$Visitor;)V @ 9
Event: 3.136 Thread 0x00007f8824159800 Uncommon trap: reason=class_check action=maybe_recompile pc=0x00007f8814e98710 method=com.android.dx.ssa.NormalSsaInsn.accept(Lcom/android/dx/ssa/SsaInsn$Visitor;)V @ 9
Event: 3.136 Thread 0x00007f8824159800 Uncommon trap: reason=class_check action=maybe_recompile pc=0x00007f8814e98710 method=com.android.dx.ssa.NormalSsaInsn.accept(Lcom/android/dx/ssa/SsaInsn$Visitor;)V @ 9
Event: 3.136 Thread 0x00007f8824159800 Uncommon trap: reason=class_check action=maybe_recompile pc=0x00007f8814e98710 method=com.android.dx.ssa.NormalSsaInsn.accept(Lcom/android/dx/ssa/SsaInsn$Visitor;)V @ 9
Event: 3.421 Thread 0x00007f8824142000 Uncommon trap: reason=unstable_if action=reinterpret pc=0x00007f8814db9858 method=java.util.HashMap.getNode(ILjava/lang/Object;)Ljava/util/HashMap$Node; @ 62
Event: 3.616 Thread 0x00007f8824142000 Uncommon trap: reason=class_check action=maybe_recompile pc=0x00007f8814eede8c method=com.android.dx.ssa.NormalSsaInsn.accept(Lcom/android/dx/ssa/SsaInsn$Visitor;)V @ 9

Internal exceptions (2 events):
Event: 0.601 Thread 0x00007f882400a000 Exception <a 'java/lang/NoSuchMethodError': Method sun.misc.Unsafe.defineClass(Ljava/lang/String;[BII)Ljava/lang/Class; name or signature does not match> (0x00000000eab07ca8) thrown at [/build/java8-openjdk/src/jdk8u-jdk8u121-b13/hotspot/src/share/vm/prim
Event: 0.601 Thread 0x00007f882400a000 Exception <a 'java/lang/NoSuchMethodError': Method sun.misc.Unsafe.prefetchRead(Ljava/lang/Object;J)V name or signature does not match> (0x00000000eab07f90) thrown at [/build/java8-openjdk/src/jdk8u-jdk8u121-b13/hotspot/src/share/vm/prims/jni.cpp, line 40

Events (10 events):
Event: 3.421 Thread 0x00007f8824142000 DEOPT PACKING pc=0x00007f8814db9858 sp=0x00007f88079f8110
Event: 3.421 Thread 0x00007f8824142000 DEOPT UNPACKING pc=0x00007f8814be9f69 sp=0x00007f88079f8050 mode 2
Event: 3.616 Thread 0x00007f8824142000 Uncommon trap: trap_request=0xffffffde fr.pc=0x00007f8814eede8c
Event: 3.616 Thread 0x00007f8824142000 DEOPT PACKING pc=0x00007f8814eede8c sp=0x00007f88079f7ce0
Event: 3.616 Thread 0x00007f8824142000 DEOPT UNPACKING pc=0x00007f8814be9f69 sp=0x00007f88079f7cd0 mode 2
Event: 4.707 Thread 0x00007f882400a000 DEOPT PACKING pc=0x00007f8814de6a74 sp=0x00007f882ad5e8e0
Event: 4.707 Thread 0x00007f882400a000 DEOPT UNPACKING pc=0x00007f8814c2c373 sp=0x00007f882ad5e630 mode 0
Event: 4.745 Executing VM operation: EnableBiasedLocking
Event: 4.803 Executing VM operation: EnableBiasedLocking done
Event: 4.803 Executing VM operation: ParallelGCFailedAllocation


Dynamic libraries:
00400000-00401000 r-xp 00000000 08:05 134549                             /usr/lib/jvm/java-8-openjdk/jre/bin/java
00600000-00601000 r--p 00000000 08:05 134549                             /usr/lib/jvm/java-8-openjdk/jre/bin/java
00601000-00602000 rw-p 00001000 08:05 134549                             /usr/lib/jvm/java-8-openjdk/jre/bin/java
00d8d000-00dae000 rw-p 00000000 00:00 0                                  [heap]
c0000000-c2980000 rw-p 00000000 00:00 0 
c2980000-eab00000 ---p 00000000 00:00 0 
eab00000-ecf00000 rw-p 00000000 00:00 0 
eee00000-100000000 ---p 00000000 00:00 0 
100000000-1000a0000 rw-p 00000000 00:00 0 
1000a0000-140000000 ---p 00000000 00:00 0 
7f87c0000000-7f87c0024000 rw-p 00000000 00:00 0 
7f87c0024000-7f87c4000000 ---p 00000000 00:00 0 
7f87c8000000-7f87c8021000 rw-p 00000000 00:00 0 
7f87c8021000-7f87cc000000 ---p 00000000 00:00 0 
7f87cc000000-7f87cc022000 rw-p 00000000 00:00 0 
7f87cc022000-7f87d0000000 ---p 00000000 00:00 0 
7f87d0000000-7f87d0031000 rw-p 00000000 00:00 0 
7f87d0031000-7f87d4000000 ---p 00000000 00:00 0 
7f87d4000000-7f87d4021000 rw-p 00000000 00:00 0 
7f87d4021000-7f87d8000000 ---p 00000000 00:00 0 
7f87d8000000-7f87d8021000 rw-p 00000000 00:00 0 
7f87d8021000-7f87dc000000 ---p 00000000 00:00 0 
7f87dc000000-7f87dc021000 rw-p 00000000 00:00 0 
7f87dc021000-7f87e0000000 ---p 00000000 00:00 0 
7f87e0000000-7f87e0823000 rw-p 00000000 00:00 0 
7f87e0823000-7f87e4000000 ---p 00000000 00:00 0 
7f87e4000000-7f87e437d000 rw-p 00000000 00:00 0 
7f87e437d000-7f87e8000000 ---p 00000000 00:00 0 
7f87e8000000-7f87e8637000 rw-p 00000000 00:00 0 
7f87e8637000-7f87ec000000 ---p 00000000 00:00 0 
7f87ec000000-7f87ec021000 rw-p 00000000 00:00 0 
7f87ec021000-7f87f0000000 ---p 00000000 00:00 0 
7f87f0000000-7f87f0021000 rw-p 00000000 00:00 0 
7f87f0021000-7f87f4000000 ---p 00000000 00:00 0 
7f87f4000000-7f87f4021000 rw-p 00000000 00:00 0 
7f87f4021000-7f87f8000000 ---p 00000000 00:00 0 
7f87f8000000-7f87f8021000 rw-p 00000000 00:00 0 
7f87f8021000-7f87fc000000 ---p 00000000 00:00 0 
7f87fc000000-7f87fc021000 rw-p 00000000 00:00 0 
7f87fc021000-7f8800000000 ---p 00000000 00:00 0 
7f8800000000-7f8800021000 rw-p 00000000 00:00 0 
7f8800021000-7f8804000000 ---p 00000000 00:00 0 
7f88074f5000-7f88074f8000 ---p 00000000 00:00 0 
7f88074f8000-7f88075f6000 rw-p 00000000 00:00 0 
7f88075f6000-7f88075f9000 ---p 00000000 00:00 0 
7f88075f9000-7f88076f7000 rw-p 00000000 00:00 0 
7f88076f7000-7f88076fa000 ---p 00000000 00:00 0 
7f88076fa000-7f88077f8000 rw-p 00000000 00:00 0 
7f88077f8000-7f88077fb000 ---p 00000000 00:00 0 
7f88077fb000-7f88078f9000 rw-p 00000000 00:00 0 
7f88078f9000-7f88078fc000 ---p 00000000 00:00 0 
7f88078fc000-7f88079fa000 rw-p 00000000 00:00 0 
7f88079fa000-7f88079fb000 ---p 00000000 00:00 0 
7f88079fb000-7f8807afb000 rw-p 00000000 00:00 0 
7f8807afb000-7f8807afe000 ---p 00000000 00:00 0 
7f8807afe000-7f8807bfc000 rw-p 00000000 00:00 0 
7f8807bfc000-7f8807bff000 ---p 00000000 00:00 0 
7f8807bff000-7f8807cfd000 rw-p 00000000 00:00 0 
7f8807cfd000-7f8807d00000 ---p 00000000 00:00 0 
7f8807d00000-7f8807dfe000 rw-p 00000000 00:00 0 
7f8807dfe000-7f8807e01000 ---p 00000000 00:00 0 
7f8807e01000-7f8807eff000 rw-p 00000000 00:00 0 
7f8807eff000-7f8807f02000 ---p 00000000 00:00 0 
7f8807f02000-7f8808000000 rw-p 00000000 00:00 0 
7f8808000000-7f8808021000 rw-p 00000000 00:00 0 
7f8808021000-7f880c000000 ---p 00000000 00:00 0 
7f880c087000-7f880c21f000 r--p 00000000 08:05 1147469                    /usr/lib/locale/locale-archive
7f880c21f000-7f880c222000 ---p 00000000 00:00 0 
7f880c222000-7f880c320000 rw-p 00000000 00:00 0 
7f880c320000-7f880c323000 ---p 00000000 00:00 0 
7f880c323000-7f880c421000 rw-p 00000000 00:00 0 
7f880c421000-7f880c422000 ---p 00000000 00:00 0 
7f880c422000-7f880d431000 rw-p 00000000 00:00 0 
7f880d431000-7f880d600000 r--s 03c05000 08:05 135770                     /usr/lib/jvm/java-8-openjdk/jre/lib/rt.jar
7f880d600000-7f880dc40000 rw-p 00000000 00:00 0 
7f880dc40000-7f880de00000 ---p 00000000 00:00 0 
7f880de00000-7f8810000000 rw-p 00000000 00:00 0 
7f8810000000-7f8810021000 rw-p 00000000 00:00 0 
7f8810021000-7f8814000000 ---p 00000000 00:00 0 
7f8814067000-7f88140ca000 rw-p 00000000 00:00 0 
7f88140ca000-7f88140cb000 ---p 00000000 00:00 0 
7f88140cb000-7f88141cb000 rw-p 00000000 00:00 0 
7f88141cb000-7f88141cc000 ---p 00000000 00:00 0 
7f88141cc000-7f88142cc000 rw-p 00000000 00:00 0 
7f88142cc000-7f88142cd000 ---p 00000000 00:00 0 
7f88142cd000-7f88143cd000 rw-p 00000000 00:00 0 
7f88143cd000-7f88143ce000 ---p 00000000 00:00 0 
7f88143ce000-7f88144e3000 rw-p 00000000 00:00 0 
7f88144e3000-7f8814624000 ---p 00000000 00:00 0 
7f8814624000-7f8814639000 rw-p 00000000 00:00 0 
7f8814639000-7f8814779000 ---p 00000000 00:00 0 
7f8814779000-7f881478c000 rw-p 00000000 00:00 0 
7f881478c000-7f8814824000 ---p 00000000 00:00 0 
7f8814824000-7f8814833000 rw-p 00000000 00:00 0 
7f8814833000-7f8814be5000 ---p 00000000 00:00 0 
7f8814be5000-7f8814f45000 rwxp 00000000 00:00 0 
7f8814f45000-7f8823be5000 ---p 00000000 00:00 0 
7f8823be5000-7f8823bed000 r-xp 00000000 08:05 269204                     /usr/lib/jvm/java-8-openjdk/jre/lib/amd64/libzip.so
7f8823bed000-7f8823dec000 ---p 00008000 08:05 269204                     /usr/lib/jvm/java-8-openjdk/jre/lib/amd64/libzip.so
7f8823dec000-7f8823ded000 r--p 00007000 08:05 269204                     /usr/lib/jvm/java-8-openjdk/jre/lib/amd64/libzip.so
7f8823ded000-7f8823dee000 rw-p 00008000 08:05 269204                     /usr/lib/jvm/java-8-openjdk/jre/lib/amd64/libzip.so
7f8823dee000-7f8823df9000 r-xp 00000000 08:05 1048579                    /usr/lib/libnss_files-2.25.so
7f8823df9000-7f8823ff8000 ---p 0000b000 08:05 1048579                    /usr/lib/libnss_files-2.25.so
7f8823ff8000-7f8823ff9000 r--p 0000a000 08:05 1048579                    /usr/lib/libnss_files-2.25.so
7f8823ff9000-7f8823ffa000 rw-p 0000b000 08:05 1048579                    /usr/lib/libnss_files-2.25.so
7f8823ffa000-7f8824000000 rw-p 00000000 00:00 0 
7f8824000000-7f8824181000 rw-p 00000000 00:00 0 
7f8824181000-7f8828000000 ---p 00000000 00:00 0 
7f8828010000-7f88280f4000 rw-p 00000000 00:00 0 
7f88280f4000-7f88280ff000 r-xp 00000000 08:05 1048577                    /usr/lib/libnss_nis-2.25.so
7f88280ff000-7f88282fe000 ---p 0000b000 08:05 1048577                    /usr/lib/libnss_nis-2.25.so
7f88282fe000-7f88282ff000 r--p 0000a000 08:05 1048577                    /usr/lib/libnss_nis-2.25.so
7f88282ff000-7f8828300000 rw-p 0000b000 08:05 1048577                    /usr/lib/libnss_nis-2.25.so
7f8828300000-7f8828315000 r-xp 00000000 08:05 1048573                    /usr/lib/libnsl-2.25.so
7f8828315000-7f8828514000 ---p 00015000 08:05 1048573                    /usr/lib/libnsl-2.25.so
7f8828514000-7f8828515000 r--p 00014000 08:05 1048573                    /usr/lib/libnsl-2.25.so
7f8828515000-7f8828516000 rw-p 00015000 08:05 1048573                    /usr/lib/libnsl-2.25.so
7f8828516000-7f8828518000 rw-p 00000000 00:00 0 
7f8828518000-7f882851f000 r-xp 00000000 08:05 1048620                    /usr/lib/libnss_compat-2.25.so
7f882851f000-7f882871e000 ---p 00007000 08:05 1048620                    /usr/lib/libnss_compat-2.25.so
7f882871e000-7f882871f000 r--p 00006000 08:05 1048620                    /usr/lib/libnss_compat-2.25.so
7f882871f000-7f8828720000 rw-p 00007000 08:05 1048620                    /usr/lib/libnss_compat-2.25.so
7f8828720000-7f882874d000 r-xp 00000000 08:05 269200                     /usr/lib/jvm/java-8-openjdk/jre/lib/amd64/libjava.so
7f882874d000-7f882894c000 ---p 0002d000 08:05 269200                     /usr/lib/jvm/java-8-openjdk/jre/lib/amd64/libjava.so
7f882894c000-7f882894d000 r--p 0002c000 08:05 269200                     /usr/lib/jvm/java-8-openjdk/jre/lib/amd64/libjava.so
7f882894d000-7f882894f000 rw-p 0002d000 08:05 269200                     /usr/lib/jvm/java-8-openjdk/jre/lib/amd64/libjava.so
7f882894f000-7f882895c000 r-xp 00000000 08:05 267046                     /usr/lib/jvm/java-8-openjdk/jre/lib/amd64/libverify.so
7f882895c000-7f8828b5b000 ---p 0000d000 08:05 267046                     /usr/lib/jvm/java-8-openjdk/jre/lib/amd64/libverify.so
7f8828b5b000-7f8828b5d000 r--p 0000c000 08:05 267046                     /usr/lib/jvm/java-8-openjdk/jre/lib/amd64/libverify.so
7f8828b5d000-7f8828b5e000 rw-p 0000e000 08:05 267046                     /usr/lib/jvm/java-8-openjdk/jre/lib/amd64/libverify.so
7f8828b5e000-7f8828b65000 r-xp 00000000 08:05 1048571                    /usr/lib/librt-2.25.so
7f8828b65000-7f8828d64000 ---p 00007000 08:05 1048571                    /usr/lib/librt-2.25.so
7f8828d64000-7f8828d65000 r--p 00006000 08:05 1048571                    /usr/lib/librt-2.25.so
7f8828d65000-7f8828d66000 rw-p 00007000 08:05 1048571                    /usr/lib/librt-2.25.so
7f8828d66000-7f8828e78000 r-xp 00000000 08:05 1048574                    /usr/lib/libm-2.25.so
7f8828e78000-7f8829077000 ---p 00112000 08:05 1048574                    /usr/lib/libm-2.25.so
7f8829077000-7f8829078000 r--p 00111000 08:05 1048574                    /usr/lib/libm-2.25.so
7f8829078000-7f8829079000 rw-p 00112000 08:05 1048574                    /usr/lib/libm-2.25.so
7f8829079000-7f8829ca4000 r-xp 00000000 08:05 269209                     /usr/lib/jvm/java-8-openjdk/jre/lib/amd64/server/libjvm.so
7f8829ca4000-7f8829ea3000 ---p 00c2b000 08:05 269209                     /usr/lib/jvm/java-8-openjdk/jre/lib/amd64/server/libjvm.so
7f8829ea3000-7f8829f37000 r--p 00c2a000 08:05 269209                     /usr/lib/jvm/java-8-openjdk/jre/lib/amd64/server/libjvm.so
7f8829f37000-7f8829f60000 rw-p 00cbe000 08:05 269209                     /usr/lib/jvm/java-8-openjdk/jre/lib/amd64/server/libjvm.so
7f8829f60000-7f8829f90000 rw-p 00000000 00:00 0 
7f8829f90000-7f882a12b000 r-xp 00000000 08:05 1048697                    /usr/lib/libc-2.25.so
7f882a12b000-7f882a32a000 ---p 0019b000 08:05 1048697                    /usr/lib/libc-2.25.so
7f882a32a000-7f882a32e000 r--p 0019a000 08:05 1048697                    /usr/lib/libc-2.25.so
7f882a32e000-7f882a330000 rw-p 0019e000 08:05 1048697                    /usr/lib/libc-2.25.so
7f882a330000-7f882a334000 rw-p 00000000 00:00 0 
7f882a334000-7f882a337000 r-xp 00000000 08:05 1048575                    /usr/lib/libdl-2.25.so
7f882a337000-7f882a536000 ---p 00003000 08:05 1048575                    /usr/lib/libdl-2.25.so
7f882a536000-7f882a537000 r--p 00002000 08:05 1048575                    /usr/lib/libdl-2.25.so
7f882a537000-7f882a538000 rw-p 00003000 08:05 1048575                    /usr/lib/libdl-2.25.so
7f882a538000-7f882a545000 r-xp 00000000 08:05 269212                     /usr/lib/jvm/java-8-openjdk/jre/lib/amd64/jli/libjli.so
7f882a545000-7f882a744000 ---p 0000d000 08:05 269212                     /usr/lib/jvm/java-8-openjdk/jre/lib/amd64/jli/libjli.so
7f882a744000-7f882a745000 r--p 0000c000 08:05 269212                     /usr/lib/jvm/java-8-openjdk/jre/lib/amd64/jli/libjli.so
7f882a745000-7f882a746000 rw-p 0000d000 08:05 269212                     /usr/lib/jvm/java-8-openjdk/jre/lib/amd64/jli/libjli.so
7f882a746000-7f882a75c000 r-xp 00000000 08:05 1057422                    /usr/lib/libz.so.1.2.11
7f882a75c000-7f882a95b000 ---p 00016000 08:05 1057422                    /usr/lib/libz.so.1.2.11
7f882a95b000-7f882a95c000 r--p 00015000 08:05 1057422                    /usr/lib/libz.so.1.2.11
7f882a95c000-7f882a95d000 rw-p 00016000 08:05 1057422                    /usr/lib/libz.so.1.2.11
7f882a95d000-7f882a976000 r-xp 00000000 08:05 1048716                    /usr/lib/libpthread-2.25.so
7f882a976000-7f882ab75000 ---p 00019000 08:05 1048716                    /usr/lib/libpthread-2.25.so
7f882ab75000-7f882ab76000 r--p 00018000 08:05 1048716                    /usr/lib/libpthread-2.25.so
7f882ab76000-7f882ab77000 rw-p 00019000 08:05 1048716                    /usr/lib/libpthread-2.25.so
7f882ab77000-7f882ab7b000 rw-p 00000000 00:00 0 
7f882ab7b000-7f882ab9e000 r-xp 00000000 08:05 1048698                    /usr/lib/ld-2.25.so
7f882abbc000-7f882ac60000 rw-p 00000000 00:00 0 
7f882ac60000-7f882ac63000 ---p 00000000 00:00 0 
7f882ac63000-7f882ad63000 rw-p 00000000 00:00 0 
7f882ad6c000-7f882ad6f000 r--s 0001e000 08:05 963163                     /home/bhagat/AndroidStudioProjects/Finalyear/app/build/intermediates/exploded-aar/com.android.support/support-fragment/24.2.1/jars/classes.jar
7f882ad6f000-7f882ad7d000 r--s 000e0000 08:05 808968                     /home/bhagat/Android/Sdk/build-tools/24.0.0-preview/lib/dx.jar
7f882ad7d000-7f882ad91000 rw-p 00000000 00:00 0 
7f882ad91000-7f882ad99000 rw-s 00000000 00:22 1183756                    /tmp/hsperfdata_bhagat/3565
7f882ad99000-7f882ad9a000 rw-p 00000000 00:00 0 
7f882ad9a000-7f882ad9b000 ---p 00000000 00:00 0 
7f882ad9b000-7f882ad9d000 rw-p 00000000 00:00 0 
7f882ad9d000-7f882ad9e000 r--p 00022000 08:05 1048698                    /usr/lib/ld-2.25.so
7f882ad9e000-7f882ad9f000 rw-p 00023000 08:05 1048698                    /usr/lib/ld-2.25.so
7f882ad9f000-7f882ada0000 rw-p 00000000 00:00 0 
7ffee6c2e000-7ffee6c4f000 rw-p 00000000 00:00 0                          [stack]
7ffee6dc3000-7ffee6dc5000 r--p 00000000 00:00 0                          [vvar]
7ffee6dc5000-7ffee6dc7000 r-xp 00000000 00:00 0                          [vdso]
ffffffffff600000-ffffffffff601000 r-xp 00000000 00:00 0                  [vsyscall]

VM Arguments:
jvm_args: -Djava.awt.headless=true -Xmx1024M -Dfile.encoding=UTF-8 -Duser.country=US -Duser.language=en -Duser.variant 
java_command: com.android.dx.command.Main --dex --force-jumbo --num-threads=4 --multi-dex --output /home/bhagat/AndroidStudioProjects/Finalyear/app/build/intermediates/transforms/dex/debug/folders/1000/10/com.android.support-support-fragment-24.2.1_7313e7aa6e1abbdc4a4d9c331084751a373d1a17 /home/bhagat/AndroidStudioProjects/Finalyear/app/build/intermediates/exploded-aar/com.android.support/support-fragment/24.2.1/jars/classes.jar
java_class_path (initial): /home/bhagat/Android/Sdk/build-tools/24.0.0-preview/lib/dx.jar
Launcher Type: SUN_STANDARD

Environment Variables:
PATH=/usr/local/sbin:/usr/local/bin:/usr/bin:/opt/android-sdk/platform-tools:/opt/android-sdk/tools:/usr/lib/jvm/default/bin:/usr/bin/site_perl:/usr/bin/vendor_perl:/usr/bin/core_perl
USERNAME=bhagat
LD_LIBRARY_PATH=/opt/android-studio/bin:
SHELL=/bin/zsh
DISPLAY=:0.0

Signal Handlers:
SIGSEGV: [libjvm.so+0xa2d880], sa_mask[0]=11111111011111111101111111111110, sa_flags=SA_RESTART|SA_SIGINFO
SIGBUS: [libjvm.so+0xa2d880], sa_mask[0]=11111111011111111101111111111110, sa_flags=SA_RESTART|SA_SIGINFO
SIGFPE: [libjvm.so+0x881d40], sa_mask[0]=11111111011111111101111111111110, sa_flags=SA_RESTART|SA_SIGINFO
SIGPIPE: [libjvm.so+0x881d40], sa_mask[0]=11111111011111111101111111111110, sa_flags=SA_RESTART|SA_SIGINFO
SIGXFSZ: [libjvm.so+0x881d40], sa_mask[0]=11111111011111111101111111111110, sa_flags=SA_RESTART|SA_SIGINFO
SIGILL: [libjvm.so+0x881d40], sa_mask[0]=11111111011111111101111111111110, sa_flags=SA_RESTART|SA_SIGINFO
SIGUSR1: SIG_DFL, sa_mask[0]=00000000000000000000000000000000, sa_flags=none
SIGUSR2: [libjvm.so+0x881c10], sa_mask[0]=00100000000000000000000000000000, sa_flags=SA_RESTART|SA_SIGINFO
SIGHUP: [libjvm.so+0x882080], sa_mask[0]=11111111011111111101111111111110, sa_flags=SA_RESTART|SA_SIGINFO
SIGINT: [libjvm.so+0x882080], sa_mask[0]=11111111011111111101111111111110, sa_flags=SA_RESTART|SA_SIGINFO
SIGTERM: [libjvm.so+0x882080], sa_mask[0]=11111111011111111101111111111110, sa_flags=SA_RESTART|SA_SIGINFO
SIGQUIT: [libjvm.so+0x882080], sa_mask[0]=11111111011111111101111111111110, sa_flags=SA_RESTART|SA_SIGINFO


---------------  S Y S T E M  ---------------

OS:NAME="Arch Linux"
PRETTY_NAME="Arch Linux"
ID=arch
ID_LIKE=archlinux
ANSI_COLOR="0;36"
HOME_URL="https://www.archlinux.org/"
SUPPORT_URL="https://bbs.archlinux.org/"
BUG_REPORT_URL="https://bugs.archlinux.org/"


uname:Linux 4.7.2-1-ARCH #1 SMP PREEMPT Sat Aug 20 23:02:56 CEST 2016 x86_64
libc:glibc 2.25 NPTL 2.25 
rlimit: STACK 8192k, CORE infinity, NPROC 15461, NOFILE 4096, AS infinity
load average:7.26 2.19 1.65

/proc/meminfo:
MemTotal:        3965584 kB
MemFree:          669908 kB
MemAvailable:     579036 kB
Buffers:            1908 kB
Cached:           198328 kB
SwapCached:            0 kB
Active:          2913288 kB
Inactive:         187528 kB
Active(anon):    2906280 kB
Inactive(anon):   159372 kB
Active(file):       7008 kB
Inactive(file):    28156 kB
Unevictable:           0 kB
Mlocked:               0 kB
SwapTotal:             0 kB
SwapFree:              0 kB
Dirty:              2844 kB
Writeback:          1700 kB
AnonPages:       2900672 kB
Mapped:           102192 kB
Shmem:            164980 kB
Slab:              70160 kB
SReclaimable:      28260 kB
SUnreclaim:        41900 kB
KernelStack:        9792 kB
PageTables:        35916 kB
NFS_Unstable:          0 kB
Bounce:                0 kB
WritebackTmp:          0 kB
CommitLimit:     1982792 kB
Committed_AS:    6242624 kB
VmallocTotal:   34359738367 kB
VmallocUsed:           0 kB
VmallocChunk:          0 kB
HardwareCorrupted:     0 kB
AnonHugePages:   1480704 kB
HugePages_Total:       0
HugePages_Free:        0
HugePages_Rsvd:        0
HugePages_Surp:        0
Hugepagesize:       2048 kB
DirectMap4k:      226048 kB
DirectMap2M:     3883008 kB
DirectMap1G:     1048576 kB


CPU:total 4 (2 cores per cpu, 2 threads per core) family 6 model 60 stepping 3, cmov, cx8, fxsr, mmx, sse, sse2, sse3, ssse3, sse4.1, sse4.2, popcnt, avx, avx2, aes, clmul, erms, lzcnt, ht, tsc, tscinvbit, bmi1, bmi2

/proc/cpuinfo:
processor	: 0
vendor_id	: GenuineIntel
cpu family	: 6
model		: 60
model name	: Intel(R) Core(TM) i5-4200M CPU @ 2.50GHz
stepping	: 3
microcode	: 0x12
cpu MHz		: 2999.877
cache size	: 3072 KB
physical id	: 0
siblings	: 4
core id		: 0
cpu cores	: 2
apicid		: 0
initial apicid	: 0
fpu		: yes
fpu_exception	: yes
cpuid level	: 13
wp		: yes
flags		: fpu vme de pse tsc msr pae mce cx8 apic sep mtrr pge mca cmov pat pse36 clflush dts acpi mmx fxsr sse sse2 ss ht tm pbe syscall nx pdpe1gb rdtscp lm constant_tsc arch_perfmon pebs bts rep_good nopl xtopology nonstop_tsc aperfmperf eagerfpu pni pclmulqdq dtes64 monitor ds_cpl vmx est tm2 ssse3 sdbg fma cx16 xtpr pdcm pcid sse4_1 sse4_2 movbe popcnt tsc_deadline_timer aes xsave avx f16c rdrand lahf_lm abm epb tpr_shadow vnmi flexpriority ept vpid fsgsbase tsc_adjust bmi1 avx2 smep bmi2 erms invpcid xsaveopt dtherm ida arat pln pts
bugs		:
bogomips	: 4990.71
clflush size	: 64
cache_alignment	: 64
address sizes	: 39 bits physical, 48 bits virtual
power management:

processor	: 1
vendor_id	: GenuineIntel
cpu family	: 6
model		: 60
model name	: Intel(R) Core(TM) i5-4200M CPU @ 2.50GHz
stepping	: 3
microcode	: 0x12
cpu MHz		: 2999.877
cache size	: 3072 KB
physical id	: 0
siblings	: 4
core id		: 0
cpu cores	: 2
apicid		: 1
initial apicid	: 1
fpu		: yes
fpu_exception	: yes
cpuid level	: 13
wp		: yes
flags		: fpu vme de pse tsc msr pae mce cx8 apic sep mtrr pge mca cmov pat pse36 clflush dts acpi mmx fxsr sse sse2 ss ht tm pbe syscall nx pdpe1gb rdtscp lm constant_tsc arch_perfmon pebs bts rep_good nopl xtopology nonstop_tsc aperfmperf eagerfpu pni pclmulqdq dtes64 monitor ds_cpl vmx est tm2 ssse3 sdbg fma cx16 xtpr pdcm pcid sse4_1 sse4_2 movbe popcnt tsc_deadline_timer aes xsave avx f16c rdrand lahf_lm abm epb tpr_shadow vnmi flexpriority ept vpid fsgsbase tsc_adjust bmi1 avx2 smep bmi2 erms invpcid xsaveopt dtherm ida arat pln pts
bugs		:
bogomips	: 4992.37
clflush size	: 64
cache_alignment	: 64
address sizes	: 39 bits physical, 48 bits virtual
power management:

processor	: 2
vendor_id	: GenuineIntel
cpu family	: 6
model		: 60
model name	: Intel(R) Core(TM) i5-4200M CPU @ 2.50GHz
stepping	: 3
microcode	: 0x12
cpu MHz		: 2999.877
cache size	: 3072 KB
physical id	: 0
siblings	: 4
core id		: 1
cpu cores	: 2
apicid		: 2
initial apicid	: 2
fpu		: yes
fpu_exception	: yes
cpuid level	: 13
wp		: yes
flags		: fpu vme de pse tsc msr pae mce cx8 apic sep mtrr pge mca cmov pat pse36 clflush dts acpi mmx fxsr sse sse2 ss ht tm pbe syscall nx pdpe1gb rdtscp lm constant_tsc arch_perfmon pebs bts rep_good nopl xtopology nonstop_tsc aperfmperf eagerfpu pni pclmulqdq dtes64 monitor ds_cpl vmx est tm2 ssse3 sdbg fma cx16 xtpr pdcm pcid sse4_1 sse4_2 movbe popcnt tsc_deadline_timer aes xsave avx f16c rdrand lahf_lm abm epb tpr_shadow vnmi flexpriority ept vpid fsgsbase tsc_adjust bmi1 avx2 smep bmi2 erms invpcid xsaveopt dtherm ida arat pln pts
bugs		:
bogomips	: 4991.83
clflush size	: 64
cache_alignment	: 64
address sizes	: 39 bits physical, 48 bits virtual
power management:

processor	: 3
vendor_id	: GenuineIntel
cpu family	: 6
model		: 60
model name	: Intel(R) Core(TM) i5-4200M CPU @ 2.50GHz
stepping	: 3
microcode	: 0x12
cpu MHz		: 2999.877
cache size	: 3072 KB
physical id	: 0
siblings	: 4
core id		: 1
cpu cores	: 2
apicid		: 3
initial apicid	: 3
fpu		: yes
fpu_exception	: yes
cpuid level	: 13
wp		: yes
flags		: fpu vme de pse tsc msr pae mce cx8 apic sep mtrr pge mca cmov pat pse36 clflush dts acpi mmx fxsr sse sse2 ss ht tm pbe syscall nx pdpe1gb rdtscp lm constant_tsc arch_perfmon pebs bts rep_good nopl xtopology nonstop_tsc aperfmperf eagerfpu pni pclmulqdq dtes64 monitor ds_cpl vmx est tm2 ssse3 sdbg fma cx16 xtpr pdcm pcid sse4_1 sse4_2 movbe popcnt tsc_deadline_timer aes xsave avx f16c rdrand lahf_lm abm epb tpr_shadow vnmi flexpriority ept vpid fsgsbase tsc_adjust bmi1 avx2 smep bmi2 erms invpcid xsaveopt dtherm ida arat pln pts
bugs		:
bogomips	: 4991.88
clflush size	: 64
cache_alignment	: 64
address sizes	: 39 bits physical, 48 bits virtual
power management:



Memory: 4k page, physical 3965584k(669908k free), swap 0k(0k free)

vm_info: OpenJDK 64-Bit Server VM (25.121-b13) for linux-amd64 JRE (1.8.0_121-b13), built on Jan 22 2017 09:22:31 by "builduser" with gcc 6.3.1 20170109

time: Wed Apr  5 00:40:38 2017
elapsed time: 17 seconds (0d 0h 0m 17s)

